def db_session line 1095
def db_session(test_engine) -> Generator[Session, None, None]:
      connection = test_engine.connect()
      transaction = connection.begin()
      TestingSessionLocal = sessionmaker(bind=connection, expire_on_commit=False)
      session = TestingSessionLocal()
      try:
          yield session
      finally:
          session.close()
          if transaction.is_active:
              transaction.rollback()
          connection.close()
---
def db( line 1109
def db(db_session: Session):
      yield db_session
---
def client line 1236
def client(db_session: Session, monkeypatch: pytest.MonkeyPatch) -> AsyncTestClient:
      async def _override_get_db():
          return db_session
---
def auth_headers line 1611
def auth_headers(test_user):
      from app.main import app
      from app.middleware.csrf import get_csrf_token
---
def create_test_user line 1459
def create_test_user(db_session, email="test@example.com", role=UserRole.DOCTOR, **kwargs):
      # Check if user already exists
      existing = db_session.query(User).filter(User.email == email).first()
      if existing:
          return existing
---
def create_test_patient line 1558
def create_test_patient(db_session, doctor, name="Test Patient", **kwargs):
      patient = Patient(
          id=kwargs.get('id', uuid4()),
          name=name,
          doctor_id=doctor.id,
          birth_date=kwargs.get('birth_date')
      )
      if 'cpf' in kwargs: patient.set_cpf(kwargs['cpf'])
      if 'email' in kwargs: patient.set_email(kwargs['email'])
      if 'phone' in kwargs: patient.set_phone(kwargs['phone'])
      
      db_session.add(patient)
      db_session.commit()
      return patient
---
