backend-hormonia/tests/conftest.py
  1611 def auth_headers(test_user):
backend-hormonia/tests/conftest_additions.py
  187 def auth_headers(auth_token):
backend-hormonia/tests/api/test_api_contracts.py
  109 def auth_headers(admin_user, admin_token):
backend-hormonia/tests/api/v2/conftest.py
  362 def auth_headers_admin(test_admin_user: User) -> dict:
  417 def auth_headers_doctor(test_doctor_user: User) -> dict:
  447             session_id=f"doctor-session-{test_doctor_user.id}",
  458         "X-Session-ID": f"doctor-session-{test_doctor_user.id}",
  459         "Authorization": f"Bearer doctor-token-{test_doctor_user.id}",
  472 def auth_headers(auth_headers_doctor):
  478 def auth_headers_patient(test_patient: Patient) -> dict:
  585 def auth_headers_physician(auth_headers_doctor):
backend-hormonia/tests/api/v2/test_ai.py
  76 def auth_headers(auth_headers_doctor):
backend-hormonia/tests/api/v2/test_edge_cases.py
  55         headers = {"X-Session-ID": "doctor-session"}
  100         headers = {"X-Session-ID": "doctor-session"}
  140         headers = {"X-Session-ID": "doctor-session"}
  195         headers = {"X-Session-ID": "doctor-session"}
  271         headers = {"X-Session-ID": "doctor-session"}
  340         headers = {"X-Session-ID": "doctor-session"}
  399         headers = {"X-Session-ID": "doctor-session"}
  454         headers = {"X-Session-ID": "doctor-session"}
  509         headers = {"X-Session-ID": "doctor-session"}
  572         headers = {"X-Session-ID": "doctor-session"}
backend-hormonia/tests/api/v2/test_performance_routes.py
  67         headers = {"X-Session-ID": "doctor-session"}
backend-hormonia/tests/api/v2/test_route_validation.py
  417         headers = {"X-Session-ID": "doctor-session"}
  456         headers = {"X-Session-ID": "doctor-session"}
  520         headers = {"X-Session-ID": "doctor-session"}
  564             headers = {"X-Session-ID": "doctor-session"}
  620             headers = {"X-Session-ID": "doctor-session"}
  680         headers = {"X-Session-ID": "doctor-session"}
  724         headers = {"X-Session-ID": "doctor-session"}
backend-hormonia/tests/integration/whatsapp/test_whatsapp_management_auth.py
  88         request.state.user_id = "doctor-session-user"
  91             "id": "doctor-session-user",
