ROUTER REGISTRATION
backend-hormonia/app/api/v2/router.py:16:from .routers.quiz_sessions import router as quiz_router
backend-hormonia/app/api/v2/router.py:28:from .routers.enhanced_quiz import router as enhanced_quiz_router
backend-hormonia/app/api/v2/router.py:32:from .routers.quiz_templates import router as quiz_templates_router
backend-hormonia/app/api/v2/router.py:48:from .routers.quiz_responses import router as quiz_responses_router
backend-hormonia/app/api/v2/router.py:49:from .routers.quiz_alerts import router as quiz_alerts_router
backend-hormonia/app/api/v2/router.py:50:from .routers.monthly_quiz_management import router as monthly_quiz_management_router
backend-hormonia/app/api/v2/router.py:51:from .routers.monthly_quiz_operations import router as monthly_quiz_operations_router
backend-hormonia/app/api/v2/router.py:79:api_v2_router.include_router(quiz_router, prefix="/quiz", tags=["quiz-v2"])
backend-hormonia/app/api/v2/router.py:138:    enhanced_quiz_router, prefix="/enhanced-quiz", tags=["enhanced-quiz-v2"]
backend-hormonia/app/api/v2/router.py:150:    quiz_templates_router, prefix="/templates", tags=["quiz-templates-v2"]
backend-hormonia/app/api/v2/router.py:194:    quiz_responses_router, prefix="/quiz-extensions", tags=["quiz-responses-v2"]
backend-hormonia/app/api/v2/router.py:197:    quiz_alerts_router, prefix="/quiz-extensions", tags=["quiz-alerts-v2"]
backend-hormonia/app/api/v2/router.py:200:    monthly_quiz_management_router, prefix="/quiz-extensions", tags=["monthly-quiz-v2"]
backend-hormonia/app/api/v2/router.py:203:    monthly_quiz_operations_router,
backend-hormonia/app/tasks/__init__.py:25:    process_monthly_quizzes,
backend-hormonia/app/tasks/__init__.py:26:    generate_quiz_report,
backend-hormonia/app/tasks/__init__.py:34:    cleanup_expired_quiz_links,
backend-hormonia/app/tasks/__init__.py:82:from .quiz_flow_taskiq import (
backend-hormonia/app/tasks/__init__.py:83:    send_quiz_question,
backend-hormonia/app/tasks/__init__.py:84:    send_quiz_progress_update,
backend-hormonia/app/tasks/__init__.py:85:    process_quiz_response,
backend-hormonia/app/tasks/__init__.py:86:    check_quiz_triggers,
backend-hormonia/app/tasks/__init__.py:87:    send_quiz_link_reminder,
backend-hormonia/app/tasks/__init__.py:88:    monitor_quiz_links,
backend-hormonia/app/tasks/__init__.py:89:    cleanup_expired_quiz_sessions,
backend-hormonia/app/tasks/__init__.py:93:from .quiz_link_taskiq import (
backend-hormonia/app/tasks/__init__.py:99:    send_quiz_reminder,
backend-hormonia/app/tasks/__init__.py:145:    "process_monthly_quizzes",
backend-hormonia/app/tasks/__init__.py:146:    "generate_quiz_report",
backend-hormonia/app/tasks/__init__.py:154:    "cleanup_expired_quiz_links",
backend-hormonia/app/tasks/__init__.py:185:    "send_quiz_question",
backend-hormonia/app/tasks/__init__.py:186:    "send_quiz_progress_update",
backend-hormonia/app/tasks/__init__.py:187:    "process_quiz_response",
backend-hormonia/app/tasks/__init__.py:188:    "check_quiz_triggers",
backend-hormonia/app/tasks/__init__.py:189:    "send_quiz_link_reminder",
backend-hormonia/app/tasks/__init__.py:190:    "monitor_quiz_links",
backend-hormonia/app/tasks/__init__.py:191:    "cleanup_expired_quiz_sessions",
backend-hormonia/app/tasks/__init__.py:198:    "send_quiz_reminder",
backend-hormonia/app/monitoring/sentry_config.py:236:def monitor_quiz_session(session_id: str, user_id: str, quiz_type: str) -> None:
backend-hormonia/app/monitoring/sentry_config.py:239:        scope.set_tag("quiz_session", session_id)
backend-hormonia/app/monitoring/sentry_config.py:240:        scope.set_tag("quiz_type", quiz_type)
backend-hormonia/app/monitoring/sentry_config.py:242:            "quiz_context",
backend-hormonia/app/monitoring/sentry_config.py:246:                "quiz_type": quiz_type,
backend-hormonia/app/monitoring/prometheus_exporters.py:110:quiz_sessions_active = Gauge(
backend-hormonia/app/monitoring/prometheus_exporters.py:111:    "app_quiz_sessions_active", "Active quiz sessions", registry=registry
backend-hormonia/app/monitoring/prometheus_exporters.py:156:quiz_link_generated = Counter(
backend-hormonia/app/monitoring/prometheus_exporters.py:157:    "quiz_link_generated_total",
backend-hormonia/app/monitoring/prometheus_exporters.py:159:    ["delivery_method", "quiz_type"],
backend-hormonia/app/monitoring/prometheus_exporters.py:163:quiz_access_success = Counter(
backend-hormonia/app/monitoring/prometheus_exporters.py:164:    "quiz_access_success_total",
backend-hormonia/app/monitoring/prometheus_exporters.py:166:    ["quiz_type"],
backend-hormonia/app/monitoring/prometheus_exporters.py:170:quiz_access_failure = Counter(
backend-hormonia/app/monitoring/prometheus_exporters.py:171:    "quiz_access_failure_total",
backend-hormonia/app/monitoring/prometheus_exporters.py:177:quiz_submit_success = Counter(
backend-hormonia/app/monitoring/prometheus_exporters.py:178:    "quiz_submit_success_total",
backend-hormonia/app/monitoring/prometheus_exporters.py:180:    ["quiz_type", "is_encrypted"],
backend-hormonia/app/monitoring/prometheus_exporters.py:184:quiz_submit_failure = Counter(
backend-hormonia/app/monitoring/prometheus_exporters.py:185:    "quiz_submit_failure_total",
backend-hormonia/app/monitoring/prometheus_exporters.py:192:    "token_rotated_total", "Total token rotations", ["quiz_type"], registry=registry
backend-hormonia/app/monitoring/prometheus_exporters.py:202:quiz_completion_rate = Gauge(
backend-hormonia/app/monitoring/prometheus_exporters.py:203:    "quiz_completion_rate_percent",
backend-hormonia/app/monitoring/prometheus_exporters.py:205:    ["quiz_type", "month"],
backend-hormonia/app/monitoring/prometheus_exporters.py:212:    ["quiz_type", "month"],
backend-hormonia/app/monitoring/prometheus_exporters.py:338:        quiz_sessions_count: int = 0,
backend-hormonia/app/monitoring/prometheus_exporters.py:344:            quiz_sessions_active.set(quiz_sessions_count)
backend-hormonia/app/monitoring/prometheus_exporters.py:393:    def record_quiz_link_generated(delivery_method: str, quiz_type: str = "monthly"):
backend-hormonia/app/monitoring/prometheus_exporters.py:396:            quiz_link_generated.labels(
backend-hormonia/app/monitoring/prometheus_exporters.py:397:                delivery_method=delivery_method, quiz_type=quiz_type
backend-hormonia/app/monitoring/prometheus_exporters.py:403:    def record_quiz_access_success(quiz_type: str = "monthly"):
backend-hormonia/app/monitoring/prometheus_exporters.py:406:            quiz_access_success.labels(quiz_type=quiz_type).inc()
backend-hormonia/app/monitoring/prometheus_exporters.py:411:    def record_quiz_access_failure(reason: str):
backend-hormonia/app/monitoring/prometheus_exporters.py:414:            quiz_access_failure.labels(reason=reason).inc()
backend-hormonia/app/monitoring/prometheus_exporters.py:419:    def record_quiz_submit_success(
backend-hormonia/app/monitoring/prometheus_exporters.py:420:        quiz_type: str = "monthly", is_encrypted: bool = False
backend-hormonia/app/monitoring/prometheus_exporters.py:424:            quiz_submit_success.labels(
backend-hormonia/app/monitoring/prometheus_exporters.py:425:                quiz_type=quiz_type, is_encrypted=str(is_encrypted)
backend-hormonia/app/monitoring/prometheus_exporters.py:431:    def record_quiz_submit_failure(reason: str):
backend-hormonia/app/monitoring/prometheus_exporters.py:434:            quiz_submit_failure.labels(reason=reason).inc()
backend-hormonia/app/monitoring/prometheus_exporters.py:439:    def record_token_rotated(quiz_type: str = "monthly"):
backend-hormonia/app/monitoring/prometheus_exporters.py:442:            token_rotated.labels(quiz_type=quiz_type).inc()
backend-hormonia/app/monitoring/prometheus_exporters.py:455:    def update_quiz_completion_rate(
backend-hormonia/app/monitoring/prometheus_exporters.py:456:        rate: float, quiz_type: str = "monthly", month: str = None
backend-hormonia/app/monitoring/prometheus_exporters.py:464:            quiz_completion_rate.labels(quiz_type=quiz_type, month=month).set(rate)
backend-hormonia/app/monitoring/prometheus_exporters.py:470:        rate: float, quiz_type: str = "monthly", month: str = None
backend-hormonia/app/monitoring/prometheus_exporters.py:478:            token_expiry_rate.labels(quiz_type=quiz_type, month=month).set(rate)
backend-hormonia/app/schemas/websocket.py:46:    QUIZ_STARTED = "quiz_started"
backend-hormonia/app/schemas/websocket.py:47:    QUIZ_RESPONSE_SUBMITTED = "quiz_response_submitted"
backend-hormonia/app/schemas/websocket.py:48:    QUIZ_COMPLETED = "quiz_completed"
backend-hormonia/app/schemas/websocket.py:49:    QUIZ_ANALYTICS_UPDATED = "quiz_analytics_updated"
backend-hormonia/app/schemas/websocket.py:144:    quiz_id: Optional[UUID] = None
backend-hormonia/app/schemas/websocket.py:190:    flow_type: str  # onboarding, daily_follow_up, quiz_mensal
backend-hormonia/app/agents/patient/patient_monitor.py:277:                quiz_activity = last_quiz.started_at
backend-hormonia/app/agents/patient/patient_monitor.py:278:                if quiz_activity.tzinfo is None:
backend-hormonia/app/agents/patient/patient_monitor.py:279:                    quiz_activity = quiz_activity.replace(tzinfo=SAO_PAULO_TZ)
backend-hormonia/app/agents/patient/patient_monitor.py:280:                if quiz_activity > last_activity:
backend-hormonia/app/agents/patient/patient_monitor.py:281:                    last_activity = quiz_activity
backend-hormonia/app/monitoring/middleware.py:154:                    await self.business_metrics.record_quiz_completion(
backend-hormonia/app/monitoring/middleware.py:426:def monitor_quiz_completion(business_metrics: BusinessMetricsCollector):
backend-hormonia/app/infrastructure/cache/cache_manager.py:87:    "quiz_templates": CacheConfig(ttl=3600, key_prefix="quiz:templates"),  # 1 hour
backend-hormonia/app/domain/quizzes/__init__.py:27:    get_quiz_template_service,
backend-hormonia/app/domain/quizzes/__init__.py:53:    submit_quiz_response_with_rotation,
backend-hormonia/app/domain/quizzes/__init__.py:68:    "get_quiz_template_service",
backend-hormonia/app/domain/quizzes/__init__.py:84:    "submit_quiz_response_with_rotation",
backend-hormonia/app/monitoring/metrics.py:107:quiz_session_total = Counter("quiz_session_total", "Total quiz sessions", ["status"])
backend-hormonia/app/monitoring/metrics.py:109:quiz_response_total = Counter(
backend-hormonia/app/monitoring/metrics.py:110:    "quiz_response_total", "Total quiz responses", ["question_type"]
backend-hormonia/app/monitoring/business_metrics.py:32:    QUIZ_COMPLETION = "quiz_completion"
backend-hormonia/app/monitoring/business_metrics.py:35:    QUIZ_LINK_GENERATION = "quiz_link_generation"
backend-hormonia/app/monitoring/business_metrics.py:36:    QUIZ_ACCESS = "quiz_access"
backend-hormonia/app/monitoring/business_metrics.py:37:    QUIZ_SUBMISSION = "quiz_submission"
backend-hormonia/app/monitoring/business_metrics.py:309:    async def record_quiz_completion(
backend-hormonia/app/monitoring/business_metrics.py:312:        quiz_id: str,
backend-hormonia/app/monitoring/business_metrics.py:325:                    "quiz_id": quiz_id,
backend-hormonia/app/monitoring/business_metrics.py:334:    async def record_quiz_link_generated(
backend-hormonia/app/monitoring/business_metrics.py:337:        quiz_template_id: str,
backend-hormonia/app/monitoring/business_metrics.py:350:                    "quiz_template_id": quiz_template_id,
backend-hormonia/app/monitoring/business_metrics.py:360:        metrics_exporter.record_quiz_link_generated(delivery_method)
backend-hormonia/app/monitoring/business_metrics.py:362:    async def record_quiz_access_success(
backend-hormonia/app/monitoring/business_metrics.py:365:        quiz_session_id: str,
backend-hormonia/app/monitoring/business_metrics.py:378:                    "quiz_session_id": quiz_session_id,
backend-hormonia/app/monitoring/business_metrics.py:388:        metrics_exporter.record_quiz_access_success()
backend-hormonia/app/monitoring/business_metrics.py:390:    async def record_quiz_access_failure(
backend-hormonia/app/monitoring/business_metrics.py:410:        metrics_exporter.record_quiz_access_failure(reason)
backend-hormonia/app/monitoring/business_metrics.py:412:    async def record_quiz_submit_success(
backend-hormonia/app/monitoring/business_metrics.py:415:        quiz_session_id: str,
backend-hormonia/app/monitoring/business_metrics.py:428:                    "quiz_session_id": quiz_session_id,
backend-hormonia/app/monitoring/business_metrics.py:438:        metrics_exporter.record_quiz_submit_success(is_encrypted=is_encrypted)
backend-hormonia/app/monitoring/business_metrics.py:440:    async def record_quiz_submit_failure(
backend-hormonia/app/monitoring/business_metrics.py:441:        self, patient_id: str, quiz_session_id: str, question_id: str, reason: str
backend-hormonia/app/monitoring/business_metrics.py:451:                    "quiz_session_id": quiz_session_id,
backend-hormonia/app/monitoring/business_metrics.py:460:        metrics_exporter.record_quiz_submit_failure(reason)
backend-hormonia/app/monitoring/business_metrics.py:465:        quiz_session_id: str,
backend-hormonia/app/monitoring/business_metrics.py:478:                    "quiz_session_id": quiz_session_id,
backend-hormonia/app/monitoring/business_metrics.py:493:        quiz_session_id: str,
backend-hormonia/app/monitoring/business_metrics.py:505:                    "quiz_session_id": quiz_session_id,
backend-hormonia/app/tasks/quiz_link_taskiq.py:2:Taskiq quiz link tasks — async-native replacements for Celery quiz_link_tasks (M009-S04).
backend-hormonia/app/tasks/quiz_link_taskiq.py:7:  3. send_quiz_reminder          — on-demand with SmartRetryMiddleware (resilient delivery)
backend-hormonia/app/tasks/quiz_link_taskiq.py:16:  - async_to_sync(quiz_service.method)() → await quiz_service.method()
backend-hormonia/app/tasks/quiz_link_taskiq.py:38:from app.services.monthly_quiz_message_integration import MonthlyQuizMessageIntegration
backend-hormonia/app/tasks/quiz_link_taskiq.py:40:from app.tasks.helpers.quiz_link_helpers import (
backend-hormonia/app/tasks/quiz_link_taskiq.py:49:logger = logging.getLogger("app.tasks.quiz_link_taskiq")
backend-hormonia/app/tasks/quiz_link_taskiq.py:93:                        quiz_template_id=str(link_info["quiz_template_id"]),
backend-hormonia/app/tasks/quiz_link_taskiq.py:134:    session_id: str, patient_id: str, quiz_template_id: str
backend-hormonia/app/tasks/quiz_link_taskiq.py:141:        quiz_template_id: Quiz template UUID string.
backend-hormonia/app/tasks/quiz_link_taskiq.py:155:                quiz_template_id=UUID(quiz_template_id),
backend-hormonia/app/tasks/quiz_link_taskiq.py:161:                await send_quiz_reminder.kiq(
backend-hormonia/app/tasks/quiz_link_taskiq.py:172:                    quiz_template_id=quiz_template_id,
backend-hormonia/app/tasks/quiz_link_taskiq.py:197:# 3. send_quiz_reminder — on-demand with SmartRetryMiddleware
backend-hormonia/app/tasks/quiz_link_taskiq.py:205:async def send_quiz_reminder(
backend-hormonia/app/tasks/quiz_link_taskiq.py:227:        "send_quiz_reminder",
backend-hormonia/app/tasks/quiz_link_taskiq.py:250:            log_task_success("send_quiz_reminder", start_time, status="skipped_locked")
backend-hormonia/app/tasks/quiz_link_taskiq.py:270:                from app.services.quiz.quiz_service import MonthlyQuizService
backend-hormonia/app/tasks/quiz_link_taskiq.py:272:                quiz_service = MonthlyQuizService(db)
backend-hormonia/app/tasks/quiz_link_taskiq.py:273:                quiz_link = await quiz_service.get_quiz_link_status(UUID(session_id))
backend-hormonia/app/tasks/quiz_link_taskiq.py:274:                if quiz_link.status.value != "active" or not quiz_link.token:
backend-hormonia/app/tasks/quiz_link_taskiq.py:278:                token = quiz_link.token
backend-hormonia/app/tasks/quiz_link_taskiq.py:306:                            "send_quiz_reminder", start_time, status="duplicate_skipped"
backend-hormonia/app/tasks/quiz_link_taskiq.py:352:            result = message_integration.send_quiz_link_message(
backend-hormonia/app/tasks/quiz_link_taskiq.py:379:                "send_quiz_reminder",
backend-hormonia/app/tasks/quiz_link_taskiq.py:407:        log_task_error("send_quiz_reminder", exc, start_time, session_id=session_id)
backend-hormonia/app/tasks/quiz_link_taskiq.py:432:    session_id: str, patient_id: str, quiz_template_id: str
backend-hormonia/app/tasks/quiz_link_taskiq.py:439:        quiz_template_id: Quiz template UUID string.
backend-hormonia/app/tasks/quiz_link_taskiq.py:454:            result = flow_service.initiate_monthly_quiz_flow(
backend-hormonia/app/tasks/quiz_link_taskiq.py:456:                quiz_template_id=UUID(quiz_template_id),
backend-hormonia/app/tasks/quiz_link_taskiq.py:628:    "send_quiz_reminder",
backend-hormonia/app/monitoring/audit_logger.py:44:    QUIZ_RESPONSE = "quiz_response"
backend-hormonia/app/tasks/quiz_flow_taskiq.py:2:Taskiq quiz flow tasks — async-native replacements for Celery quiz_flow subpackage (M009-S04).
backend-hormonia/app/tasks/quiz_flow_taskiq.py:6:    1. cleanup_expired_quiz_sessions  — interval 7200s (periodic session cleanup)
backend-hormonia/app/tasks/quiz_flow_taskiq.py:8:    2. check_quiz_triggers            — on-demand (patient quiz trigger evaluation)
backend-hormonia/app/tasks/quiz_flow_taskiq.py:9:    3. send_quiz_link_reminder        — on-demand (reminder for pending quiz link)
backend-hormonia/app/tasks/quiz_flow_taskiq.py:10:    4. monitor_quiz_links             — on-demand (quiz link expiration monitoring)
backend-hormonia/app/tasks/quiz_flow_taskiq.py:12:    5. process_quiz_response          — on-demand (process patient quiz response)
backend-hormonia/app/tasks/quiz_flow_taskiq.py:13:    6. generate_quiz_report           — on-demand (generate report from quiz)
backend-hormonia/app/tasks/quiz_flow_taskiq.py:15:    7. send_quiz_question             — on-demand (deliver quiz question to patient)
backend-hormonia/app/tasks/quiz_flow_taskiq.py:16:    8. send_quiz_progress_update      — on-demand (send progress notification)
backend-hormonia/app/tasks/quiz_flow_taskiq.py:23:  - send_quiz_reminder.delay() → await send_quiz_reminder.kiq() from quiz_link_taskiq
backend-hormonia/app/tasks/quiz_flow_taskiq.py:24:  - send_quiz_link_reminder_task.delay() → await send_quiz_link_reminder.kiq() (self-dispatch)
backend-hormonia/app/tasks/quiz_flow_taskiq.py:29:  - quiz_link_taskiq.send_quiz_reminder — used by send_quiz_link_reminder
backend-hormonia/app/tasks/quiz_flow_taskiq.py:32:  - cleanup_expired_quiz_sessions: interval 7200s (every 2 hours)
backend-hormonia/app/tasks/quiz_flow_taskiq.py:45:from app.tasks.helpers.quiz_flow_helpers import (
backend-hormonia/app/tasks/quiz_flow_taskiq.py:47:    _notify_providers_of_quiz_completion,
backend-hormonia/app/tasks/quiz_flow_taskiq.py:55:logger = logging.getLogger("app.tasks.quiz_flow_taskiq")
backend-hormonia/app/tasks/quiz_flow_taskiq.py:59:# 1. cleanup_expired_quiz_sessions — periodic (interval 7200s)
backend-hormonia/app/tasks/quiz_flow_taskiq.py:68:async def cleanup_expired_quiz_sessions(max_age_hours: int = 48) -> dict[str, Any]:
backend-hormonia/app/tasks/quiz_flow_taskiq.py:80:    start_time = log_task_start("cleanup_expired_quiz_sessions", max_age_hours=max_age_hours)
backend-hormonia/app/tasks/quiz_flow_taskiq.py:171:                            quiz_session_id=session.id,  # type: ignore[arg-type]
backend-hormonia/app/tasks/quiz_flow_taskiq.py:215:                "cleanup_expired_quiz_sessions",
backend-hormonia/app/tasks/quiz_flow_taskiq.py:231:        log_task_error("cleanup_expired_quiz_sessions", exc, start_time)
backend-hormonia/app/tasks/quiz_flow_taskiq.py:249:            alert_type="quiz_expired",
backend-hormonia/app/tasks/quiz_flow_taskiq.py:258:                "quiz_session_id": str(session.id),
backend-hormonia/app/tasks/quiz_flow_taskiq.py:259:                "quiz_template_id": str(session.quiz_template_id),
backend-hormonia/app/tasks/quiz_flow_taskiq.py:279:def _resume_patient_flow_after_expiration(db, patient_id: UUID, quiz_session_id: UUID) -> bool:
backend-hormonia/app/tasks/quiz_flow_taskiq.py:297:                "quiz_expired": True,
backend-hormonia/app/tasks/quiz_flow_taskiq.py:298:                "expired_quiz_session_id": str(quiz_session_id),
backend-hormonia/app/tasks/quiz_flow_taskiq.py:316:# 2. check_quiz_triggers — on-demand
backend-hormonia/app/tasks/quiz_flow_taskiq.py:324:async def check_quiz_triggers(limit: int = 100) -> dict[str, Any]:
backend-hormonia/app/tasks/quiz_flow_taskiq.py:335:    start_time = log_task_start("check_quiz_triggers", limit=limit)
backend-hormonia/app/tasks/quiz_flow_taskiq.py:353:                flow_type="quiz_mensal", limit=limit
backend-hormonia/app/tasks/quiz_flow_taskiq.py:365:                    from app.domain.quizzes.quiz_trigger_policy import QuizTriggerPolicy
backend-hormonia/app/tasks/quiz_flow_taskiq.py:401:                    if not QuizTriggerPolicy.is_quiz_day(

PUBLIC/QUIZ LINKS/SUBMIT
backend-hormonia/app/models/quiz.py:103:    status = Column(
backend-hormonia/app/models/quiz.py:132:    # Note: alerts relationship removed since quiz_session_id is stored in Alert.data JSONB field
backend-hormonia/app/models/quiz.py:142:            "status IN ('started', 'completed', 'cancelled', 'expired')",
backend-hormonia/app/models/quiz.py:143:            name="ck_quiz_session_status_valid",
backend-hormonia/app/models/quiz.py:149:            "(status = 'completed' AND completed_at IS NOT NULL) OR (status != 'completed')",
backend-hormonia/app/models/quiz.py:155:        Index("idx_quiz_sessions_status_v2", "status"),
backend-hormonia/app/models/quiz.py:156:        Index("idx_quiz_sessions_patient_status_v2", "patient_id", "status"),
backend-hormonia/app/models/quiz.py:157:        Index("idx_quiz_sessions_template_status_v2", "quiz_template_id", "status"),
backend-hormonia/app/models/quiz.py:162:    @validates("status")
backend-hormonia/app/models/quiz.py:163:    def validate_status(self, key, status):
backend-hormonia/app/models/quiz.py:164:        # FIX: Match actual database status values
backend-hormonia/app/models/quiz.py:165:        valid_statuses = ["started", "completed", "cancelled", "expired"]
backend-hormonia/app/models/quiz.py:166:        if status not in valid_statuses:
backend-hormonia/app/models/quiz.py:167:            raise ValueError(f"Status must be one of: {valid_statuses}")
backend-hormonia/app/models/quiz.py:168:        return status
backend-hormonia/app/models/quiz.py:196:        """Compatibility flag mapping to status column."""
backend-hormonia/app/models/quiz.py:197:        return self.status == "completed"
backend-hormonia/app/models/quiz.py:202:            self.status = "completed"
backend-hormonia/app/models/quiz.py:203:        elif self.status == "completed":
backend-hormonia/app/models/quiz.py:204:            self.status = "started"
backend-hormonia/app/models/quiz.py:209:        if self.status == "expired":
backend-hormonia/app/models/quiz.py:238:    postgresql_where=QuizSession.status == "started",
backend-hormonia/app/models/quiz.py:258:    quiz_session_id = Column(
backend-hormonia/app/models/quiz.py:299:            "quiz_session_id",
backend-hormonia/app/models/quiz.py:321:        Index("idx_quiz_response_session_id", "quiz_session_id"),
backend-hormonia/app/services/error_recovery.py:367:            # Try to reconstruct from flow history
backend-hormonia/app/services/error_recovery.py:370:                return await self._reconstruct_flow_state_from_history(
backend-hormonia/app/services/error_recovery.py:391:            "status": "pending",
backend-hormonia/app/services/error_recovery.py:488:                "status": "requires_investigation",
backend-hormonia/app/services/conversation_memory.py:414:        Get patient's communication preferences based on pattern history.
backend-hormonia/app/services/circuit_breaker.py:5:``app.resilience.circuit_breaker``.  This module re-exports the public
backend-hormonia/app/tasks/__init__.py:4:This init re-exports the public task names so that ``from app.tasks import X``
backend-hormonia/app/tasks/__init__.py:34:    cleanup_expired_quiz_links,
backend-hormonia/app/tasks/__init__.py:87:    send_quiz_link_reminder,
backend-hormonia/app/tasks/__init__.py:88:    monitor_quiz_links,
backend-hormonia/app/tasks/__init__.py:92:# --- Quiz link tasks ---
backend-hormonia/app/tasks/__init__.py:93:from .quiz_link_taskiq import (
backend-hormonia/app/tasks/__init__.py:94:    check_expired_links,
backend-hormonia/app/tasks/__init__.py:98:    rotate_expired_token,
backend-hormonia/app/tasks/__init__.py:154:    "cleanup_expired_quiz_links",
backend-hormonia/app/tasks/__init__.py:189:    "send_quiz_link_reminder",
backend-hormonia/app/tasks/__init__.py:190:    "monitor_quiz_links",
backend-hormonia/app/tasks/__init__.py:192:    # Quiz link
backend-hormonia/app/tasks/__init__.py:193:    "check_expired_links",
backend-hormonia/app/tasks/__init__.py:197:    "rotate_expired_token",
backend-hormonia/app/services/enum_validation.py:116:    def validate_message_status(cls, value: Any) -> MessageStatus:
backend-hormonia/app/services/enum_validation.py:263:def validate_message_status(value: Any) -> MessageStatus:
backend-hormonia/app/services/enum_validation.py:264:    """Convenience function for message status validation."""
backend-hormonia/app/services/enum_validation.py:265:    return EnumValidationService.validate_message_status(value)
backend-hormonia/app/services/data_integrity_monitoring.py:66:    resolution_status: str = "open"  # open, resolved, ignored
backend-hormonia/app/services/data_integrity_monitoring.py:117:                "scan_status": "running",
backend-hormonia/app/services/data_integrity_monitoring.py:174:            scan_results["scan_status"] = "completed"
backend-hormonia/app/services/data_integrity_monitoring.py:185:            scan_results["scan_status"] = "failed"
backend-hormonia/app/services/data_integrity_monitoring.py:553:                "system_status": {
backend-hormonia/app/services/data_integrity_monitoring.py:555:                    "integrity_status": "healthy"
backend-hormonia/app/services/enhanced_quiz_service.py:192:        completed_sessions = sum(1 for s in sessions if s.status == "completed")
backend-hormonia/app/services/enhanced_quiz_service.py:229:                if session.status == "completed":
backend-hormonia/app/services/enhanced_quiz_service.py:325:        session_uuid = UUID(flow_request.session_id)
backend-hormonia/app/services/enhanced_quiz_service.py:331:            raise HTTPException(status_code=404, detail="Quiz session not found")
backend-hormonia/app/services/enhanced_quiz_service.py:339:                raise HTTPException(status_code=403, detail="Not authorized")
backend-hormonia/app/services/enhanced_quiz_service.py:346:            raise HTTPException(status_code=404, detail="Quiz template not found")
backend-hormonia/app/services/enhanced_quiz_service.py:351:            quiz_session_id=session.id,
backend-hormonia/app/services/enhanced_quiz_service.py:415:            session.status = "completed"
backend-hormonia/app/services/enhanced_quiz_service.py:447:            session_id=risk_request.session_id,
backend-hormonia/app/services/enhanced_quiz_service.py:462:            raise HTTPException(status_code=404, detail="Patient not found")
backend-hormonia/app/services/enhanced_quiz_service.py:464:            raise HTTPException(status_code=403, detail="Not authorized")
backend-hormonia/app/services/enhanced_quiz_service.py:471:                QuizSession.status == "completed",
backend-hormonia/app/services/enhanced_quiz_service.py:474:        if risk_request.session_id:
backend-hormonia/app/services/enhanced_quiz_service.py:475:            stmt = stmt.filter(QuizSession.id == UUID(risk_request.session_id))
backend-hormonia/app/services/enhanced_quiz_service.py:485:            raise HTTPException(status_code=404, detail="No sessions found")
backend-hormonia/app/services/enhanced_quiz_service.py:552:            raise HTTPException(status_code=404, detail="Patient not found")
backend-hormonia/app/services/enhanced_quiz_service.py:554:            raise HTTPException(status_code=403, detail="Not authorized")
backend-hormonia/app/services/enhanced_quiz_service.py:574:            str(s.quiz_template_id) for s in recent_sessions if s.status == "completed"
backend-hormonia/app/services/enhanced_quiz_service.py:665:        cur_comp = sum(1 for s in current_sessions if s.status == "completed")
backend-hormonia/app/services/enhanced_quiz_service.py:668:        prev_comp = sum(1 for s in previous_sessions if s.status == "completed")
backend-hormonia/app/services/enhanced_quiz_service.py:760:                    status_code=403,
backend-hormonia/app/services/enhanced_quiz_service.py:774:                    status_code=404, detail="Template not found/inactive"
backend-hormonia/app/services/enhanced_quiz_service.py:784:                                QuizSession.status == "started",
backend-hormonia/app/services/enhanced_quiz_service.py:794:                                status="started",
backend-hormonia/app/services/enhanced_quiz_service.py:846:            status="completed",
backend-hormonia/app/services/enhanced_quiz_service.py:889:            raise HTTPException(status_code=404, detail="No quiz data found")
backend-hormonia/app/services/enhanced_quiz_service.py:894:            status="processing",
backend-hormonia/app/services/audit/__init__.py:8:   Used for quiz-link management, AI activity logging, and compliance reports.
backend-hormonia/app/services/audit/__init__.py:19:    audit.log_link_created(...)
backend-hormonia/app/tasks/taskiq_base.py:21:            return {"status": "ok", "patient": patient.name}
backend-hormonia/app/services/automated_recovery_pkg/service.py:102:                    "status": "skipped",
backend-hormonia/app/services/automated_recovery_pkg/service.py:111:                    "status": "no_action_needed",
backend-hormonia/app/services/automated_recovery_pkg/service.py:131:                "status": "error",
backend-hormonia/app/services/encryption/__init__.py:14:- Fernet encryption (for quiz tokens)
backend-hormonia/app/tasks/smoke_test.py:38:        "status": "ok",
backend-hormonia/app/tasks/smoke_test.py:72:        "status": "ok",
backend-hormonia/app/tasks/smoke_test.py:88:        "status": "ok",
backend-hormonia/app/tasks/smoke_test.py:116:            "status": "ok",
backend-hormonia/app/services/dlq/service.py:272:        status=None,
backend-hormonia/app/services/dlq/service.py:282:            status: Filter by status
backend-hormonia/app/services/dlq/service.py:292:            status=status,
backend-hormonia/app/services/audit/reports.py:100:    def get_patient_ai_access_history(
backend-hormonia/app/services/audit/reports.py:103:        """Get AI access history for a patient (HIPAA compliance)."""
backend-hormonia/app/services/audit/reports.py:148:        logs = self.get_patient_ai_access_history(patient_id, limit=1000)
backend-hormonia/app/services/audit/reports.py:161:                    "result": log.event_status,
backend-hormonia/app/services/encryption/types.py:13:    FERNET = "fernet"  # Quiz tokens: Symmetric encryption
backend-hormonia/app/services/cache/specialized/__init__.py:15:    JWTCache: JWT token and session caching
backend-hormonia/app/services/cache/specialized/__init__.py:25:    >>> await jwt_cache.cache_token("user:123", token_data)
backend-hormonia/app/services/dlq/retry_handler.py:146:                failed_message.status = DLQStatus.MAX_RETRIES_EXCEEDED
backend-hormonia/app/services/dlq/retry_handler.py:157:        failed_message.status = DLQStatus.RETRY_SCHEDULED
backend-hormonia/app/services/dlq/retry_handler.py:178:        if failed_message.status != DLQStatus.RETRY_SCHEDULED:
backend-hormonia/app/services/dlq/retry_handler.py:206:        failed_message.status = DLQStatus.RETRYING
backend-hormonia/app/services/dlq/retry_handler.py:278:        failed_message.status = DLQStatus.RETRYING
backend-hormonia/app/services/dlq/retry_handler.py:315:        failed_message.status = DLQStatus.RESOLVED
backend-hormonia/app/services/dlq/retry_handler.py:339:                failed_message.status = DLQStatus.PENDING_REVIEW
backend-hormonia/app/services/dlq/retry_handler.py:342:                failed_message.status = DLQStatus.MAX_RETRIES_EXCEEDED
backend-hormonia/app/tasks/saga_retry_taskiq.py:106:        dict with status, message, saga_id, and retry details.
backend-hormonia/app/tasks/saga_retry_taskiq.py:128:                "retry_patient_onboarding_saga", start, saga_id=saga_id, status="not_found"
backend-hormonia/app/tasks/saga_retry_taskiq.py:130:            return {"status": "error", "message": "Saga not found", "saga_id": saga_id}
backend-hormonia/app/tasks/saga_retry_taskiq.py:133:        retryable_statuses = [
backend-hormonia/app/tasks/saga_retry_taskiq.py:138:        if saga.status not in retryable_statuses:
backend-hormonia/app/tasks/saga_retry_taskiq.py:139:            logger.info(f"Saga {saga_id} not retryable: {saga.status}")
backend-hormonia/app/tasks/saga_retry_taskiq.py:141:                "retry_patient_onboarding_saga", start, saga_id=saga_id, status="skipped"
backend-hormonia/app/tasks/saga_retry_taskiq.py:144:                "status": "skipped",
backend-hormonia/app/tasks/saga_retry_taskiq.py:145:                "message": f"Saga status is {saga.status}, not retryable",
backend-hormonia/app/tasks/saga_retry_taskiq.py:158:                status="max_retries_exceeded",
backend-hormonia/app/tasks/saga_retry_taskiq.py:161:                "status": "max_retries_exceeded",
backend-hormonia/app/tasks/saga_retry_taskiq.py:170:                "retry_patient_onboarding_saga", start, saga_id=saga_id, status="backoff"
backend-hormonia/app/tasks/saga_retry_taskiq.py:173:                "status": "backoff",
backend-hormonia/app/tasks/saga_retry_taskiq.py:179:        if saga.status == SagaStatus.RETRY_SCHEDULED:
backend-hormonia/app/tasks/saga_retry_taskiq.py:180:            saga.status = SagaStatus.FAILED
backend-hormonia/app/tasks/saga_retry_taskiq.py:193:                    "retry_patient_onboarding_saga", start, saga_id=saga_id, status="backoff"
backend-hormonia/app/tasks/saga_retry_taskiq.py:196:                    "status": "backoff",
backend-hormonia/app/tasks/saga_retry_taskiq.py:216:        if resume_result.status == "completed":
backend-hormonia/app/tasks/saga_retry_taskiq.py:227:                status="success",
backend-hormonia/app/tasks/saga_retry_taskiq.py:231:                "status": "success",
backend-hormonia/app/tasks/saga_retry_taskiq.py:244:                status="failed",
backend-hormonia/app/tasks/saga_retry_taskiq.py:249:                "status": "failed",
backend-hormonia/app/tasks/saga_retry_taskiq.py:270:                "status": "permanently_failed",
backend-hormonia/app/tasks/saga_retry_taskiq.py:304:    status that are eligible for retry, then dispatches
backend-hormonia/app/tasks/saga_retry_taskiq.py:324:                    PatientOnboardingSaga.status.in_(
backend-hormonia/app/tasks/saga_retry_taskiq.py:350:                "status": "success",
backend-hormonia/app/tasks/saga_retry_taskiq.py:369:                saga.status = SagaStatus.RETRY_SCHEDULED
backend-hormonia/app/tasks/saga_retry_taskiq.py:390:                saga.status = SagaStatus.FAILED
backend-hormonia/app/tasks/saga_retry_taskiq.py:408:            "status": "success",
backend-hormonia/app/tasks/saga_retry_taskiq.py:419:        return {"status": "error", "message": str(e)}
backend-hormonia/app/tasks/saga_retry_taskiq.py:441:    status COMPLETED and ``completed_at`` older than the configured
backend-hormonia/app/tasks/saga_retry_taskiq.py:448:        dict with deleted_count and status.
backend-hormonia/app/tasks/saga_retry_taskiq.py:464:                    PatientOnboardingSaga.status == SagaStatus.COMPLETED,
backend-hormonia/app/tasks/saga_retry_taskiq.py:477:                "status": "success",
backend-hormonia/app/tasks/saga_retry_taskiq.py:503:            "status": "success",
backend-hormonia/app/tasks/saga_retry_taskiq.py:513:        return {"status": "error", "message": str(e)}
backend-hormonia/app/services/automated_recovery_pkg/assessment.py:123:            "status": "completed",
backend-hormonia/app/services/audit/quiz_audit.py:23:    def log_link_created(
backend-hormonia/app/services/audit/quiz_audit.py:27:        session_id: UUID,
backend-hormonia/app/services/audit/quiz_audit.py:33:        """Log quiz link creation."""
backend-hormonia/app/services/audit/quiz_audit.py:35:            event_type="monthly_quiz_link_created",
backend-hormonia/app/services/audit/quiz_audit.py:40:            session_id=session_id,
backend-hormonia/app/services/audit/quiz_audit.py:52:    def log_link_accessed(
backend-hormonia/app/services/audit/quiz_audit.py:55:        session_id: UUID,
backend-hormonia/app/services/audit/quiz_audit.py:58:        token_prefix: str,
backend-hormonia/app/services/audit/quiz_audit.py:60:        """Log quiz link access."""
backend-hormonia/app/services/audit/quiz_audit.py:62:            event_type="monthly_quiz_link_accessed",
backend-hormonia/app/services/audit/quiz_audit.py:66:            session_id=session_id,
backend-hormonia/app/services/audit/quiz_audit.py:69:            event_data={"token_prefix": token_prefix},
backend-hormonia/app/services/audit/quiz_audit.py:75:    def log_response_submitted(
backend-hormonia/app/services/audit/quiz_audit.py:78:        session_id: UUID,
backend-hormonia/app/services/audit/quiz_audit.py:86:            event_type="monthly_quiz_response_submitted",
backend-hormonia/app/services/audit/quiz_audit.py:90:            session_id=session_id,
backend-hormonia/app/services/audit/quiz_audit.py:104:        token_prefix: Optional[str] = None,
backend-hormonia/app/services/audit/quiz_audit.py:113:            event_data={"reason": reason, "token_prefix": token_prefix},
backend-hormonia/app/services/audit/quiz_audit.py:117:    def log_token_expired(self, patient_id: UUID, session_id: UUID) -> AuditLog:
backend-hormonia/app/services/audit/quiz_audit.py:118:        """Log token expiration."""
backend-hormonia/app/services/audit/quiz_audit.py:120:            event_type="monthly_quiz_token_expired",
backend-hormonia/app/services/audit/quiz_audit.py:124:            session_id=session_id,
backend-hormonia/app/services/audit/quiz_audit.py:128:    def log_link_resent(
backend-hormonia/app/services/audit/quiz_audit.py:132:        session_id: UUID,
backend-hormonia/app/services/audit/quiz_audit.py:137:        """Log quiz link resend action."""
backend-hormonia/app/services/audit/quiz_audit.py:139:            event_type="monthly_quiz_link_resent",
backend-hormonia/app/services/audit/quiz_audit.py:144:            session_id=session_id,
backend-hormonia/app/services/audit/quiz_audit.py:153:    def log_link_regenerated(
backend-hormonia/app/services/audit/quiz_audit.py:157:        session_id: UUID,
backend-hormonia/app/services/audit/quiz_audit.py:162:        """Log quiz link regeneration action."""
backend-hormonia/app/services/audit/quiz_audit.py:164:            event_type="monthly_quiz_link_regenerated",
backend-hormonia/app/services/audit/quiz_audit.py:169:            session_id=session_id,
backend-hormonia/app/services/audit/quiz_audit.py:178:    def log_link_cancelled(
backend-hormonia/app/services/audit/quiz_audit.py:182:        session_id: UUID,
backend-hormonia/app/services/audit/quiz_audit.py:186:        """Log quiz link cancellation action."""
backend-hormonia/app/services/audit/quiz_audit.py:188:            event_type="monthly_quiz_link_cancelled",
backend-hormonia/app/services/audit/quiz_audit.py:193:            session_id=session_id,
backend-hormonia/app/services/audit/quiz_audit.py:202:    def log_link_expired(
backend-hormonia/app/services/audit/quiz_audit.py:203:        self, patient_id: UUID, session_id: UUID, fallback_activated: bool = False
backend-hormonia/app/services/audit/quiz_audit.py:205:        """Log quiz link expiration."""
backend-hormonia/app/services/audit/quiz_audit.py:207:            event_type="monthly_quiz_link_expired",
backend-hormonia/app/services/audit/quiz_audit.py:211:            session_id=session_id,
backend-hormonia/app/services/audit/quiz_audit.py:221:        session_id: UUID,
backend-hormonia/app/services/audit/quiz_audit.py:231:            session_id=session_id,
backend-hormonia/app/services/audit/quiz_audit.py:244:        session_id: UUID,
backend-hormonia/app/services/audit/quiz_audit.py:255:            session_id=session_id,
backend-hormonia/app/services/audit/quiz_audit.py:269:        session_id: UUID,
backend-hormonia/app/services/audit/quiz_audit.py:280:            session_id=session_id,
backend-hormonia/app/services/enhanced_flow_engine_pkg/service.py:100:            health_status = await engine.health_check()
backend-hormonia/app/services/enhanced_flow_engine_pkg/service.py:101:            logger.info(f"Enhanced flow engine health check: {health_status}")
backend-hormonia/app/services/enhanced_flow_engine_pkg/service.py:103:            if not health_status["overall_healthy"]:
backend-hormonia/app/services/encryption/service.py:14:- Fernet encryption (for quiz tokens)
backend-hormonia/app/services/encryption/service.py:623:            # Derive new Fernet key for quiz tokens
backend-hormonia/app/services/dlq/metrics.py:96:            status="success",
backend-hormonia/app/services/dlq/metrics.py:118:            status="failed",
backend-hormonia/app/services/dlq/metrics.py:141:            # Count messages by category and status
backend-hormonia/app/services/dlq/metrics.py:145:                    FailedMessage.status,
backend-hormonia/app/services/dlq/metrics.py:148:                .group_by(FailedMessage.failure_reason, FailedMessage.status)
backend-hormonia/app/services/dlq/metrics.py:152:            for failure_reason, status, count in results:
backend-hormonia/app/services/dlq/metrics.py:155:                    status=status.value,
backend-hormonia/app/tasks/saga_monitoring_taskiq.py:76:                        PatientOnboardingSaga.status.notin_(terminal_states),
backend-hormonia/app/tasks/saga_monitoring_taskiq.py:85:                    "status": "success",
backend-hormonia/app/tasks/saga_monitoring_taskiq.py:113:                "status": "success",
backend-hormonia/app/tasks/saga_monitoring_taskiq.py:155:                        PatientOnboardingSaga.status.in_(
backend-hormonia/app/tasks/saga_monitoring_taskiq.py:173:                    "status": "success",
backend-hormonia/app/tasks/saga_monitoring_taskiq.py:194:                "status": "success",
backend-hormonia/app/tasks/saga_monitoring_taskiq.py:239:                    "status": "success",
backend-hormonia/app/tasks/saga_monitoring_taskiq.py:246:                [s for s in recent_sagas if s.status == SagaStatus.COMPLETED]
backend-hormonia/app/tasks/saga_monitoring_taskiq.py:249:                [s for s in recent_sagas if s.status == SagaStatus.FAILED]
backend-hormonia/app/tasks/saga_monitoring_taskiq.py:252:                [s for s in recent_sagas if s.status == SagaStatus.COMPENSATED]
backend-hormonia/app/tasks/saga_monitoring_taskiq.py:265:                if s.status == SagaStatus.COMPLETED and s.completed_at
backend-hormonia/app/tasks/saga_monitoring_taskiq.py:297:                "status": "success",
backend-hormonia/app/tasks/saga_monitoring_taskiq.py:319:            "ORPHANED SAGA DETECTED: %s (age: %.1fh, status: %s, step: %s)",
backend-hormonia/app/tasks/saga_monitoring_taskiq.py:322:            saga.status,
backend-hormonia/app/tasks/saga_monitoring_taskiq.py:333:                "status": saga.status.value if saga.status else None,
backend-hormonia/app/tasks/saga_monitoring_taskiq.py:348:                f"Saga has been stuck in {saga.status} state for {duration:.1f} hours. "
backend-hormonia/app/tasks/saga_monitoring_taskiq.py:355:                "status": saga.status.value if saga.status else None,
backend-hormonia/app/tasks/saga_monitoring_taskiq.py:372:    status_counts: Dict[str, int] = {}
backend-hormonia/app/tasks/saga_monitoring_taskiq.py:376:        status = saga.status.value if saga.status else "unknown"
backend-hormonia/app/tasks/saga_monitoring_taskiq.py:377:        status_counts[status] = status_counts.get(status, 0) + 1
backend-hormonia/app/tasks/saga_monitoring_taskiq.py:382:        "by_status": status_counts,
backend-hormonia/app/services/whatsapp/analytics.py:15:    Handles analytics, metrics, and status caching for WhatsApp messages.
backend-hormonia/app/services/whatsapp/analytics.py:36:                "status": result.get("status", "sent"),
backend-hormonia/app/services/whatsapp/analytics.py:60:    async def update_delivery_metrics(self, status: str):
backend-hormonia/app/services/whatsapp/analytics.py:65:            status: Delivery status
backend-hormonia/app/services/whatsapp/analytics.py:73:                await self.redis.hincrby(metrics_key, f"status_{status}", 1)
backend-hormonia/app/services/whatsapp/analytics.py:79:    async def update_status_cache(self, message_id: str, status: str, timestamp: str):
backend-hormonia/app/services/whatsapp/analytics.py:81:        Update message status in Redis cache.
backend-hormonia/app/services/whatsapp/analytics.py:85:            status: Delivery status
backend-hormonia/app/services/whatsapp/analytics.py:90:                cache_key = f"whatsapp:status:{message_id}"
backend-hormonia/app/services/whatsapp/analytics.py:91:                status_data = {
backend-hormonia/app/services/whatsapp/analytics.py:92:                    "status": status,
backend-hormonia/app/services/whatsapp/analytics.py:99:                    status_data,
backend-hormonia/app/services/whatsapp/analytics.py:103:                logger.debug(f"Cached status for message {message_id}")
backend-hormonia/app/services/whatsapp/analytics.py:106:            logger.warning(f"Failed to cache status update: {e}")
backend-hormonia/app/services/audit/base.py:37:        session_id: Optional[UUID] = None,
backend-hormonia/app/services/audit/base.py:65:                "session_id": str(session_id) if session_id else None,
backend-hormonia/app/services/audit/base.py:106:            event_status=result,
backend-hormonia/app/services/enhanced_flow_engine_pkg/response_processing.py:109:                    PatientFlowState.status == "active",
backend-hormonia/app/services/enhanced_flow_engine_pkg/response_processing.py:240:                conversation_history = await self._get_conversation_history(patient_id)
backend-hormonia/app/services/enhanced_flow_engine_pkg/response_processing.py:254:                        conversation_history,
backend-hormonia/app/services/enhanced_flow_engine_pkg/response_processing.py:268:                        response_text, conversation_history, patient_context
backend-hormonia/app/services/enhanced_flow_engine_pkg/response_processing.py:411:                "status": "processed",
backend-hormonia/app/services/enhanced_flow_engine_pkg/response_processing.py:422:            return {"status": "error", "patient_id": str(patient_id), "error": str(e)}
backend-hormonia/app/services/encryption/key_manager.py:183:        return secrets.token_hex(32)
backend-hormonia/app/services/websocket_heartbeat.py:26:    """Heartbeat status for connections."""
backend-hormonia/app/services/websocket_heartbeat.py:39:    status: HeartbeatStatus = HeartbeatStatus.HEALTHY
backend-hormonia/app/services/websocket_heartbeat.py:64:    def update_status(self, max_missed_pings: int, warning_threshold: int) -> None:
backend-hormonia/app/services/websocket_heartbeat.py:65:        """Update heartbeat status based on missed pings."""
backend-hormonia/app/services/websocket_heartbeat.py:67:            self.status = HeartbeatStatus.HEALTHY
backend-hormonia/app/services/websocket_heartbeat.py:69:            self.status = HeartbeatStatus.WARNING
backend-hormonia/app/services/websocket_heartbeat.py:71:            self.status = HeartbeatStatus.CRITICAL
backend-hormonia/app/services/websocket_heartbeat.py:73:            self.status = HeartbeatStatus.DEAD
backend-hormonia/app/services/websocket_heartbeat.py:85:    - Health status reporting
backend-hormonia/app/services/websocket_heartbeat.py:95:        latency_history_size: int = 10,
backend-hormonia/app/services/websocket_heartbeat.py:112:            warning_threshold: Missed pings threshold for warning status
backend-hormonia/app/services/websocket_heartbeat.py:114:            latency_history_size: Number of latency samples to keep
backend-hormonia/app/services/websocket_heartbeat.py:121:        self.latency_history_size = latency_history_size
backend-hormonia/app/services/websocket_heartbeat.py:278:            metrics.update_status(self.max_missed_pings, self.warning_threshold)
backend-hormonia/app/services/websocket_heartbeat.py:319:        metrics.update_status(self.max_missed_pings, self.warning_threshold)
backend-hormonia/app/services/websocket_heartbeat.py:362:        status_counts = {
backend-hormonia/app/services/websocket_heartbeat.py:373:            status_counts[metrics.status] += 1
backend-hormonia/app/services/websocket_heartbeat.py:382:            "healthy_connections": status_counts[HeartbeatStatus.HEALTHY],
backend-hormonia/app/services/websocket_heartbeat.py:383:            "warning_connections": status_counts[HeartbeatStatus.WARNING],
backend-hormonia/app/services/websocket_heartbeat.py:384:            "critical_connections": status_counts[HeartbeatStatus.CRITICAL],
backend-hormonia/app/services/websocket_heartbeat.py:385:            "dead_connections": status_counts[HeartbeatStatus.DEAD],
backend-hormonia/app/services/websocket_heartbeat.py:439:                        if metrics.status != HeartbeatStatus.DEAD:
backend-hormonia/app/services/websocket_heartbeat.py:440:                            metrics.status = HeartbeatStatus.DEAD
backend-hormonia/app/services/websocket_heartbeat.py:444:                    # Check for warning status
backend-hormonia/app/services/websocket_heartbeat.py:447:                        and metrics.status == HeartbeatStatus.HEALTHY
backend-hormonia/app/services/websocket_heartbeat.py:449:                        metrics.status = HeartbeatStatus.WARNING
backend-hormonia/app/services/websocket_heartbeat.py:531:                metrics.update_status(self.max_missed_pings, self.warning_threshold)
backend-hormonia/app/services/auth.py:15:    create_access_token,
backend-hormonia/app/services/auth.py:16:    create_refresh_token,
backend-hormonia/app/services/auth.py:33:    status_code: int
backend-hormonia/app/services/auth.py:63:        self._blacklisted_tokens: Set[str] = set()
backend-hormonia/app/services/auth.py:149:        status_code = 401
backend-hormonia/app/services/auth.py:161:                status_code = 403
backend-hormonia/app/services/auth.py:170:            status_code=status_code,
backend-hormonia/app/services/auth.py:182:        """Authenticate a local user by email/password without Firebase token exchange."""
backend-hormonia/app/services/auth.py:188:                status_code=401,
backend-hormonia/app/services/auth.py:213:                status_code=403,
backend-hormonia/app/services/auth.py:232:                status_code=403,
backend-hormonia/app/services/auth.py:255:    def create_access_token(
backend-hormonia/app/services/auth.py:259:        Create JWT access token using utility function.
backend-hormonia/app/services/auth.py:262:            data: Payload data to encode in the token
backend-hormonia/app/services/auth.py:266:            Encoded JWT token string
backend-hormonia/app/services/auth.py:274:        return create_access_token(data, expires_delta)
backend-hormonia/app/services/auth.py:276:    def create_refresh_token(self, data: Dict[str, Any]) -> str:
backend-hormonia/app/services/auth.py:278:        Create JWT refresh token using utility function.
backend-hormonia/app/services/auth.py:281:            data: Payload data to encode in the token
backend-hormonia/app/services/auth.py:284:            Encoded JWT refresh token string
backend-hormonia/app/services/auth.py:292:        return create_refresh_token(data)
backend-hormonia/app/services/auth.py:294:    def verify_token(
backend-hormonia/app/services/auth.py:295:        self, token: str, token_type: str = "access"
backend-hormonia/app/services/auth.py:298:        Verify JWT token and return token data.
backend-hormonia/app/services/auth.py:301:            token: JWT token string to verify
backend-hormonia/app/services/auth.py:302:            token_type: Expected token type ("access" or "refresh")
backend-hormonia/app/services/auth.py:305:            TokenData if token is valid, None otherwise
backend-hormonia/app/services/auth.py:307:        if not token or not isinstance(token, str) or len(token.strip()) == 0:
backend-hormonia/app/services/auth.py:308:            logger.warning("Empty or invalid token provided")
backend-hormonia/app/services/auth.py:312:        token = token.replace("Bearer ", "").strip()
backend-hormonia/app/services/auth.py:315:        if token in self._blacklisted_tokens:
backend-hormonia/app/services/auth.py:316:            logger.warning("Blacklisted token used")
backend-hormonia/app/services/auth.py:321:            from app.utils.security import verify_token as verify_jwt_token
backend-hormonia/app/services/auth.py:323:            token_data = verify_jwt_token(token, token_type)
backend-hormonia/app/services/auth.py:324:            if token_data is None:
backend-hormonia/app/services/auth.py:325:                logger.warning(f"Token verification failed for type: {token_type}")
backend-hormonia/app/services/auth.py:328:            logger.debug(f"Token verified successfully for user: {token_data.email}")
backend-hormonia/app/services/auth.py:329:            return token_data
backend-hormonia/app/services/auth.py:332:            logger.error(f"Unexpected error verifying token: {str(e)}")
backend-hormonia/app/services/auth.py:335:    def blacklist_token(self, token: str, exp_timestamp: Optional[int] = None) -> None:
backend-hormonia/app/services/auth.py:336:        """Blacklist a JWT token (in-memory minimal implementation)."""
backend-hormonia/app/services/auth.py:337:        if not token:
backend-hormonia/app/services/auth.py:339:        token = token.replace("Bearer ", "").strip()
backend-hormonia/app/services/auth.py:340:        self._blacklisted_tokens.add(token)
backend-hormonia/app/services/auth.py:344:    def _get_user_from_token_data(self, token_data: TokenData) -> Optional[User]:
backend-hormonia/app/services/auth.py:346:        Get user from validated token data with caching (30 min TTL).
backend-hormonia/app/services/auth.py:349:            token_data: Validated token data containing user email
backend-hormonia/app/services/auth.py:354:        logger.debug(f"Fetching user profile from database: {token_data.email}")
backend-hormonia/app/services/auth.py:355:        user = self.repository.get_by_email(token_data.email)
backend-hormonia/app/services/auth.py:357:            logger.warning(f"User not found for email: {token_data.email}")
backend-hormonia/app/services/auth.py:360:            logger.warning(f"Inactive user attempted access: {token_data.email}")
backend-hormonia/app/services/auth.py:364:    def get_current_user(self, token: str) -> Optional[User]:
backend-hormonia/app/services/auth.py:366:        Get current user from JWT token.
backend-hormonia/app/services/auth.py:369:            token: JWT token string
backend-hormonia/app/services/auth.py:372:            User object if token is valid and user exists, None otherwise
backend-hormonia/app/services/auth.py:374:        token_data = self.verify_token(token)
backend-hormonia/app/services/auth.py:375:        if token_data is None:
backend-hormonia/app/services/auth.py:377:        return self._get_user_from_token_data(token_data)
backend-hormonia/app/services/dlq/message_processor.py:154:                    status=MessageStatus.PENDING,
backend-hormonia/app/services/dlq/message_processor.py:258:            quiz_session_id = payload.get("quiz_session_id")
backend-hormonia/app/services/dlq/message_processor.py:261:            if not quiz_session_id:
backend-hormonia/app/services/dlq/message_processor.py:262:                logger.error(f"Missing quiz_session_id: {failed_message.message_id}")
backend-hormonia/app/services/dlq/message_processor.py:377:                # In async context, submit to executor
backend-hormonia/app/services/dlq/message_processor.py:378:                future = self._executor.submit(asyncio.run, coro)
backend-hormonia/app/tasks/reports_taskiq.py:62:        Dict with report status, report_id, and output_path.
backend-hormonia/app/tasks/reports_taskiq.py:81:        return {"status": "failed", "error": "invalid_patient_id", "patient_id": patient_id}
backend-hormonia/app/tasks/reports_taskiq.py:104:                "status": "completed",
backend-hormonia/app/tasks/reports_taskiq.py:145:        Dict with scheduling status and count.
backend-hormonia/app/tasks/reports_taskiq.py:162:                "status": "scheduled",
backend-hormonia/app/services/audit/audit_service.py:54:    session_id: Optional[str] = None
backend-hormonia/app/services/audit/audit_service.py:55:    session_token_hash: Optional[str] = None
backend-hormonia/app/services/audit/audit_service.py:68:    http_status_code: Optional[int] = None
backend-hormonia/app/services/audit/audit_service.py:87:    status: str = "SUCCESS"  # SUCCESS, FAILURE, ERROR, BLOCKED
backend-hormonia/app/services/audit/audit_service.py:151:                    status="SUCCESS"
backend-hormonia/app/services/audit/audit_service.py:168:            event_status=context.status.lower(),  # Legacy field compatibility
backend-hormonia/app/services/audit/audit_service.py:169:            status=context.status,
backend-hormonia/app/services/audit/audit_service.py:175:            session_id=context.session_id,
backend-hormonia/app/services/audit/audit_service.py:176:            session_token_hash=context.session_token_hash,
backend-hormonia/app/services/audit/audit_service.py:187:            http_status_code=context.http_status_code,
backend-hormonia/app/services/audit/audit_service.py:448:                AuditLog.status.in_(["FAILURE", "ERROR"]),
