/backend-hormonia/app/api/v2/routers/adk.py
/backend-hormonia/app/api/v2/routers/admin/actions.py
/backend-hormonia/app/api/v2/routers/admin/activity.py
/backend-hormonia/app/api/v2/routers/admin/compensation.py
/backend-hormonia/app/api/v2/routers/admin/dependencies.py
/backend-hormonia/app/api/v2/routers/admin_extensions/audit.py
/backend-hormonia/app/api/v2/routers/admin_extensions/constants.py
/backend-hormonia/app/api/v2/routers/admin_extensions/dependencies.py
/backend-hormonia/app/api/v2/routers/admin_extensions/dlq.py
/backend-hormonia/app/api/v2/routers/admin_extensions/flow_health.py
/backend-hormonia/app/api/v2/routers/admin_extensions/flow_ops.py
/backend-hormonia/app/api/v2/routers/admin_extensions/__init__.py
/backend-hormonia/app/api/v2/routers/admin_extensions/utils.py
/backend-hormonia/app/api/v2/routers/admin/__init__.py
/backend-hormonia/app/api/v2/routers/admin/roles.py
/backend-hormonia/app/api/v2/routers/admin/stats.py
/backend-hormonia/app/api/v2/routers/admin/users.py
/backend-hormonia/app/api/v2/routers/admin/utils.py
/backend-hormonia/app/api/v2/routers/ai/analysis.py
/backend-hormonia/app/api/v2/routers/ai/constants.py
/backend-hormonia/app/api/v2/routers/ai/dependencies.py
/backend-hormonia/app/api/v2/routers/ai/health.py
/backend-hormonia/app/api/v2/routers/ai/humanize.py
/backend-hormonia/app/api/v2/routers/ai/__init__.py
/backend-hormonia/app/api/v2/routers/ai/insights.py
/backend-hormonia/app/api/v2/routers/ai/recommendations.py
/backend-hormonia/app/api/v2/routers/ai/stats.py
/backend-hormonia/app/api/v2/routers/ai/summary.py
/backend-hormonia/app/api/v2/routers/alerts.py
/backend-hormonia/app/api/v2/routers/analytics/base.py
/backend-hormonia/app/api/v2/routers/analytics/dashboard_analytics.py
/backend-hormonia/app/api/v2/routers/analytics/__init__.py
/backend-hormonia/app/api/v2/routers/analytics/patient_analytics.py
/backend-hormonia/app/api/v2/routers/analytics/quiz_analytics.py
/backend-hormonia/app/api/v2/routers/analytics/README.md
/backend-hormonia/app/api/v2/routers/appointments.py
/backend-hormonia/app/api/v2/routers/auth.py
/backend-hormonia/app/api/v2/routers/dashboard.py
/backend-hormonia/app/api/v2/routers/debug/auth.py
/backend-hormonia/app/api/v2/routers/debug/common.py
/backend-hormonia/app/api/v2/routers/debug/database.py
/backend-hormonia/app/api/v2/routers/debug/environment.py
/backend-hormonia/app/api/v2/routers/debug/__init__.py
/backend-hormonia/app/api/v2/routers/docs/cache_utils.py
/backend-hormonia/app/api/v2/routers/docs/changelog_router.py
/backend-hormonia/app/api/v2/routers/docs/data_providers.py
/backend-hormonia/app/api/v2/routers/docs/endpoints_router.py
/backend-hormonia/app/api/v2/routers/docs/examples_router.py
/backend-hormonia/app/api/v2/routers/docs/guides_router.py
/backend-hormonia/app/api/v2/routers/docs/__init__.py
/backend-hormonia/app/api/v2/routers/docs/search_router.py
/backend-hormonia/app/api/v2/routers/enhanced_analytics.py
/backend-hormonia/app/api/v2/routers/enhanced_messages/analytics.py
/backend-hormonia/app/api/v2/routers/enhanced_messages/bulk.py
/backend-hormonia/app/api/v2/routers/enhanced_messages/dependencies.py
/backend-hormonia/app/api/v2/routers/enhanced_messages/__init__.py
/backend-hormonia/app/api/v2/routers/enhanced_messages/scheduling.py
/backend-hormonia/app/api/v2/routers/enhanced_messages/templates.py
/backend-hormonia/app/api/v2/routers/enhanced_monitoring.py
/backend-hormonia/app/api/v2/routers/enhanced_quiz.py
/backend-hormonia/app/api/v2/routers/enhanced_reports.py
/backend-hormonia/app/api/v2/routers/errors.py
/backend-hormonia/app/api/v2/routers/flows.py
/backend-hormonia/app/api/v2/routers/flow_templates.py
/backend-hormonia/app/api/v2/routers/follow_up.py
/backend-hormonia/app/api/v2/routers/health/compat.py
/backend-hormonia/app/api/v2/routers/health/core.py
/backend-hormonia/app/api/v2/routers/health/database_health.py
/backend-hormonia/app/api/v2/routers/health/__init__.py
/backend-hormonia/app/api/v2/routers/health/metrics.py
/backend-hormonia/app/api/v2/routers/health/monitoring.py
/backend-hormonia/app/api/v2/routers/health/platform.py
/backend-hormonia/app/api/v2/routers/health/service_health.py
/backend-hormonia/app/api/v2/routers/health/storage_external.py
/backend-hormonia/app/api/v2/routers/health/test.py
/backend-hormonia/app/api/v2/routers/health/utils.py
/backend-hormonia/app/api/v2/routers/hive_mind.py
/backend-hormonia/app/api/v2/routers/localization.py
/backend-hormonia/app/api/v2/routers/medications.py
/backend-hormonia/app/api/v2/routers/messages.py
/backend-hormonia/app/api/v2/routers/monthly_quiz_management.py
/backend-hormonia/app/api/v2/routers/monthly_quiz_operations/crud.py
/backend-hormonia/app/api/v2/routers/monthly_quiz_operations/health.py
/backend-hormonia/app/api/v2/routers/monthly_quiz_operations/__init__.py
/backend-hormonia/app/api/v2/routers/monthly_quiz_operations/public.py
/backend-hormonia/app/api/v2/routers/monthly_quiz_operations/response_utils.py
/backend-hormonia/app/api/v2/routers/monthly_quiz_operations/scheduling.py
/backend-hormonia/app/api/v2/routers/monthly_quiz_operations/_shared.py
/backend-hormonia/app/api/v2/routers/notifications.py
/backend-hormonia/app/api/v2/routers/patients/base.py
/backend-hormonia/app/api/v2/routers/patients/crud.py
/backend-hormonia/app/api/v2/routers/patients/flow_overrides.py
/backend-hormonia/app/api/v2/routers/patients/flow.py
/backend-hormonia/app/api/v2/routers/patients/flow_responses.py
/backend-hormonia/app/api/v2/routers/patients/import_export.py
/backend-hormonia/app/api/v2/routers/patients/__init__.py
/backend-hormonia/app/api/v2/routers/patients/integrity.py
/backend-hormonia/app/api/v2/routers/patients/README.md
/backend-hormonia/app/api/v2/routers/performance.py
/backend-hormonia/app/api/v2/routers/physicians/availability.py
