S04 likely files
backend-hormonia/app/api/v2/routers/enhanced_reports.py
backend-hormonia/app/api/v2/routers/health/__pycache__/storage_external.cpython-312.pyc
backend-hormonia/app/api/v2/routers/health/storage_external.py
backend-hormonia/app/api/v2/routers/__pycache__/enhanced_reports.cpython-312.pyc
backend-hormonia/app/api/v2/routers/__pycache__/reports.cpython-312.pyc
backend-hormonia/app/api/v2/routers/reports.py
backend-hormonia/app/api/v2/routers/upload/config.py
backend-hormonia/app/api/v2/routers/upload/dependencies.py
backend-hormonia/app/api/v2/routers/upload/handlers.py
backend-hormonia/app/api/v2/routers/upload/__init__.py
backend-hormonia/app/api/v2/routers/upload/processing.py
backend-hormonia/app/api/v2/routers/upload/__pycache__/config.cpython-312.pyc
backend-hormonia/app/api/v2/routers/upload/__pycache__/dependencies.cpython-312.pyc
backend-hormonia/app/api/v2/routers/upload/__pycache__/handlers.cpython-312.pyc
backend-hormonia/app/api/v2/routers/upload/__pycache__/__init__.cpython-312.pyc
backend-hormonia/app/api/v2/routers/upload/__pycache__/processing.cpython-312.pyc
backend-hormonia/app/api/v2/routers/upload/__pycache__/security.cpython-312.pyc
backend-hormonia/app/api/v2/routers/upload/__pycache__/storage.cpython-312.pyc
backend-hormonia/app/api/v2/routers/upload/__pycache__/validators.cpython-312.pyc
backend-hormonia/app/api/v2/routers/upload/security.py
backend-hormonia/app/api/v2/routers/upload/storage.py
backend-hormonia/app/api/v2/routers/upload/validators.py
backend-hormonia/app/domain/analytics/__pycache__/report_builder.cpython-312.pyc
backend-hormonia/app/domain/analytics/report_builder.py
backend-hormonia/app/domain/quizzes/__pycache__/report_generator.cpython-312.pyc
backend-hormonia/app/domain/quizzes/report_generator.py
backend-hormonia/app/middleware/csp_report_handler.py
backend-hormonia/app/models/__pycache__/report.cpython-312.pyc
backend-hormonia/app/models/__pycache__/upload.cpython-312.pyc
backend-hormonia/app/models/report.py
backend-hormonia/app/models/upload.py
backend-hormonia/app/repositories/__pycache__/report.cpython-312.pyc
backend-hormonia/app/repositories/report.py
backend-hormonia/app/schemas/__pycache__/report.cpython-312.pyc
backend-hormonia/app/schemas/report.py
backend-hormonia/app/schemas/v2/enhanced_reports.py
backend-hormonia/app/schemas/v2/__pycache__/enhanced_reports.cpython-312.pyc
backend-hormonia/app/schemas/v2/__pycache__/reports.cpython-312.pyc
backend-hormonia/app/schemas/v2/__pycache__/upload.cpython-312.pyc
backend-hormonia/app/schemas/v2/reports.py
backend-hormonia/app/schemas/v2/upload.py
backend-hormonia/app/services/ai/output_profiles.py
backend-hormonia/app/services/ai/__pycache__/output_profiles.cpython-312.pyc
backend-hormonia/app/services/analytics/metrics_redis_storage.py
backend-hormonia/app/services/analytics/__pycache__/metrics_redis_storage.cpython-312.pyc
backend-hormonia/app/services/audit/__pycache__/reports.cpython-312.pyc
backend-hormonia/app/services/audit/reports.py
backend-hormonia/app/services/file.py
backend-hormonia/app/services/file_security.py
backend-hormonia/app/services/performance_monitoring/__pycache__/reporters.cpython-312.pyc
backend-hormonia/app/services/performance_monitoring/reporters.py
backend-hormonia/app/services/reporting/enhanced_reports_service.py
backend-hormonia/app/services/reporting/__init__.py
backend-hormonia/app/services/reporting/__pycache__/enhanced_reports_service.cpython-312.pyc
backend-hormonia/app/services/reporting/__pycache__/__init__.cpython-312.pyc
backend-hormonia/app/services/reporting/__pycache__/report.cpython-312.pyc
backend-hormonia/app/services/reporting/quiz_report_generator/aggregator.py
backend-hormonia/app/services/reporting/quiz_report_generator/analyzer.py
backend-hormonia/app/services/reporting/quiz_report_generator/generator.py
backend-hormonia/app/services/reporting/quiz_report_generator/__init__.py
backend-hormonia/app/services/reporting/quiz_report_generator/models.py
backend-hormonia/app/services/reporting/quiz_report_generator/processor.py
backend-hormonia/app/services/reporting/quiz_report_generator/__pycache__/aggregator.cpython-312.pyc
backend-hormonia/app/services/reporting/quiz_report_generator/__pycache__/analyzer.cpython-312.pyc
backend-hormonia/app/services/reporting/quiz_report_generator/__pycache__/generator.cpython-312.pyc
backend-hormonia/app/services/reporting/quiz_report_generator/__pycache__/__init__.cpython-312.pyc
backend-hormonia/app/services/reporting/quiz_report_generator/__pycache__/models.cpython-312.pyc
backend-hormonia/app/services/reporting/quiz_report_generator/__pycache__/processor.cpython-312.pyc
backend-hormonia/app/services/reporting/quiz_report_generator/__pycache__/renderer.cpython-312.pyc
backend-hormonia/app/services/reporting/quiz_report_generator/renderer.py
backend-hormonia/app/services/reporting/report.py
backend-hormonia/app/services/upload_quota.py
backend-hormonia/app/tasks/helpers/reports_helpers.py
backend-hormonia/app/tasks/__pycache__/reports.cpython-312.pyc
backend-hormonia/app/tasks/reports_taskiq.py

static/uploads/reports matches
backend-hormonia/tests/test_saga_refactoring.py:7:3. Public types are available for monitoring and status reporting
backend-hormonia/tests/validation/test_vulnerability_scenarios.py:216:    def test_xss_in_user_generated_content_sanitized(self, client: TestClient, auth_headers):
backend-hormonia/tests/test_phase27_async_regression.py:86:def test_enhanced_reports_uses_async_db():
backend-hormonia/tests/test_phase27_async_regression.py:87:    """API-09: enhanced_reports.py must use get_async_db, not sync get_db."""
backend-hormonia/tests/test_phase27_async_regression.py:91:    src = (repo_root / "app" / "api" / "v2" / "routers" / "enhanced_reports.py").read_text(
backend-hormonia/tests/test_phase27_async_regression.py:96:        "enhanced_reports.py still imports sync get_db"
backend-hormonia/tests/test_phase27_async_regression.py:99:        "enhanced_reports.py still uses iter_db_dependency wrapper"
backend-hormonia/tests/test_phase27_async_regression.py:102:        "enhanced_reports.py still has _get_db_dep helper"
backend-hormonia/tests/test_phase27_async_regression.py:105:        "enhanced_reports.py must import get_async_db"
backend-hormonia/tests/validation/import_validator.py:261:                'reportlab': 'reportlab',
backend-hormonia/tests/validation/import_validator.py:265:                'PyPDF2': 'pypdf2',
backend-hormonia/tests/validation/import_validator.py:311:    def generate_report(self):
backend-hormonia/tests/validation/import_validator.py:312:        """Generate comprehensive validation report."""
backend-hormonia/tests/validation/import_validator.py:390:    exit_code = validator.generate_report()
backend-hormonia/tests/migrations/test_alembic_operability.py:309:def test_scrubbed_graph_commands_report_offending_revision(
backend-hormonia/tests/migrations/test_alembic_operability.py:329:def test_scrubbed_upgrade_head_reports_revision_on_failure(
backend-hormonia/tests/validation/detailed_import_analysis.py:132:        for file_path in files_to_check:
backend-hormonia/tests/validation/detailed_import_analysis.py:133:            full_path = self.app_dir.parent / file_path
backend-hormonia/tests/validation/detailed_import_analysis.py:149:                                    'file': file_path,
backend-hormonia/tests/validation/detailed_import_analysis.py:157:                    'file': file_path,
backend-hormonia/tests/validation/detailed_import_analysis.py:163:    def generate_json_report(self, output_file: str):
backend-hormonia/tests/validation/detailed_import_analysis.py:164:        """Generate JSON report with all findings."""
backend-hormonia/tests/validation/detailed_import_analysis.py:180:        report = {
backend-hormonia/tests/validation/detailed_import_analysis.py:187:            json.dump(report, f, indent=2, default=str)
backend-hormonia/tests/validation/detailed_import_analysis.py:189:        print(f"Detailed report saved to: {output_file}")
backend-hormonia/tests/validation/detailed_import_analysis.py:190:        return report
backend-hormonia/tests/validation/detailed_import_analysis.py:271:    # Save JSON report
backend-hormonia/tests/validation/detailed_import_analysis.py:272:    output_file = backend_dir / "tests" / "validation" / "import_analysis_report.json"
backend-hormonia/tests/validation/detailed_import_analysis.py:273:    analyzer.generate_json_report(str(output_file))
backend-hormonia/tests/auth/test_csrf_middleware.py:259:        """Each generated token should be unique."""
backend-hormonia/tests/auth/test_csrf_middleware.py:267:        """Tokens generated in rapid succession should still be unique."""
backend-hormonia/tests/auth/test_csrf_middleware.py:379:        """Freshly generated token should be valid."""
backend-hormonia/tests/auth/test_csrf_middleware.py:506:        Even if the signature is correctly generated, modifying the random part
backend-hormonia/tests/auth/test_csrf_middleware.py:681:        assert csrf_module["is_csrf_exempt"]("/uploads/image.png", "POST") is True
backend-hormonia/tests/tasks/test_saga_retry_security_and_common_compat.py:12:    file_path = Path(__file__).resolve().parents[2] / relative_path
backend-hormonia/tests/tasks/test_saga_retry_security_and_common_compat.py:13:    spec = importlib.util.spec_from_file_location(module_name, file_path)
backend-hormonia/tests/tasks/test_reports_tasks.py:1:"""Focused tests for report Taskiq tasks."""
backend-hormonia/tests/tasks/test_reports_tasks.py:19:    from app.tasks.helpers.reports_helpers import _get_system_actor_uuid
backend-hormonia/tests/tasks/test_reports_tasks.py:28:async def test_generate_patient_report_uses_scoped_session_and_system_actor_uuid(tmp_path):
backend-hormonia/tests/tasks/test_reports_tasks.py:29:    from app.tasks.helpers.reports_helpers import _get_system_actor_uuid
backend-hormonia/tests/tasks/test_reports_tasks.py:30:    from app.tasks.reports_taskiq import generate_patient_report
backend-hormonia/tests/tasks/test_reports_tasks.py:33:    report_id = uuid4()
backend-hormonia/tests/tasks/test_reports_tasks.py:37:    service.generate_report = AsyncMock(return_value=SimpleNamespace(id=report_id))
backend-hormonia/tests/tasks/test_reports_tasks.py:38:    service.generate_pdf_report.return_value = b"%PDF-1.7"
backend-hormonia/tests/tasks/test_reports_tasks.py:41:        "app.tasks.reports_taskiq.get_scoped_session", return_value=_scoped_session(db)
backend-hormonia/tests/tasks/test_reports_tasks.py:43:        "app.tasks.reports_taskiq.ReportService", return_value=service
backend-hormonia/tests/tasks/test_reports_tasks.py:44:    ), patch("app.tasks.reports_taskiq.settings.UPLOAD_DIRECTORY", str(tmp_path)):
backend-hormonia/tests/tasks/test_reports_tasks.py:45:        result = await generate_patient_report(patient_id=patient_id, report_type="medical")
backend-hormonia/tests/tasks/test_reports_tasks.py:48:    assert result["report_id"] == str(report_id)
backend-hormonia/tests/tasks/test_reports_tasks.py:52:    called_request, called_actor_id = service.generate_report.call_args.args
backend-hormonia/tests/tasks/test_reports_tasks.py:59:async def test_generate_scheduled_reports_uses_scoped_session():
backend-hormonia/tests/tasks/test_reports_tasks.py:60:    from app.tasks.reports_taskiq import generate_patient_report, generate_scheduled_reports
backend-hormonia/tests/tasks/test_reports_tasks.py:64:    service.get_scheduled_reports.return_value = [
backend-hormonia/tests/tasks/test_reports_tasks.py:65:        {"patient_id": uuid4(), "report_type": "medical"},
backend-hormonia/tests/tasks/test_reports_tasks.py:72:        "app.tasks.reports_taskiq.get_scoped_session", return_value=_scoped_session(db)
backend-hormonia/tests/tasks/test_reports_tasks.py:74:        "app.tasks.reports_taskiq.ReportService", return_value=service
backend-hormonia/tests/tasks/test_reports_tasks.py:76:        generate_patient_report,
backend-hormonia/tests/tasks/test_reports_tasks.py:81:        result = await generate_scheduled_reports()
backend-hormonia/tests/tasks/flows/test_monthly_tasks_async_bridge.py:56:async def test_generate_quiz_report_returns_success_with_report_id():
backend-hormonia/tests/tasks/flows/test_monthly_tasks_async_bridge.py:57:    from app.tasks.flows_taskiq import generate_quiz_report
backend-hormonia/tests/tasks/flows/test_monthly_tasks_async_bridge.py:60:    report_id = uuid4()
backend-hormonia/tests/tasks/flows/test_monthly_tasks_async_bridge.py:64:    report_generator = Mock()
backend-hormonia/tests/tasks/flows/test_monthly_tasks_async_bridge.py:65:    report_generator.generate_quiz_report = AsyncMock(return_value=report_id)
backend-hormonia/tests/tasks/flows/test_monthly_tasks_async_bridge.py:72:        "app.services.reporting.quiz_report_generator.get_quiz_report_generator",
backend-hormonia/tests/tasks/flows/test_monthly_tasks_async_bridge.py:73:        return_value=report_generator,
backend-hormonia/tests/tasks/flows/test_monthly_tasks_async_bridge.py:77:        result = await generate_quiz_report.fn(session_id=session_id, db=mock_async_db)
backend-hormonia/tests/tasks/flows/test_monthly_tasks_async_bridge.py:81:    assert result["report_id"] == str(report_id)
backend-hormonia/tests/tasks/flows/test_monthly_tasks_async_bridge.py:82:    assert result["generated_at"] == fixed_now.isoformat()
backend-hormonia/tests/encryption/test_key_manager.py:62:        """Test that generated key has correct format."""
backend-hormonia/tests/encryption/test_key_manager.py:69:        """Test that each generated key is unique."""
backend-hormonia/tests/encryption/test_key_manager.py:75:        """Test that generated salt has correct format."""
backend-hormonia/tests/encryption/test_key_manager.py:82:        """Test that each generated salt is unique."""
backend-hormonia/tests/encryption/test_encryption_service.py:139:        """Test that generated key has correct format."""
backend-hormonia/tests/conftest_additions.py:419:        file_path = tmp_path / filename
backend-hormonia/tests/conftest_additions.py:420:        file_path.write_text(content)
backend-hormonia/tests/conftest_additions.py:421:        return file_path
backend-hormonia/tests/conftest_additions.py:427:def mock_file_upload():
backend-hormonia/tests/conftest_additions.py:428:    """Mock file upload for testing"""
backend-hormonia/tests/conftest_additions.py:429:    def create_upload(filename: str = 'test.pdf', content: bytes = b'test content'):
backend-hormonia/tests/conftest_additions.py:430:        upload = Mock()
backend-hormonia/tests/conftest_additions.py:431:        upload.filename = filename
backend-hormonia/tests/conftest_additions.py:432:        upload.content_type = 'application/pdf'
backend-hormonia/tests/conftest_additions.py:433:        upload.file = Mock()
backend-hormonia/tests/conftest_additions.py:434:        upload.file.read = Mock(return_value=content)
backend-hormonia/tests/conftest_additions.py:435:        return upload
backend-hormonia/tests/conftest_additions.py:437:    return create_upload
backend-hormonia/tests/tasks/test_audit_cleanup_tasks.py:70:async def test_generate_daily_report_uses_scoped_session():
backend-hormonia/tests/tasks/test_audit_cleanup_tasks.py:71:    from app.tasks.audit_taskiq import generate_daily_report
backend-hormonia/tests/tasks/test_audit_cleanup_tasks.py:92:        result = await generate_daily_report()
backend-hormonia/tests/conftest.py:545:                    "UPDATE alerts SET description = 'Alert generated by schema guard' "
backend-hormonia/tests/conftest.py:774:        "alert_generated",
backend-hormonia/tests/conftest.py:873:        if "alert_generated" in missing_columns:
backend-hormonia/tests/conftest.py:874:            connection.execute(text("ALTER TABLE audit_logs ADD COLUMN IF NOT EXISTS alert_generated BOOLEAN"))
backend-hormonia/tests/unit/test_runtime_residue_guard.py:322:def test_approved_compat_island_passes_check_and_report(tmp_path: Path) -> None:
backend-hormonia/tests/unit/test_runtime_residue_guard.py:325:    report = _run_guard(tmp_path, allowlist_path, "--report", "all")
backend-hormonia/tests/unit/test_runtime_residue_guard.py:328:    assert report.returncode == 0
backend-hormonia/tests/unit/test_runtime_residue_guard.py:330:    assert "category=firebase_uid file=backend-hormonia/app/api/v2/routers/auth.py" in report.stdout
backend-hormonia/tests/unit/test_runtime_residue_guard.py:331:    assert "category=x_session_id file=frontend-hormonia/src/lib/api-client/core.ts" in report.stdout
backend-hormonia/tests/unit/test_runtime_residue_guard.py:332:    assert "category=websocket_session_id_query file=backend-hormonia/app/api/websockets.py" in report.stdout
backend-hormonia/tests/unit/test_runtime_residue_guard.py:388:    backend_report = _run_guard(tmp_path, allowlist_path, "--report", "backend")
backend-hormonia/tests/unit/test_runtime_residue_guard.py:392:    assert "frontend_only_drift.ts" not in backend_report.stdout
backend-hormonia/tests/unit/test_runtime_residue_guard.py:396:def test_proof_only_boundary_passes_check_and_reports_separately(tmp_path: Path) -> None:
backend-hormonia/tests/unit/test_runtime_residue_guard.py:428:    report = _run_guard(tmp_path, allowlist_path, "--report", "backend")
backend-hormonia/tests/unit/test_runtime_residue_guard.py:431:    assert report.returncode == 0
backend-hormonia/tests/unit/test_runtime_residue_guard.py:433:    assert "[backend]" in report.stdout
backend-hormonia/tests/unit/test_runtime_residue_guard.py:434:    assert "  - no approved residue" in report.stdout
backend-hormonia/tests/unit/test_runtime_residue_guard.py:435:    assert "[backend-proof-only]" in report.stdout
backend-hormonia/tests/unit/test_runtime_residue_guard.py:436:    assert "category=x_session_id file=backend-hormonia/app/api/v2/routers/auth.py" in report.stdout
backend-hormonia/tests/unit/test_runtime_residue_guard.py:437:    assert "proof=backend-hormonia/tests/api/v2/test_auth_hard_cut_cleanup.py::test_verify_session_rejects_legacy_transport_without_cookie" in report.stdout
backend-hormonia/tests/unit/test_runtime_residue_guard.py:440:def test_moved_proof_boundary_reports_anchor_name(tmp_path: Path) -> None:
backend-hormonia/tests/unit/test_runtime_residue_guard.py:486:def test_moved_hotspot_reports_anchor_name(tmp_path: Path) -> None:
backend-hormonia/tests/tasks/test_alerts_tasks.py:46:        "message": "Patient reported side effects",
backend-hormonia/tests/smoke/test_adk_smoke.py:219:async def test_adk_smoke_reports_unsupported_tool_status(
backend-hormonia/tests/integrations/wuzapi/test_wuzapi_media.py:91:    response = MockResponse(chunks, content_type="application/pdf")
backend-hormonia/tests/integrations/wuzapi/test_wuzapi_media.py:95:        await fetch_and_encode_media("https://example.com/huge.pdf")
backend-hormonia/tests/integrations/wuzapi/test_wuzapi_media.py:160:        "data:application/pdf;base64,DDDD",
backend-hormonia/tests/integrations/wuzapi/test_wuzapi_media.py:161:        filename="report.pdf",
backend-hormonia/tests/integrations/wuzapi/test_wuzapi_media.py:169:            "Document": "data:application/pdf;base64,DDDD",
backend-hormonia/tests/integrations/wuzapi/test_wuzapi_media.py:170:            "FileName": "report.pdf",
backend-hormonia/tests/unit/test_role_permissions.py:71:    def test_admin_has_reports_permissions(self):
backend-hormonia/tests/unit/test_role_permissions.py:72:        """Admin should be able to view/manage reports (maps to canViewReports)."""
backend-hormonia/tests/unit/test_role_permissions.py:76:        assert "reports.read" in perms
backend-hormonia/tests/unit/test_role_permissions.py:77:        assert "reports.write" in perms
backend-hormonia/tests/unit/test_role_permissions.py:78:        assert "reports.delete" in perms
backend-hormonia/tests/unit/test_role_permissions.py:115:        assert "reports.read" in perms
backend-hormonia/tests/unit/test_role_permissions.py:116:        assert "reports.write" in perms
backend-hormonia/tests/unit/test_role_permissions.py:266:    def test_both_roles_can_view_reports_aligns_with_frontend(self):
backend-hormonia/tests/unit/test_role_permissions.py:271:        # Both should have reports read
backend-hormonia/tests/unit/test_role_permissions.py:272:        assert "reports.read" in admin_perms
backend-hormonia/tests/unit/test_role_permissions.py:273:        assert "reports.read" in doctor_perms
backend-hormonia/tests/api/v2/test_system_auth_hard_cut_operational.py:141:def test_system_health_does_not_report_firebase_as_staff_auth_component(
backend-hormonia/tests/domain/quizzes/test_regression_fixes_quizzes_domain.py:17:from app.domain.quizzes.report_generator import ReportGenerator
backend-hormonia/tests/domain/quizzes/test_regression_fixes_quizzes_domain.py:143:def test_report_generator_uses_delivery_method_key_in_attempts():
backend-hormonia/tests/domain/quizzes/test_regression_fixes_quizzes_domain.py:145:    report_generator = ReportGenerator(db)
backend-hormonia/tests/domain/quizzes/test_regression_fixes_quizzes_domain.py:158:    report = report_generator.generate_delivery_report()
backend-hormonia/tests/domain/quizzes/test_regression_fixes_quizzes_domain.py:159:    assert report["by_method"]["email"]["successful"] == 1
backend-hormonia/tests/domain/quizzes/test_regression_fixes_quizzes_domain.py:160:    assert report["by_method"]["sms"]["failed"] == 1
backend-hormonia/tests/unit/integrations/test_wuzapi_correlation_id.py:93:    generated_uuid = UUID("12345678-1234-5678-1234-567812345678")
backend-hormonia/tests/unit/integrations/test_wuzapi_correlation_id.py:110:            return_value=generated_uuid,
backend-hormonia/tests/unit/integrations/test_wuzapi_correlation_id.py:115:    assert result["correlation_id"] == str(generated_uuid)
backend-hormonia/tests/unit/integrations/test_wuzapi_correlation_id.py:116:    assert correlation_id_var.get() == str(generated_uuid)
backend-hormonia/app/service_provider.py:25:    from app.services.reporting import ReportService
backend-hormonia/app/service_provider.py:78:        self._report_service: Optional[ReportService] = None
backend-hormonia/app/service_provider.py:272:    def report_service(self) -> "ReportService":
backend-hormonia/app/service_provider.py:273:        if self._report_service is None:
backend-hormonia/app/service_provider.py:274:            from app.services.reporting import ReportService
backend-hormonia/app/service_provider.py:275:            self._report_service = ReportService(self.db)
backend-hormonia/app/service_provider.py:276:        return self._report_service
backend-hormonia/app/services/__init__.py:71:    "ReportService": ("app.services.reporting", "ReportService"),
backend-hormonia/app/services/__init__.py:72:    "EnhancedReportsService": ("app.services.reporting", "EnhancedReportsService"),
backend-hormonia/app/services/__init__.py:73:    "QuizReportGenerator": ("app.services.reporting", "QuizReportGenerator"),
backend-hormonia/app/utils/query_cache.py:154:            prefix: Cache key prefix (e.g., 'patient', 'quiz', 'report')
backend-hormonia/app/utils/query_cache.py:372:        @cached_query('patient_reports', ttl=300)
backend-hormonia/app/utils/query_cache.py:373:        def get_patient_reports(db, patient_id):
backend-hormonia/tests/api/v2/test_phase26_analytics_admin_system_async.py:22:    "app.api.v2.routers.reports",
backend-hormonia/tests/api/v2/test_phase26_analytics_admin_system_async.py:39:    "app.api.v2.routers.upload.handlers",
backend-hormonia/tests/api/v2/test_phase26_analytics_admin_system_async.py:74:    "app.api.v2.routers.upload",
backend-hormonia/tests/api/v2/test_phase26_analytics_admin_system_async.py:258:    """Verify reports.py removed iter_db_dependency wrapper."""
backend-hormonia/tests/api/v2/test_phase26_analytics_admin_system_async.py:261:        source = _get_source("app.api.v2.routers.reports")
backend-hormonia/tests/api/v2/test_phase26_analytics_admin_system_async.py:263:            "reports.py must not use iter_db_dependency wrapper"
backend-hormonia/tests/api/v2/test_phase26_analytics_admin_system_async.py:267:        source = _get_source("app.api.v2.routers.reports")
backend-hormonia/tests/api/v2/test_phase26_analytics_admin_system_async.py:269:            "reports.py must not have _get_db_dep wrapper function"
backend-hormonia/tests/api/v2/test_phase26_analytics_admin_system_async.py:273:        source = _get_source("app.api.v2.routers.reports")
backend-hormonia/tests/api/v2/test_phase26_analytics_admin_system_async.py:275:            "reports.py _check_patient_access must be async"
backend-hormonia/app/integrations/__init__.py:44:        "app.integrations.pdf_generator",
backend-hormonia/app/integrations/__init__.py:47:    "ReportSection": ("app.integrations.pdf_generator", "ReportSection"),
backend-hormonia/app/integrations/__init__.py:49:        "app.integrations.pdf_generator",
backend-hormonia/app/integrations/__init__.py:52:    "PDFGeneratorError": ("app.integrations.pdf_generator", "PDFGeneratorError"),
backend-hormonia/app/integrations/__init__.py:53:    "get_pdf_generator": ("app.integrations.pdf_generator", "get_pdf_generator"),
backend-hormonia/app/utils/compression.py:137:        # Skip for certain endpoints (e.g., file downloads)
backend-hormonia/app/utils/compression.py:139:            path in request.url.path for path in ["/download", "/export", "/stream"]
backend-hormonia/app/utils/compression.py:253:def should_precompress_file(file_path: str, file_size: int) -> bool:
backend-hormonia/app/utils/compression.py:275:    file_extension = file_path.lower().split(".")[-1] if "." in file_path else ""
backend-hormonia/app/utils/compression.py:297:            file_path = os.path.join(root, file)
backend-hormonia/app/utils/compression.py:304:                file_size = os.path.getsize(file_path)
backend-hormonia/app/utils/compression.py:309:                    with open(file_path, "rb") as f_in:
backend-hormonia/app/utils/compression.py:311:                            file_path + ".gz", "wb", compresslevel=compression_level
backend-hormonia/app/utils/compression.py:315:                    compressed_size = os.path.getsize(file_path + ".gz")
backend-hormonia/app/utils/compression.py:333:                stats["errors"].append(f"Error compressing {file_path}: {str(e)}")
backend-hormonia/app/utils/compression.py:334:                logger.error(f"Error pre-compressing {file_path}: {e}")
backend-hormonia/tests/api/v2/test_ai.py:142:            "generated_at": now_sao_paulo_naive().isoformat(),
backend-hormonia/tests/unit/services/test_quiz_services_async.py:129:async def test_report_generation_uses_async_lookup_and_payload_shape():
backend-hormonia/tests/unit/services/test_quiz_services_async.py:148:    report = await service.generate_session_report_async(session_id)
backend-hormonia/tests/unit/services/test_quiz_services_async.py:150:    assert report["session_id"] == str(session_id)
backend-hormonia/tests/unit/services/test_quiz_services_async.py:151:    assert report["template_name"] == "Template A"
backend-hormonia/tests/unit/services/test_quiz_services_async.py:152:    assert report["score_data"]["correct_answers"] == 2
backend-hormonia/tests/unit/services/test_quiz_services_async.py:153:    assert "status" in report
backend-hormonia/tests/api/v2/test_patient_route_corrections.py:6:- New template download endpoint
backend-hormonia/tests/api/v2/test_patient_route_corrections.py:149:        """Template download endpoint should exist."""
backend-hormonia/tests/api/v2/test_patient_route_corrections.py:155:    def test_csv_template_download(self, test_client, auth_headers_admin):
backend-hormonia/tests/api/v2/test_patient_route_corrections.py:156:        """Should download CSV template with correct headers."""
backend-hormonia/app/services/websocket_heartbeat.py:85:    - Health status reporting
backend-hormonia/tests/api/v2/conftest.py:899:        instance.generate_response = AsyncMock(return_value="AI generated response")
backend-hormonia/app/services/websocket_events.py:221:    async def broadcast_report_event(
backend-hormonia/app/services/websocket_events.py:222:        self, event_type: WebSocketEventType, report_data: dict[str, Any]
backend-hormonia/app/services/websocket_events.py:224:        """Broadcast report-related event."""
backend-hormonia/app/services/websocket_events.py:226:            # Create report event data
backend-hormonia/app/services/websocket_events.py:228:                report_id=_coerce_uuid(report_data["report_id"]),
backend-hormonia/app/services/websocket_events.py:229:                patient_id=_coerce_uuid(report_data["patient_id"]),
backend-hormonia/app/services/websocket_events.py:230:                report_type=report_data.get("report_type", ""),
backend-hormonia/app/services/websocket_events.py:231:                status=report_data.get("status", "generating"),
backend-hormonia/app/services/websocket_events.py:232:                file_path=report_data.get("file_path"),
backend-hormonia/app/services/websocket_events.py:233:                error_message=report_data.get("error_message"),
backend-hormonia/app/services/websocket_events.py:234:                metadata=report_data.get("metadata", {}),
backend-hormonia/app/services/websocket_events.py:243:                str(report_data["patient_id"]), payload
backend-hormonia/app/services/websocket_events.py:247:                f"Broadcasted report event {event_type.value} for patient {report_data['patient_id']} to {sent_count} connections"
backend-hormonia/app/services/websocket_events.py:252:            logger.error(f"Error broadcasting report event: {e}")
backend-hormonia/app/services/websocket_events.py:389:    async def notify_report_generated(
backend-hormonia/app/services/websocket_events.py:390:        self, patient_id: UUID, report_data: dict[str, Any]
backend-hormonia/app/services/websocket_events.py:392:        """Notify about report generation completion."""
backend-hormonia/app/services/websocket_events.py:393:        return await self.broadcast_report_event(
backend-hormonia/app/services/websocket_events.py:394:            WebSocketEventType.REPORT_GENERATION_COMPLETED, report_data
backend-hormonia/tests/unit/services/test_flow_cancel.py:109:    # Service reports revoked count (logged no-op, not actually revoked)
backend-hormonia/tests/integration/test_race_condition_protection.py:200:        Test error reporting for duplicates.
backend-hormonia/app/utils/key_validation/generators.py:36:    be generated externally and injected via environment variables.
backend-hormonia/tests/unit/services/test_flow_monitoring_split_contract.py:36:    for file_path in files:
backend-hormonia/tests/unit/services/test_flow_monitoring_split_contract.py:37:        line_count = len(file_path.read_text(encoding="utf-8").splitlines())
backend-hormonia/tests/unit/services/test_flow_monitoring_split_contract.py:38:        assert line_count < 500, f"{file_path} has {line_count} lines"
backend-hormonia/tests/unit/services/test_enhanced_flow_engine_split_contract.py:69:    for file_path in files:
backend-hormonia/tests/unit/services/test_enhanced_flow_engine_split_contract.py:70:        line_count = len(file_path.read_text(encoding="utf-8").splitlines())
backend-hormonia/tests/unit/services/test_enhanced_flow_engine_split_contract.py:71:        assert line_count < 500, f"{file_path} has {line_count} lines"
backend-hormonia/app/integrations/wuzapi/client.py:194:                        "WuzAPI response reported non-success",
backend-hormonia/tests/unit/services/test_flow_monitoring_async.py:158:async def test_run_health_checks_reports_critical_when_database_unavailable():
backend-hormonia/tests/api/test_api_contract_fixes.py:369:# Run with coverage: pytest backend-hormonia/tests/api/test_api_contract_fixes.py --cov=app --cov-report=html
backend-hormonia/tests/unit/services/test_flow_management_split_contract.py:70:    for file_path in files:
backend-hormonia/tests/unit/services/test_flow_management_split_contract.py:71:        line_count = len(file_path.read_text(encoding="utf-8").splitlines())
backend-hormonia/tests/unit/services/test_flow_management_split_contract.py:72:        assert line_count < 500, f"{file_path} has {line_count} lines"
backend-hormonia/tests/unit/services/flow/test_summary_integration.py:201:                    "description": "Dor severa reportada",
backend-hormonia/tests/unit/services/flow/test_summary_integration.py:208:        assert "Dor severa reportada" in result
backend-hormonia/tests/unit/services/flow/test_summary_integration.py:344:            description="Febre alta reportada",
backend-hormonia/tests/unit/services/flow/test_summary_integration.py:361:        assert result["alerts"][0]["description"] == "Febre alta reportada"
backend-hormonia/tests/api/test_api_contracts.py:428:            "generated_at": str
backend-hormonia/tests/api/test_api_contracts.py:444:        assert "generated_at" in data
backend-hormonia/tests/unit/services/test_flow_dashboard_async.py:184:    assert "generated_at" in payload
backend-hormonia/tests/unit/services/test_flow_core_split_contract.py:38:    for file_path in files:
backend-hormonia/tests/unit/services/test_flow_core_split_contract.py:39:        line_count = len(file_path.read_text(encoding="utf-8").splitlines())
backend-hormonia/tests/unit/services/test_flow_core_split_contract.py:40:        assert line_count < 500, f"{file_path} has {line_count} lines"
backend-hormonia/tests/unit/services/test_flow_dashboard_split_contract.py:50:    for file_path in files:
backend-hormonia/tests/unit/services/test_flow_dashboard_split_contract.py:51:        line_count = len(file_path.read_text(encoding="utf-8").splitlines())
backend-hormonia/tests/unit/services/test_flow_dashboard_split_contract.py:52:        assert line_count < 500, f"{file_path} has {line_count} lines"
backend-hormonia/tests/services/test_report_service_task_compat.py:1:"""Compatibility tests for task-facing report service methods."""
backend-hormonia/tests/services/test_report_service_task_compat.py:10:from app.services.reporting.report import ReportGenerationError, ReportService
backend-hormonia/tests/services/test_report_service_task_compat.py:14:async def test_generate_report_creates_cached_artifact_for_tasks():
backend-hormonia/tests/services/test_report_service_task_compat.py:23:        format="pdf",
backend-hormonia/tests/services/test_report_service_task_compat.py:32:    service.generate_patient_report = AsyncMock(return_value=payload)
backend-hormonia/tests/services/test_report_service_task_compat.py:34:    generated = await service.generate_report(request, user_id)
backend-hormonia/tests/services/test_report_service_task_compat.py:36:    assert generated.id
backend-hormonia/tests/services/test_report_service_task_compat.py:37:    assert generated.patient_id == patient_id
backend-hormonia/tests/services/test_report_service_task_compat.py:38:    assert generated.generated_by == user_id
backend-hormonia/tests/services/test_report_service_task_compat.py:39:    assert generated.data == payload
backend-hormonia/tests/services/test_report_service_task_compat.py:40:    assert str(generated.id) in service._query_cache
backend-hormonia/tests/services/test_report_service_task_compat.py:42:    service.generate_patient_report.assert_awaited_once_with(
backend-hormonia/tests/services/test_report_service_task_compat.py:50:def test_generate_pdf_report_uses_cached_artifact():
backend-hormonia/tests/services/test_report_service_task_compat.py:52:    report_id = uuid4()
backend-hormonia/tests/services/test_report_service_task_compat.py:55:    service._query_cache[str(report_id)] = {
backend-hormonia/tests/services/test_report_service_task_compat.py:56:        "id": report_id,
backend-hormonia/tests/services/test_report_service_task_compat.py:60:        "generated_by": uuid4(),
backend-hormonia/tests/services/test_report_service_task_compat.py:61:        "format": "pdf",
backend-hormonia/tests/services/test_report_service_task_compat.py:73:    fake_pdf_generator = Mock()
backend-hormonia/tests/services/test_report_service_task_compat.py:74:    fake_pdf_generator.generate_summary_report.return_value = b"%PDF-1.4 test"
backend-hormonia/tests/services/test_report_service_task_compat.py:77:        "app.services.reporting.report.get_pdf_generator",
backend-hormonia/tests/services/test_report_service_task_compat.py:78:        return_value=fake_pdf_generator,
backend-hormonia/tests/services/test_report_service_task_compat.py:80:        pdf_bytes = service.generate_pdf_report(report_id)
backend-hormonia/tests/services/test_report_service_task_compat.py:82:    assert pdf_bytes == b"%PDF-1.4 test"
backend-hormonia/tests/services/test_report_service_task_compat.py:83:    assert fake_pdf_generator.generate_summary_report.call_count == 1
backend-hormonia/tests/services/test_report_service_task_compat.py:86:def test_generate_pdf_report_raises_when_artifact_is_missing():
backend-hormonia/tests/services/test_report_service_task_compat.py:89:        service.generate_pdf_report(uuid4())
backend-hormonia/app/tasks/__init__.py:26:    generate_quiz_report,
backend-hormonia/app/tasks/__init__.py:64:from .reports_taskiq import (
backend-hormonia/app/tasks/__init__.py:65:    generate_patient_report,
backend-hormonia/app/tasks/__init__.py:66:    generate_scheduled_reports,
backend-hormonia/app/tasks/__init__.py:118:    generate_daily_report,
backend-hormonia/app/tasks/__init__.py:146:    "generate_quiz_report",
backend-hormonia/app/tasks/__init__.py:173:    "generate_patient_report",
backend-hormonia/app/tasks/__init__.py:174:    "generate_scheduled_reports",
backend-hormonia/app/tasks/__init__.py:208:    "generate_daily_report",
backend-hormonia/tests/unit/services/flow/test_sequential_message_handler_split_contract.py:36:    for file_path in files:
backend-hormonia/tests/unit/services/flow/test_sequential_message_handler_split_contract.py:37:        line_count = len(file_path.read_text(encoding="utf-8").splitlines())
backend-hormonia/tests/unit/services/flow/test_sequential_message_handler_split_contract.py:38:        assert line_count < 500, f"{file_path} has {line_count} lines"
backend-hormonia/app/utils/error_tracking.py:320:            "summary_generated_at": now_sao_paulo().isoformat(),
backend-hormonia/tests/domain/analytics/test_quiz_completion_period_metrics.py:7:from app.domain.analytics.report_builder import ReportBuilder
backend-hormonia/tests/domain/analytics/test_quiz_completion_period_metrics.py:9:from app.schemas.report import PatientAnalytics
backend-hormonia/tests/domain/analytics/test_quiz_completion_period_metrics.py:95:def test_report_builder_quiz_trends_uses_responded_at_period():
backend-hormonia/tests/api/critical/conftest.py:386:        "alert_generated",
backend-hormonia/tests/api/critical/conftest.py:485:        if "alert_generated" in missing_columns:
backend-hormonia/tests/api/critical/conftest.py:486:            connection.execute(text("ALTER TABLE audit_logs ADD COLUMN IF NOT EXISTS alert_generated BOOLEAN"))
backend-hormonia/tests/api/v2/test_enhanced_reports.py:3:Comprehensive test coverage for advanced reporting features.
backend-hormonia/tests/api/v2/test_enhanced_reports.py:6:- Custom report builder with drag-and-drop fields
backend-hormonia/tests/api/v2/test_enhanced_reports.py:75:    """Tests for custom report builder endpoints."""
backend-hormonia/tests/api/v2/test_enhanced_reports.py:77:    def test_build_custom_report_success(self, client, mock_redis, mock_db, mock_current_user_doctor):
backend-hormonia/tests/api/v2/test_enhanced_reports.py:78:        """Test successful custom report building."""
backend-hormonia/tests/api/v2/test_enhanced_reports.py:79:        with patch("app.api.v2.routers.enhanced_reports.get_current_user_from_session", return_value=mock_current_user_doctor), \
backend-hormonia/tests/api/v2/test_enhanced_reports.py:80:             patch("app.api.v2.routers.enhanced_reports.get_db", return_value=mock_db):
backend-hormonia/tests/api/v2/test_enhanced_reports.py:104:            response = client.post("/api/v2/enhanced-reports/builder", json=request_data)
backend-hormonia/tests/api/v2/test_enhanced_reports.py:112:    def test_build_report_invalid_data_source(self, client, mock_current_user_doctor):
backend-hormonia/tests/api/v2/test_enhanced_reports.py:113:        """Test report builder with invalid data source."""
backend-hormonia/tests/api/v2/test_enhanced_reports.py:114:        with patch("app.api.v2.routers.enhanced_reports.get_current_user_from_session", return_value=mock_current_user_doctor):
backend-hormonia/tests/api/v2/test_enhanced_reports.py:128:            response = client.post("/api/v2/enhanced-reports/builder", json=request_data)
backend-hormonia/tests/api/v2/test_enhanced_reports.py:132:    def test_build_report_with_grouping_and_sorting(self, client, mock_redis, mock_db, mock_current_user_admin):
backend-hormonia/tests/api/v2/test_enhanced_reports.py:133:        """Test report builder with grouping and sorting."""
backend-hormonia/tests/api/v2/test_enhanced_reports.py:134:        with patch("app.api.v2.routers.enhanced_reports.get_current_user_from_session", return_value=mock_current_user_admin), \
backend-hormonia/tests/api/v2/test_enhanced_reports.py:135:             patch("app.api.v2.routers.enhanced_reports.get_db", return_value=mock_db):
backend-hormonia/tests/api/v2/test_enhanced_reports.py:152:            response = client.post("/api/v2/enhanced-reports/builder", json=request_data)
backend-hormonia/tests/api/v2/test_enhanced_reports.py:156:    def test_get_builder_report_success(self, client, mock_redis, mock_current_user_doctor):
backend-hormonia/tests/api/v2/test_enhanced_reports.py:157:        """Test getting builder report status."""
backend-hormonia/tests/api/v2/test_enhanced_reports.py:159:        cached_report = {
backend-hormonia/tests/api/v2/test_enhanced_reports.py:167:        with patch("app.api.v2.routers.enhanced_reports.get_current_user_from_session", return_value=mock_current_user_doctor), \
backend-hormonia/tests/api/v2/test_enhanced_reports.py:168:             patch("app.api.v2.routers.enhanced_reports._get_cached_result", return_value=cached_report):
backend-hormonia/tests/api/v2/test_enhanced_reports.py:170:            response = client.get(f"/api/v2/enhanced-reports/builder/{builder_id}")
backend-hormonia/tests/api/v2/test_enhanced_reports.py:177:    def test_download_builder_report_csv(self, client, mock_redis, mock_current_user_doctor):
backend-hormonia/tests/api/v2/test_enhanced_reports.py:178:        """Test downloading builder report as CSV."""
backend-hormonia/tests/api/v2/test_enhanced_reports.py:180:        cached_report = {
backend-hormonia/tests/api/v2/test_enhanced_reports.py:189:        with patch("app.api.v2.routers.enhanced_reports.get_current_user_from_session", return_value=mock_current_user_doctor), \
backend-hormonia/tests/api/v2/test_enhanced_reports.py:190:             patch("app.api.v2.routers.enhanced_reports._get_cached_result", return_value=cached_report):
backend-hormonia/tests/api/v2/test_enhanced_reports.py:192:            response = client.get(f"/api/v2/enhanced-reports/builder/{builder_id}/download?format=csv")
backend-hormonia/tests/api/v2/test_enhanced_reports.py:207:        with patch("app.api.v2.routers.enhanced_reports.get_current_user_from_session", return_value=mock_current_user_doctor), \
backend-hormonia/tests/api/v2/test_enhanced_reports.py:208:             patch("app.api.v2.routers.enhanced_reports.get_db", return_value=mock_db), \
backend-hormonia/tests/api/v2/test_enhanced_reports.py:209:             patch("app.api.v2.routers.enhanced_reports._check_report_access", return_value=True):
backend-hormonia/tests/api/v2/test_enhanced_reports.py:212:                "report_id": str(uuid4()),
backend-hormonia/tests/api/v2/test_enhanced_reports.py:224:            response = client.post("/api/v2/enhanced-reports/visualizations", json=request_data)
backend-hormonia/tests/api/v2/test_enhanced_reports.py:233:        with patch("app.api.v2.routers.enhanced_reports.get_current_user_from_session", return_value=mock_current_user_admin), \
backend-hormonia/tests/api/v2/test_enhanced_reports.py:234:             patch("app.api.v2.routers.enhanced_reports.get_db", return_value=mock_db), \
backend-hormonia/tests/api/v2/test_enhanced_reports.py:235:             patch("app.api.v2.routers.enhanced_reports._check_report_access", return_value=True):
backend-hormonia/tests/api/v2/test_enhanced_reports.py:238:                "report_id": str(uuid4()),
backend-hormonia/tests/api/v2/test_enhanced_reports.py:248:            response = client.post("/api/v2/enhanced-reports/visualizations", json=request_data)
backend-hormonia/tests/api/v2/test_enhanced_reports.py:256:        with patch("app.api.v2.routers.enhanced_reports.get_current_user_from_session", return_value=mock_current_user_doctor), \
backend-hormonia/tests/api/v2/test_enhanced_reports.py:257:             patch("app.api.v2.routers.enhanced_reports.get_db", return_value=mock_db), \
backend-hormonia/tests/api/v2/test_enhanced_reports.py:258:             patch("app.api.v2.routers.enhanced_reports._check_report_access", return_value=False):
backend-hormonia/tests/api/v2/test_enhanced_reports.py:261:                "report_id": str(uuid4()),
backend-hormonia/tests/api/v2/test_enhanced_reports.py:268:            response = client.post("/api/v2/enhanced-reports/visualizations", json=request_data)
backend-hormonia/tests/api/v2/test_enhanced_reports.py:281:        with patch("app.api.v2.routers.enhanced_reports.get_current_user_from_session", return_value=mock_current_user_doctor), \
backend-hormonia/tests/api/v2/test_enhanced_reports.py:282:             patch("app.api.v2.routers.enhanced_reports._get_cached_result", return_value=cached_viz):
backend-hormonia/tests/api/v2/test_enhanced_reports.py:284:            response = client.get(f"/api/v2/enhanced-reports/visualizations/{viz_id}")
backend-hormonia/tests/api/v2/test_enhanced_reports.py:294:        with patch("app.api.v2.routers.enhanced_reports.get_current_user_from_session", return_value=mock_current_user_admin), \
backend-hormonia/tests/api/v2/test_enhanced_reports.py:295:             patch("app.api.v2.routers.enhanced_reports.get_db", return_value=mock_db):
backend-hormonia/tests/api/v2/test_enhanced_reports.py:297:            response = client.delete(f"/api/v2/enhanced-reports/visualizations/{viz_id}")
backend-hormonia/tests/api/v2/test_enhanced_reports.py:307:    """Tests for scheduled report delivery."""
backend-hormonia/tests/api/v2/test_enhanced_reports.py:311:        with patch("app.api.v2.routers.enhanced_reports.get_current_user_from_session", return_value=mock_current_user_doctor), \
backend-hormonia/tests/api/v2/test_enhanced_reports.py:312:             patch("app.api.v2.routers.enhanced_reports.get_db", return_value=mock_db), \
backend-hormonia/tests/api/v2/test_enhanced_reports.py:313:             patch("app.api.v2.routers.enhanced_reports._check_report_access", return_value=True):
backend-hormonia/tests/api/v2/test_enhanced_reports.py:316:                "report_id": str(uuid4()),
backend-hormonia/tests/api/v2/test_enhanced_reports.py:330:                    "attach_report": True
backend-hormonia/tests/api/v2/test_enhanced_reports.py:332:                "export_format": "pdf"
backend-hormonia/tests/api/v2/test_enhanced_reports.py:335:            response = client.post("/api/v2/enhanced-reports/delivery/schedules", json=request_data)
backend-hormonia/tests/api/v2/test_enhanced_reports.py:345:        with patch("app.api.v2.routers.enhanced_reports.get_current_user_from_session", return_value=mock_current_user_admin), \
backend-hormonia/tests/api/v2/test_enhanced_reports.py:346:             patch("app.api.v2.routers.enhanced_reports.get_db", return_value=mock_db), \
backend-hormonia/tests/api/v2/test_enhanced_reports.py:347:             patch("app.api.v2.routers.enhanced_reports._check_report_access", return_value=True):
backend-hormonia/tests/api/v2/test_enhanced_reports.py:350:                "report_id": str(uuid4()),
backend-hormonia/tests/api/v2/test_enhanced_reports.py:359:                    "url": "https://api.example.com/reports",
backend-hormonia/tests/api/v2/test_enhanced_reports.py:367:            response = client.post("/api/v2/enhanced-reports/delivery/schedules", json=request_data)
