..............                                                           [100%]
=============================== warnings summary ===============================
../../../../home/joaov/.local/lib/python3.12/site-packages/pydantic/_internal/_generate_schema.py:319
../../../../home/joaov/.local/lib/python3.12/site-packages/pydantic/_internal/_generate_schema.py:319
../../../../home/joaov/.local/lib/python3.12/site-packages/pydantic/_internal/_generate_schema.py:319
../../../../home/joaov/.local/lib/python3.12/site-packages/pydantic/_internal/_generate_schema.py:319
../../../../home/joaov/.local/lib/python3.12/site-packages/pydantic/_internal/_generate_schema.py:319
../../../../home/joaov/.local/lib/python3.12/site-packages/pydantic/_internal/_generate_schema.py:319
../../../../home/joaov/.local/lib/python3.12/site-packages/pydantic/_internal/_generate_schema.py:319
../../../../home/joaov/.local/lib/python3.12/site-packages/pydantic/_internal/_generate_schema.py:319
../../../../home/joaov/.local/lib/python3.12/site-packages/pydantic/_internal/_generate_schema.py:319
  /home/joaov/.local/lib/python3.12/site-packages/pydantic/_internal/_generate_schema.py:319: PydanticDeprecatedSince20: `json_encoders` is deprecated. See https://docs.pydantic.dev/2.12/concepts/serialization/#custom-serializers for alternatives. Deprecated in Pydantic V2.0 to be removed in V3.0. See Pydantic V2 Migration Guide at https://errors.pydantic.dev/2.12/migration/
    warnings.warn(

backend-hormonia/app/schemas/flow.py:399
  /mnt/c/Meu Projetos/clinica-oncologica-v02-1/backend-hormonia/app/schemas/flow.py:399: PydanticDeprecatedSince20: Using extra keyword arguments on `Field` is deprecated and will be removed. Use `json_schema_extra` instead. (Extra keys: 'example'). Deprecated in Pydantic V2.0 to be removed in V3.0. See Pydantic V2 Migration Guide at https://errors.pydantic.dev/2.12/migration/
    reason: Optional[str] = Field(

backend-hormonia/app/schemas/flow.py:405
  /mnt/c/Meu Projetos/clinica-oncologica-v02-1/backend-hormonia/app/schemas/flow.py:405: PydanticDeprecatedSince20: Using extra keyword arguments on `Field` is deprecated and will be removed. Use `json_schema_extra` instead. (Extra keys: 'example'). Deprecated in Pydantic V2.0 to be removed in V3.0. See Pydantic V2 Migration Guide at https://errors.pydantic.dev/2.12/migration/
    duration_hours: Optional[int] = Field(

backend-hormonia/app/schemas/flow.py:442
  /mnt/c/Meu Projetos/clinica-oncologica-v02-1/backend-hormonia/app/schemas/flow.py:442: PydanticDeprecatedSince20: Using extra keyword arguments on `Field` is deprecated and will be removed. Use `json_schema_extra` instead. (Extra keys: 'example'). Deprecated in Pydantic V2.0 to be removed in V3.0. See Pydantic V2 Migration Guide at https://errors.pydantic.dev/2.12/migration/
    force_day: Optional[int] = Field(

backend-hormonia/app/schemas/v2/reports.py:67
  /mnt/c/Meu Projetos/clinica-oncologica-v02-1/backend-hormonia/app/schemas/v2/reports.py:67: PydanticDeprecatedSince20: `max_items` is deprecated and will be removed, use `max_length` instead. Deprecated in Pydantic V2.0 to be removed in V3.0. See Pydantic V2 Migration Guide at https://errors.pydantic.dev/2.12/migration/
    patient_ids: Optional[List[UUID]] = Field(None, max_items=1000)

backend-hormonia/app/schemas/v2/reports.py:68
  /mnt/c/Meu Projetos/clinica-oncologica-v02-1/backend-hormonia/app/schemas/v2/reports.py:68: PydanticDeprecatedSince20: `max_items` is deprecated and will be removed, use `max_length` instead. Deprecated in Pydantic V2.0 to be removed in V3.0. See Pydantic V2 Migration Guide at https://errors.pydantic.dev/2.12/migration/
    doctor_ids: Optional[List[UUID]] = Field(None, max_items=100)

backend-hormonia/app/schemas/v2/reports.py:265
  /mnt/c/Meu Projetos/clinica-oncologica-v02-1/backend-hormonia/app/schemas/v2/reports.py:265: PydanticDeprecatedSince20: `min_items` is deprecated and will be removed, use `min_length` instead. Deprecated in Pydantic V2.0 to be removed in V3.0. See Pydantic V2 Migration Guide at https://errors.pydantic.dev/2.12/migration/
    recipient_emails: List[str] = Field(..., min_items=1, max_items=10)

backend-hormonia/app/schemas/v2/reports.py:265
  /mnt/c/Meu Projetos/clinica-oncologica-v02-1/backend-hormonia/app/schemas/v2/reports.py:265: PydanticDeprecatedSince20: `max_items` is deprecated and will be removed, use `max_length` instead. Deprecated in Pydantic V2.0 to be removed in V3.0. See Pydantic V2 Migration Guide at https://errors.pydantic.dev/2.12/migration/
    recipient_emails: List[str] = Field(..., min_items=1, max_items=10)

backend-hormonia/app/schemas/v2/reports.py:297
  /mnt/c/Meu Projetos/clinica-oncologica-v02-1/backend-hormonia/app/schemas/v2/reports.py:297: PydanticDeprecatedSince20: `min_items` is deprecated and will be removed, use `min_length` instead. Deprecated in Pydantic V2.0 to be removed in V3.0. See Pydantic V2 Migration Guide at https://errors.pydantic.dev/2.12/migration/
    recipient_emails: Optional[List[str]] = Field(None, min_items=1, max_items=10)

backend-hormonia/app/schemas/v2/reports.py:297
  /mnt/c/Meu Projetos/clinica-oncologica-v02-1/backend-hormonia/app/schemas/v2/reports.py:297: PydanticDeprecatedSince20: `max_items` is deprecated and will be removed, use `max_length` instead. Deprecated in Pydantic V2.0 to be removed in V3.0. See Pydantic V2 Migration Guide at https://errors.pydantic.dev/2.12/migration/
    recipient_emails: Optional[List[str]] = Field(None, min_items=1, max_items=10)

backend-hormonia/app/schemas/v2/reports.py:360
  /mnt/c/Meu Projetos/clinica-oncologica-v02-1/backend-hormonia/app/schemas/v2/reports.py:360: PydanticDeprecatedSince20: `min_items` is deprecated and will be removed, use `min_length` instead. Deprecated in Pydantic V2.0 to be removed in V3.0. See Pydantic V2 Migration Guide at https://errors.pydantic.dev/2.12/migration/
    sections: List[str] = Field(..., min_items=1)

backend-hormonia/app/schemas/v2/reports.py:378
  /mnt/c/Meu Projetos/clinica-oncologica-v02-1/backend-hormonia/app/schemas/v2/reports.py:378: PydanticDeprecatedSince20: `min_items` is deprecated and will be removed, use `min_length` instead. Deprecated in Pydantic V2.0 to be removed in V3.0. See Pydantic V2 Migration Guide at https://errors.pydantic.dev/2.12/migration/
    sections: Optional[List[str]] = Field(None, min_items=1)

backend-hormonia/app/api/v2/routers/patients/flow_responses.py:35
  /mnt/c/Meu Projetos/clinica-oncologica-v02-1/backend-hormonia/app/api/v2/routers/patients/flow_responses.py:35: PydanticDeprecatedSince20: Support for class-based `config` is deprecated, use ConfigDict instead. Deprecated in Pydantic V2.0 to be removed in V3.0. See Pydantic V2 Migration Guide at https://errors.pydantic.dev/2.12/migration/
    class FlowResponseItem(BaseModel):

../../../../home/joaov/.local/lib/python3.12/site-packages/passlib/utils/__init__.py:854
  /home/joaov/.local/lib/python3.12/site-packages/passlib/utils/__init__.py:854: DeprecationWarning: 'crypt' is deprecated and slated for removal in Python 3.13
    from crypt import crypt as _crypt

backend-hormonia/app/schemas/v2/enhanced_messages.py:581
  /mnt/c/Meu Projetos/clinica-oncologica-v02-1/backend-hormonia/app/schemas/v2/enhanced_messages.py:581: PydanticDeprecatedSince20: `min_items` is deprecated and will be removed, use `min_length` instead. Deprecated in Pydantic V2.0 to be removed in V3.0. See Pydantic V2 Migration Guide at https://errors.pydantic.dev/2.12/migration/
    patient_ids: List[str] = Field(..., min_items=1, max_items=1000)

backend-hormonia/app/schemas/v2/enhanced_messages.py:581
  /mnt/c/Meu Projetos/clinica-oncologica-v02-1/backend-hormonia/app/schemas/v2/enhanced_messages.py:581: PydanticDeprecatedSince20: `max_items` is deprecated and will be removed, use `max_length` instead. Deprecated in Pydantic V2.0 to be removed in V3.0. See Pydantic V2 Migration Guide at https://errors.pydantic.dev/2.12/migration/
    patient_ids: List[str] = Field(..., min_items=1, max_items=1000)

backend-hormonia/app/schemas/v2/enhanced_quiz.py:186
  /mnt/c/Meu Projetos/clinica-oncologica-v02-1/backend-hormonia/app/schemas/v2/enhanced_quiz.py:186: PydanticDeprecatedSince20: `min_items` is deprecated and will be removed, use `min_length` instead. Deprecated in Pydantic V2.0 to be removed in V3.0. See Pydantic V2 Migration Guide at https://errors.pydantic.dev/2.12/migration/
    questions: List[QuizQuestion] = Field(

backend-hormonia/app/schemas/v2/enhanced_quiz.py:556
  /mnt/c/Meu Projetos/clinica-oncologica-v02-1/backend-hormonia/app/schemas/v2/enhanced_quiz.py:556: PydanticDeprecatedSince20: `min_items` is deprecated and will be removed, use `min_length` instead. Deprecated in Pydantic V2.0 to be removed in V3.0. See Pydantic V2 Migration Guide at https://errors.pydantic.dev/2.12/migration/
    patient_ids: List[str] = Field(

backend-hormonia/app/schemas/v2/enhanced_reports.py:122
  /mnt/c/Meu Projetos/clinica-oncologica-v02-1/backend-hormonia/app/schemas/v2/enhanced_reports.py:122: PydanticDeprecatedSince20: `min_items` is deprecated and will be removed, use `min_length` instead. Deprecated in Pydantic V2.0 to be removed in V3.0. See Pydantic V2 Migration Guide at https://errors.pydantic.dev/2.12/migration/
    fields: List[ReportFieldConfig] = Field(..., min_items=1, max_items=50)

backend-hormonia/app/schemas/v2/enhanced_reports.py:122
  /mnt/c/Meu Projetos/clinica-oncologica-v02-1/backend-hormonia/app/schemas/v2/enhanced_reports.py:122: PydanticDeprecatedSince20: `max_items` is deprecated and will be removed, use `max_length` instead. Deprecated in Pydantic V2.0 to be removed in V3.0. See Pydantic V2 Migration Guide at https://errors.pydantic.dev/2.12/migration/
    fields: List[ReportFieldConfig] = Field(..., min_items=1, max_items=50)

backend-hormonia/app/schemas/v2/enhanced_reports.py:129
  /mnt/c/Meu Projetos/clinica-oncologica-v02-1/backend-hormonia/app/schemas/v2/enhanced_reports.py:129: PydanticDeprecatedSince20: `max_items` is deprecated and will be removed, use `max_length` instead. Deprecated in Pydantic V2.0 to be removed in V3.0. See Pydantic V2 Migration Guide at https://errors.pydantic.dev/2.12/migration/
    group_by: Optional[List[str]] = Field(None, max_items=5)

backend-hormonia/app/schemas/v2/enhanced_reports.py:267
  /mnt/c/Meu Projetos/clinica-oncologica-v02-1/backend-hormonia/app/schemas/v2/enhanced_reports.py:267: PydanticDeprecatedSince20: `min_items` is deprecated and will be removed, use `min_length` instead. Deprecated in Pydantic V2.0 to be removed in V3.0. See Pydantic V2 Migration Guide at https://errors.pydantic.dev/2.12/migration/
    recipients: List[str] = Field(..., min_items=1, max_items=20)

backend-hormonia/app/schemas/v2/enhanced_reports.py:267
  /mnt/c/Meu Projetos/clinica-oncologica-v02-1/backend-hormonia/app/schemas/v2/enhanced_reports.py:267: PydanticDeprecatedSince20: `max_items` is deprecated and will be removed, use `max_length` instead. Deprecated in Pydantic V2.0 to be removed in V3.0. See Pydantic V2 Migration Guide at https://errors.pydantic.dev/2.12/migration/
    recipients: List[str] = Field(..., min_items=1, max_items=20)

backend-hormonia/app/schemas/v2/enhanced_reports.py:268
  /mnt/c/Meu Projetos/clinica-oncologica-v02-1/backend-hormonia/app/schemas/v2/enhanced_reports.py:268: PydanticDeprecatedSince20: `max_items` is deprecated and will be removed, use `max_length` instead. Deprecated in Pydantic V2.0 to be removed in V3.0. See Pydantic V2 Migration Guide at https://errors.pydantic.dev/2.12/migration/
    cc: Optional[List[str]] = Field(None, max_items=10)

backend-hormonia/app/schemas/v2/enhanced_reports.py:365
  /mnt/c/Meu Projetos/clinica-oncologica-v02-1/backend-hormonia/app/schemas/v2/enhanced_reports.py:365: PydanticDeprecatedSince20: `min_items` is deprecated and will be removed, use `min_length` instead. Deprecated in Pydantic V2.0 to be removed in V3.0. See Pydantic V2 Migration Guide at https://errors.pydantic.dev/2.12/migration/
    user_ids: List[UUID] = Field(..., min_items=1, max_items=50)

backend-hormonia/app/schemas/v2/enhanced_reports.py:365
  /mnt/c/Meu Projetos/clinica-oncologica-v02-1/backend-hormonia/app/schemas/v2/enhanced_reports.py:365: PydanticDeprecatedSince20: `max_items` is deprecated and will be removed, use `max_length` instead. Deprecated in Pydantic V2.0 to be removed in V3.0. See Pydantic V2 Migration Guide at https://errors.pydantic.dev/2.12/migration/
    user_ids: List[UUID] = Field(..., min_items=1, max_items=50)

backend-hormonia/app/schemas/v2/enhanced_reports.py:467
  /mnt/c/Meu Projetos/clinica-oncologica-v02-1/backend-hormonia/app/schemas/v2/enhanced_reports.py:467: PydanticDeprecatedSince20: `min_items` is deprecated and will be removed, use `min_length` instead. Deprecated in Pydantic V2.0 to be removed in V3.0. See Pydantic V2 Migration Guide at https://errors.pydantic.dev/2.12/migration/
    formats: List[ExportFormat] = Field(..., min_items=1, max_items=5)

backend-hormonia/app/schemas/v2/enhanced_reports.py:467
  /mnt/c/Meu Projetos/clinica-oncologica-v02-1/backend-hormonia/app/schemas/v2/enhanced_reports.py:467: PydanticDeprecatedSince20: `max_items` is deprecated and will be removed, use `max_length` instead. Deprecated in Pydantic V2.0 to be removed in V3.0. See Pydantic V2 Migration Guide at https://errors.pydantic.dev/2.12/migration/
    formats: List[ExportFormat] = Field(..., min_items=1, max_items=5)

backend-hormonia/app/schemas/v2/enhanced_reports.py:556
  /mnt/c/Meu Projetos/clinica-oncologica-v02-1/backend-hormonia/app/schemas/v2/enhanced_reports.py:556: PydanticDeprecatedSince20: `min_items` is deprecated and will be removed, use `min_length` instead. Deprecated in Pydantic V2.0 to be removed in V3.0. See Pydantic V2 Migration Guide at https://errors.pydantic.dev/2.12/migration/
    widgets: List[DashboardWidgetConfig] = Field(..., min_items=1, max_items=50)

backend-hormonia/app/schemas/v2/enhanced_reports.py:556
  /mnt/c/Meu Projetos/clinica-oncologica-v02-1/backend-hormonia/app/schemas/v2/enhanced_reports.py:556: PydanticDeprecatedSince20: `max_items` is deprecated and will be removed, use `max_length` instead. Deprecated in Pydantic V2.0 to be removed in V3.0. See Pydantic V2 Migration Guide at https://errors.pydantic.dev/2.12/migration/
    widgets: List[DashboardWidgetConfig] = Field(..., min_items=1, max_items=50)

backend-hormonia/app/schemas/v2/physician_patients.py:15
  /mnt/c/Meu Projetos/clinica-oncologica-v02-1/backend-hormonia/app/schemas/v2/physician_patients.py:15: PydanticDeprecatedSince20: Support for class-based `config` is deprecated, use ConfigDict instead. Deprecated in Pydantic V2.0 to be removed in V3.0. See Pydantic V2 Migration Guide at https://errors.pydantic.dev/2.12/migration/
    class PhysicianPatientItem(BaseModel):

backend-hormonia/app/schemas/ai_schemas.py:46
  /mnt/c/Meu Projetos/clinica-oncologica-v02-1/backend-hormonia/app/schemas/ai_schemas.py:46: PydanticDeprecatedSince20: Pydantic V1 style `@validator` validators are deprecated. You should migrate to Pydantic V2 style `@field_validator` validators, see the migration guide for more details. Deprecated in Pydantic V2.0 to be removed in V3.0. See Pydantic V2 Migration Guide at https://errors.pydantic.dev/2.12/migration/
    @validator("sentiment", pre=True, always=True)

backend-hormonia/app/schemas/ai_schemas.py:55
  /mnt/c/Meu Projetos/clinica-oncologica-v02-1/backend-hormonia/app/schemas/ai_schemas.py:55: PydanticDeprecatedSince20: Pydantic V1 style `@validator` validators are deprecated. You should migrate to Pydantic V2 style `@field_validator` validators, see the migration guide for more details. Deprecated in Pydantic V2.0 to be removed in V3.0. See Pydantic V2 Migration Guide at https://errors.pydantic.dev/2.12/migration/
    @validator("medical_concerns", pre=True, always=True)

-- Docs: https://docs.pytest.org/en/stable/how-to/capture-warnings.html
14 passed, 41 warnings in 20.85s
