backend-hormonia/tests/validation/test_security_comprehensive.py:115:        tampered_token = token[:-10] + "0" * 10  # Change last 10 chars
backend-hormonia/tests/security/test_csrf_comprehensive.py:632:        # Invalid tokens with unicode should be rejected
backend-hormonia/tests/security/test_cors_csrf_integration.py:110:        # Invalid token
backend-hormonia/tests/security/test_security_fixes_p0.py:345:        # Invalid token format
backend-hormonia/app/services/websocket/connection_manager.py:333:                    detail="Invalid token: no subject",
backend-hormonia/tests/api/v2/test_auth_route_corrections.py:65:        mock_firebase.verify_id_token.side_effect = ValueError("Invalid token signature")
backend-hormonia/tests/api/v2/test_auth_route_corrections.py:333:        mock_firebase.verify_id_token.side_effect = ValueError("Invalid token")
backend-hormonia/tests/api/v2/test_auth_login_comprehensive.py:186:            mock_verify.side_effect = Exception("Token expired")
backend-hormonia/tests/api/v2/test_auth.py:1452:            mock_verify.side_effect = ValueError("Invalid token")
backend-hormonia/tests/api/v2/test_auth.py:1468:            mock_verify.side_effect = ValueError("Token expired")
backend-hormonia/tests/api/test_error_responses.py:72:        raise UnauthorizedError("Invalid token")
backend-hormonia/tests/api/test_error_responses.py:232:    assert data["message"] == "Invalid token"
backend-hormonia/app/core/encryption.py:151:            logger.error("Decryption failed: Invalid token or tampered data")
backend-hormonia/app/core/security.py:82:            raise ValueError("Invalid token type")
backend-hormonia/app/services/audit/quiz_audit.py:58:        token_prefix: str,
backend-hormonia/app/services/audit/quiz_audit.py:69:            event_data={"token_prefix": token_prefix},
backend-hormonia/app/services/audit/quiz_audit.py:99:    def log_invalid_access_attempt(
backend-hormonia/app/services/audit/quiz_audit.py:104:        token_prefix: Optional[str] = None,
backend-hormonia/app/services/audit/quiz_audit.py:113:            event_data={"reason": reason, "token_prefix": token_prefix},
backend-hormonia/app/domain/quizzes/session/token_manager.py:85:            logger.warning("Token expired", extra={"token_prefix": token[:10]})
backend-hormonia/app/domain/quizzes/session/token_manager.py:88:            logger.warning(f"Invalid token: {e}", extra={"token_prefix": token[:10]})
backend-hormonia/app/domain/quizzes/security/token_rotation.py:63:        >>>     raise ValidationError(f"Invalid token: {reason}")
backend-hormonia/app/domain/quizzes/security/token_rotation.py:109:                    # Token expired outside grace period
backend-hormonia/app/domain/quizzes/security/token_rotation.py:241:            f"Invalid token for session {session.id}: {validation_reason} "
backend-hormonia/app/domain/quizzes/security/token_rotation.py:391:                old_token_prefix=submit_data.token[:10],
backend-hormonia/app/domain/quizzes/security/token_rotation.py:392:                new_token_prefix=new_token[:10],
backend-hormonia/app/domain/quizzes/resilience/link_resilience.py:306:            old_token_prefix="rotated",  # We don't have the old token here
backend-hormonia/app/domain/quizzes/resilience/link_resilience.py:307:            new_token_prefix=new_token[:10],
backend-hormonia/app/domain/quizzes/manager.py:231:            token_prefix=token[:10],
backend-hormonia/app/monitoring/business_metrics.py:338:        token_prefix: str,
backend-hormonia/app/monitoring/business_metrics.py:351:                    "token_prefix": token_prefix,
backend-hormonia/app/monitoring/business_metrics.py:391:        self, patient_id: str, reason: str, ip_address: str, token_prefix: str
backend-hormonia/app/monitoring/business_metrics.py:403:                    "token_prefix": token_prefix,
backend-hormonia/app/monitoring/business_metrics.py:466:        old_token_prefix: str,
backend-hormonia/app/monitoring/business_metrics.py:467:        new_token_prefix: str,
backend-hormonia/app/monitoring/business_metrics.py:479:                    "old_token_prefix": old_token_prefix,
backend-hormonia/app/monitoring/business_metrics.py:480:                    "new_token_prefix": new_token_prefix,
backend-hormonia/app/services/firebase_auth_service.py:120:            logger.warning("Invalid token format provided")
backend-hormonia/app/services/firebase_auth_service.py:123:                detail="Invalid token format",
backend-hormonia/app/services/firebase_auth_circuit_breaker.py:115:            logger.warning("Invalid token format provided")
backend-hormonia/app/services/firebase_auth_circuit_breaker.py:118:                detail="Invalid token format",
backend-hormonia/app/api/v2/routers/debug/auth.py:180:            error=f"Invalid token format: {str(e)}",
backend-hormonia/app/api/v2/routers/monthly_quiz_operations/public.py:103:            status_code=status.HTTP_401_UNAUTHORIZED, detail="Invalid token format"
backend-hormonia/app/api/v2/routers/monthly_quiz_operations/public.py:121:            status_code=status.HTTP_401_UNAUTHORIZED, detail="Invalid token format"
backend-hormonia/app/api/v2/routers/monthly_quiz_operations/public.py:178:                status_code=status.HTTP_401_UNAUTHORIZED, detail="Invalid token type"
backend-hormonia/app/api/v2/routers/monthly_quiz_operations/public.py:183:            status_code=status.HTTP_401_UNAUTHORIZED, detail="Invalid token format"
backend-hormonia/app/api/v2/routers/monthly_quiz_operations/public.py:219:            detail="Invalid token payload",
backend-hormonia/app/api/v2/routers/monthly_quiz_operations/public.py:323:                detail="Invalid token type for submission",
backend-hormonia/app/api/v2/routers/monthly_quiz_operations/public.py:328:            status_code=status.HTTP_401_UNAUTHORIZED, detail="Invalid token format"
backend-hormonia/app/api/v2/routers/monthly_quiz_operations/public.py:356:            detail="Invalid token payload",
backend-hormonia/app/api/v2/routers/monthly_quiz_operations/public.py:747:                detail="Invalid token type"
backend-hormonia/app/api/v2/routers/monthly_quiz_operations/public.py:751:        raise HTTPException(status_code=401, detail="Invalid token format")
backend-hormonia/app/api/v2/routers/monthly_quiz_operations/public.py:764:            detail="Invalid token payload",
backend-hormonia/app/services/firebase_auth_shared.py:102:        logger.warning(f"Invalid token: {str(exc)}")
