S01 files
backend-hormonia/app/api/v2/monitoring/__pycache__/whatsapp.cpython-312.pyc
backend-hormonia/app/api/v2/monitoring/__pycache__/wuzapi.cpython-312.pyc
backend-hormonia/app/api/v2/monitoring/whatsapp.py
backend-hormonia/app/api/v2/monitoring/wuzapi.py
backend-hormonia/app/domain/messaging/whatsapp
backend-hormonia/app/domain/messaging/whatsapp/__init__.py
backend-hormonia/app/integrations/whatsapp
backend-hormonia/app/integrations/whatsapp/api
backend-hormonia/app/integrations/whatsapp/api/__init__.py
backend-hormonia/app/integrations/whatsapp/api/__pycache__
backend-hormonia/app/integrations/whatsapp/api/__pycache__/__init__.cpython-312.pyc
backend-hormonia/app/integrations/whatsapp/api/__pycache__/routes.cpython-312.pyc
backend-hormonia/app/integrations/whatsapp/api/__pycache__/webhooks.cpython-312.pyc
backend-hormonia/app/integrations/whatsapp/api/routes.py
backend-hormonia/app/integrations/whatsapp/api/webhooks.py
backend-hormonia/app/integrations/whatsapp/__init__.py
backend-hormonia/app/integrations/whatsapp/metrics.py
backend-hormonia/app/integrations/whatsapp/models
backend-hormonia/app/integrations/whatsapp/models/message.py
backend-hormonia/app/integrations/whatsapp/models/__pycache__
backend-hormonia/app/integrations/whatsapp/models/__pycache__/message.cpython-312.pyc
backend-hormonia/app/integrations/whatsapp/__pycache__
backend-hormonia/app/integrations/whatsapp/__pycache__/__init__.cpython-312.pyc
backend-hormonia/app/integrations/whatsapp/__pycache__/metrics.cpython-312.pyc
backend-hormonia/app/integrations/whatsapp/queue
backend-hormonia/app/integrations/whatsapp/queue/dlq.py
backend-hormonia/app/integrations/whatsapp/queue/__init__.py
backend-hormonia/app/integrations/whatsapp/queue/manager.py
backend-hormonia/app/integrations/whatsapp/queue/__pycache__
backend-hormonia/app/integrations/whatsapp/queue/__pycache__/dlq.cpython-312.pyc
backend-hormonia/app/integrations/whatsapp/queue/__pycache__/__init__.cpython-312.pyc
backend-hormonia/app/integrations/whatsapp/queue/__pycache__/manager.cpython-312.pyc
backend-hormonia/app/integrations/whatsapp/queue/__pycache__/schemas.cpython-312.pyc
backend-hormonia/app/integrations/whatsapp/queue/schemas.py
backend-hormonia/app/integrations/whatsapp/security
backend-hormonia/app/integrations/whatsapp/security/hmac_validator.py
backend-hormonia/app/integrations/whatsapp/security/__init__.py
backend-hormonia/app/integrations/whatsapp/security/__pycache__
backend-hormonia/app/integrations/whatsapp/security/__pycache__/hmac_validator.cpython-312.pyc
backend-hormonia/app/integrations/whatsapp/security/__pycache__/__init__.cpython-312.pyc
backend-hormonia/app/integrations/whatsapp/services
backend-hormonia/app/integrations/whatsapp/services/evolution_client.py
backend-hormonia/app/integrations/whatsapp/services/message_service.py
backend-hormonia/app/integrations/whatsapp/services/mock_evolution.py
backend-hormonia/app/integrations/whatsapp/services/__pycache__
backend-hormonia/app/integrations/whatsapp/services/__pycache__/evolution_client.cpython-312.pyc
backend-hormonia/app/integrations/whatsapp/services/__pycache__/message_service.cpython-312.pyc
backend-hormonia/app/integrations/whatsapp/services/__pycache__/mock_evolution.cpython-312.pyc
backend-hormonia/app/integrations/whatsapp/webhook_handler.py
backend-hormonia/app/integrations/wuzapi
backend-hormonia/app/integrations/wuzapi/client.py
backend-hormonia/app/integrations/wuzapi/errors.py
backend-hormonia/app/integrations/wuzapi/extractor.py
backend-hormonia/app/integrations/wuzapi/__init__.py
backend-hormonia/app/integrations/wuzapi/media.py
backend-hormonia/app/integrations/wuzapi/mock.py
backend-hormonia/app/integrations/wuzapi/models.py
backend-hormonia/app/integrations/wuzapi/__pycache__
backend-hormonia/app/integrations/wuzapi/__pycache__/client.cpython-312.pyc
backend-hormonia/app/integrations/wuzapi/__pycache__/errors.cpython-312.pyc
backend-hormonia/app/integrations/wuzapi/__pycache__/extractor.cpython-312.pyc
backend-hormonia/app/integrations/wuzapi/__pycache__/__init__.cpython-312.pyc
backend-hormonia/app/integrations/wuzapi/__pycache__/media.cpython-312.pyc
backend-hormonia/app/integrations/wuzapi/__pycache__/mock.cpython-312.pyc
backend-hormonia/app/integrations/wuzapi/__pycache__/models.cpython-312.pyc
backend-hormonia/app/integrations/wuzapi/__pycache__/webhook.cpython-312.pyc
backend-hormonia/app/integrations/wuzapi/webhook.py
backend-hormonia/app/services/__pycache__/unified_whatsapp_service.cpython-312.pyc
backend-hormonia/app/services/unified_whatsapp_service.py
backend-hormonia/app/services/whatsapp
backend-hormonia/app/services/whatsapp/analytics.py
backend-hormonia/app/services/whatsapp/__init__.py
backend-hormonia/app/services/whatsapp/message_router.py
backend-hormonia/app/services/whatsapp/__pycache__
backend-hormonia/app/services/whatsapp/__pycache__/analytics.cpython-312.pyc
backend-hormonia/app/services/whatsapp/__pycache__/__init__.cpython-312.pyc
backend-hormonia/app/services/whatsapp/__pycache__/message_router.cpython-312.pyc
backend-hormonia/app/services/whatsapp/__pycache__/security.cpython-312.pyc
backend-hormonia/app/services/whatsapp/security.py
backend-hormonia/app/templates/whatsapp
backend-hormonia/app/templates/whatsapp/empathy
backend-hormonia/app/templates/whatsapp/empathy/concern_1.txt
backend-hormonia/app/templates/whatsapp/empathy/concern_2.txt
backend-hormonia/app/templates/whatsapp/empathy/concern_3.txt
backend-hormonia/app/templates/whatsapp/empathy/__init__.py
backend-hormonia/app/templates/whatsapp/empathy/negative_1.txt
backend-hormonia/app/templates/whatsapp/empathy/negative_2.txt
backend-hormonia/app/templates/whatsapp/empathy/negative_3.txt
backend-hormonia/app/templates/whatsapp/empathy/neutral_1.txt
backend-hormonia/app/templates/whatsapp/empathy/neutral_2.txt
backend-hormonia/app/templates/whatsapp/empathy/neutral_3.txt
backend-hormonia/app/templates/whatsapp/empathy/positive_1.txt
backend-hormonia/app/templates/whatsapp/empathy/positive_2.txt
backend-hormonia/app/templates/whatsapp/empathy/positive_3.txt
backend-hormonia/app/templates/whatsapp/__init__.py
backend-hormonia/app/templates/whatsapp/__pycache__
backend-hormonia/app/templates/whatsapp/__pycache__/__init__.cpython-312.pyc
backend-hormonia/app/templates/whatsapp/__pycache__/welcome_message.cpython-312.pyc
backend-hormonia/app/templates/whatsapp/welcome_message.py
backend-hormonia/app/workers/whatsapp_queue_app.py
backend-hormonia/app/workers/whatsapp_queue_worker.py

router includes
backend-hormonia/tests/conftest.py:7:from urllib.parse import urlparse
backend-hormonia/tests/conftest.py:261:        "action_url",
backend-hormonia/tests/conftest.py:372:        if "action_url" in missing_columns:
backend-hormonia/tests/conftest.py:376:                    "ADD COLUMN IF NOT EXISTS action_url VARCHAR(500)"
backend-hormonia/tests/conftest.py:951:        "photo_url",
backend-hormonia/tests/conftest.py:958:        "avatar_url",
backend-hormonia/tests/conftest.py:969:        connection.execute(text("ALTER TABLE users ADD COLUMN IF NOT EXISTS photo_url VARCHAR(500) NULL"))
backend-hormonia/tests/conftest.py:976:        connection.execute(text("ALTER TABLE users ADD COLUMN IF NOT EXISTS avatar_url VARCHAR(500) NULL"))
backend-hormonia/tests/conftest.py:1008:def _upgrade_postgres_test_schema_to_head(engine, db_url: str) -> None:
backend-hormonia/tests/conftest.py:1015:    config.set_main_option("sqlalchemy.url", db_url)
backend-hormonia/tests/conftest.py:1017:    previous_db_url = os.environ.get("DATABASE_URL")
backend-hormonia/tests/conftest.py:1019:        os.environ["DATABASE_URL"] = db_url
backend-hormonia/tests/conftest.py:1024:        if previous_db_url is None:
backend-hormonia/tests/conftest.py:1027:            os.environ["DATABASE_URL"] = previous_db_url
backend-hormonia/tests/conftest.py:1033:    explicit_test_db_url = os.getenv("TEST_DATABASE_URL")
backend-hormonia/tests/conftest.py:1034:    db_url = explicit_test_db_url or os.getenv("DATABASE_URL")
backend-hormonia/tests/conftest.py:1036:    db_host = urlparse(db_url).hostname if db_url else None
backend-hormonia/tests/conftest.py:1038:    use_local_postgres = bool(db_url and "postgresql" in db_url and (allow_postgres or is_local_host))
backend-hormonia/tests/conftest.py:1046:            db_url,
backend-hormonia/tests/conftest.py:1051:        db_url = "sqlite://"
backend-hormonia/tests/conftest.py:1053:            db_url,
backend-hormonia/tests/conftest.py:1066:    if explicit_test_db_url and use_local_postgres:
backend-hormonia/tests/conftest.py:1067:        _upgrade_postgres_test_schema_to_head(engine, db_url)
backend-hormonia/tests/conftest.py:1471:        photo_url=kwargs.get('photo_url', 'https://example.com/test-user-photo.png'),
backend-hormonia/tests/conftest.py:1499:            photo_url=user.get_photo_url() if hasattr(user, "get_photo_url") else getattr(user, "photo_url", None),
backend-hormonia/tests/conftest.py:1540:            "photo_url": self.user.get_photo_url() if hasattr(self.user, "get_photo_url") else getattr(self.user, "photo_url", None),
backend-hormonia/tests/security/test_utils.py:104:    request.url = Mock(path=path)
backend-hormonia/tests/security/test_utils.py:309:        assert request.url.path == "/api/test"
backend-hormonia/app/api/versioning.py:153:            version = self.extract_version_from_path(request.url.path)
backend-hormonia/tests/runtime/test_mounted_final_schema_proof.py:16:    base_url: str
backend-hormonia/tests/runtime/test_mounted_final_schema_proof.py:25:    base_url = os.getenv("MOUNTED_PROOF_BASE_URL", "").rstrip("/")
backend-hormonia/tests/runtime/test_mounted_final_schema_proof.py:31:    if not base_url or not email or not password:
backend-hormonia/tests/runtime/test_mounted_final_schema_proof.py:38:        base_url=base_url,
backend-hormonia/tests/runtime/test_mounted_final_schema_proof.py:76:        f"{mounted_proof_config.base_url}/health/ready",
backend-hormonia/tests/runtime/test_mounted_final_schema_proof.py:100:        f"{mounted_proof_config.base_url}/api/v2/system/config",
backend-hormonia/tests/runtime/test_mounted_final_schema_proof.py:123:        f"{mounted_proof_config.base_url}/api/v2/auth/login",
backend-hormonia/tests/runtime/test_mounted_final_schema_proof.py:152:        f"{mounted_proof_config.base_url}/api/v2/auth/verify-session",
backend-hormonia/tests/runtime/test_mounted_final_schema_proof.py:170:        f"{mounted_proof_config.base_url}/api/v2/users/me",
backend-hormonia/tests/runtime/test_mounted_final_schema_proof.py:188:        f"{mounted_proof_config.base_url}/api/v2/auth/logout",
backend-hormonia/tests/runtime/test_mounted_final_schema_proof.py:203:        f"{mounted_proof_config.base_url}/api/v2/auth/verify-session",
backend-hormonia/tests/security/test_template_sanitization.py:147:    def test_sanitize_url_allows_https(self):
backend-hormonia/tests/security/test_template_sanitization.py:150:        url = "https://example.com/quiz?id=123"
backend-hormonia/tests/security/test_template_sanitization.py:153:        result = self.sanitizer.sanitize_url(url)
backend-hormonia/tests/security/test_template_sanitization.py:158:    def test_sanitize_url_blocks_javascript(self):
backend-hormonia/tests/security/test_template_sanitization.py:161:        url = "javascript:alert('XSS')"
backend-hormonia/tests/security/test_template_sanitization.py:164:        result = self.sanitizer.sanitize_url(url)
backend-hormonia/tests/security/test_template_sanitization.py:169:    def test_sanitize_url_blocks_data_uri(self):
backend-hormonia/tests/security/test_template_sanitization.py:172:        url = "data:text/html,<script>alert('XSS')</script>"
backend-hormonia/tests/security/test_template_sanitization.py:175:        result = self.sanitizer.sanitize_url(url)
backend-hormonia/app/integrations/wuzapi/__init__.py:15:from app.integrations.wuzapi.media import fetch_and_encode_media
backend-hormonia/app/integrations/wuzapi/__init__.py:20:def get_wuzapi_client(base_url: str = "", token: str = "", **kwargs):
backend-hormonia/app/integrations/wuzapi/__init__.py:28:    return WuzAPIClient(base_url=base_url, token=token, **kwargs)
backend-hormonia/app/integrations/wuzapi/__init__.py:39:    "fetch_and_encode_media",
backend-hormonia/tests/migrations/test_firebase_historical_boundary.py:6:from urllib.parse import urlparse
backend-hormonia/tests/migrations/test_firebase_historical_boundary.py:27:def _get_test_database_url() -> str | None:
backend-hormonia/tests/migrations/test_firebase_historical_boundary.py:31:def _is_local_postgres(db_url: str) -> bool:
backend-hormonia/tests/migrations/test_firebase_historical_boundary.py:32:    parsed = urlparse(db_url)
backend-hormonia/tests/migrations/test_firebase_historical_boundary.py:38:def _make_alembic_config(db_url: str) -> Config:
backend-hormonia/tests/migrations/test_firebase_historical_boundary.py:43:    config.set_main_option("sqlalchemy.url", db_url)
backend-hormonia/tests/migrations/test_firebase_historical_boundary.py:144:    db_url = _get_test_database_url()
backend-hormonia/tests/migrations/test_firebase_historical_boundary.py:145:    if not db_url:
backend-hormonia/tests/migrations/test_firebase_historical_boundary.py:147:    if not _is_local_postgres(db_url):
backend-hormonia/tests/migrations/test_firebase_historical_boundary.py:150:    engine = sa.create_engine(db_url)
backend-hormonia/tests/migrations/test_firebase_historical_boundary.py:178:    db_url = _get_test_database_url()
backend-hormonia/tests/migrations/test_firebase_historical_boundary.py:179:    if not db_url:
backend-hormonia/tests/migrations/test_firebase_historical_boundary.py:181:    if not _is_local_postgres(db_url):
backend-hormonia/tests/migrations/test_firebase_historical_boundary.py:184:    config = _make_alembic_config(db_url)
backend-hormonia/tests/migrations/test_firebase_historical_boundary.py:185:    engine = sa.create_engine(db_url)
backend-hormonia/tests/migrations/test_firebase_historical_boundary.py:187:    previous_db_url = os.environ.get("DATABASE_URL")
backend-hormonia/tests/migrations/test_firebase_historical_boundary.py:189:        os.environ["DATABASE_URL"] = db_url
backend-hormonia/tests/migrations/test_firebase_historical_boundary.py:204:        if previous_db_url is None:
backend-hormonia/tests/migrations/test_firebase_historical_boundary.py:207:            os.environ["DATABASE_URL"] = previous_db_url
backend-hormonia/tests/migrations/test_firebase_historical_boundary.py:214:    db_url = _get_test_database_url()
backend-hormonia/tests/migrations/test_firebase_historical_boundary.py:215:    if not db_url:
backend-hormonia/tests/migrations/test_firebase_historical_boundary.py:217:    if not _is_local_postgres(db_url):
backend-hormonia/tests/migrations/test_firebase_historical_boundary.py:220:    config = _make_alembic_config(db_url)
backend-hormonia/tests/migrations/test_firebase_historical_boundary.py:221:    engine = sa.create_engine(db_url)
backend-hormonia/tests/migrations/test_firebase_historical_boundary.py:223:    previous_db_url = os.environ.get("DATABASE_URL")
backend-hormonia/tests/migrations/test_firebase_historical_boundary.py:225:        os.environ["DATABASE_URL"] = db_url
backend-hormonia/tests/migrations/test_firebase_historical_boundary.py:299:        if previous_db_url is None:
backend-hormonia/tests/migrations/test_firebase_historical_boundary.py:302:            os.environ["DATABASE_URL"] = previous_db_url
backend-hormonia/tests/validation/detailed_import_analysis.py:93:            'statistics', 'subprocess', 'tarfile', 'threading', 'types', 'urllib',
backend-hormonia/tests/core/test_redis_url_utils.py:3:from app.core.redis_manager.utils import build_redis_url_for_db
backend-hormonia/tests/core/test_redis_url_utils.py:6:def test_build_redis_url_for_db_preserves_auth_host_and_query() -> None:
backend-hormonia/tests/core/test_redis_url_utils.py:7:    url = "rediss://default:secret@cache.example.com:6379/0?ssl_cert_reqs=required"
backend-hormonia/tests/core/test_redis_url_utils.py:8:    updated = build_redis_url_for_db(url, 3)
backend-hormonia/tests/core/test_redis_url_utils.py:12:def test_build_redis_url_for_db_overrides_path_even_without_db() -> None:
backend-hormonia/tests/core/test_redis_url_utils.py:13:    url = "redis://localhost:6379"
backend-hormonia/tests/core/test_redis_url_utils.py:14:    updated = build_redis_url_for_db(url, 2)
backend-hormonia/tests/core/test_redis_url_utils.py:18:def test_build_redis_url_for_db_keeps_unparseable_input() -> None:
backend-hormonia/tests/core/test_redis_url_utils.py:19:    url = "localhost:6379"
backend-hormonia/tests/core/test_redis_url_utils.py:20:    updated = build_redis_url_for_db(url, 1)
backend-hormonia/tests/core/test_redis_url_utils.py:21:    assert updated == url
backend-hormonia/tests/migrations/test_drop_unused_quiz_tables_migration.py:3:from urllib.parse import urlparse
backend-hormonia/tests/migrations/test_drop_unused_quiz_tables_migration.py:12:def _get_test_database_url() -> str | None:
backend-hormonia/tests/migrations/test_drop_unused_quiz_tables_migration.py:16:def _is_local_postgres(db_url: str) -> bool:
backend-hormonia/tests/migrations/test_drop_unused_quiz_tables_migration.py:17:    parsed = urlparse(db_url)
backend-hormonia/tests/migrations/test_drop_unused_quiz_tables_migration.py:23:def _make_alembic_config(db_url: str) -> Config:
backend-hormonia/tests/migrations/test_drop_unused_quiz_tables_migration.py:28:    config.set_main_option("sqlalchemy.url", db_url)
backend-hormonia/tests/migrations/test_drop_unused_quiz_tables_migration.py:108:    db_url = _get_test_database_url()
backend-hormonia/tests/migrations/test_drop_unused_quiz_tables_migration.py:109:    if not db_url:
backend-hormonia/tests/migrations/test_drop_unused_quiz_tables_migration.py:111:    if not _is_local_postgres(db_url):
backend-hormonia/tests/migrations/test_drop_unused_quiz_tables_migration.py:114:    config = _make_alembic_config(db_url)
backend-hormonia/tests/migrations/test_drop_unused_quiz_tables_migration.py:115:    engine = sa.create_engine(db_url)
backend-hormonia/tests/migrations/test_drop_unused_quiz_tables_migration.py:118:        previous_db_url = os.environ.get("DATABASE_URL")
backend-hormonia/tests/migrations/test_drop_unused_quiz_tables_migration.py:119:        os.environ["DATABASE_URL"] = db_url
backend-hormonia/tests/migrations/test_drop_unused_quiz_tables_migration.py:147:        if previous_db_url is None:
backend-hormonia/tests/migrations/test_drop_unused_quiz_tables_migration.py:150:            os.environ["DATABASE_URL"] = previous_db_url
backend-hormonia/tests/core/test_redis_manager.py:58:        assert manager.redis_url == "redis://localhost:6379/0"
backend-hormonia/tests/core/test_redis_manager.py:88:        assert "/2" in manager.redis_url
backend-hormonia/tests/core/test_redis_manager.py:115:        assert manager.redis_url == "redis://localhost:6379/0"
backend-hormonia/tests/core/test_redis_manager.py:142:        mock_pool_class.from_url.return_value = mock_pool
backend-hormonia/tests/core/test_redis_manager.py:176:        mock_pool_class.from_url.return_value = mock_pool
backend-hormonia/tests/core/test_redis_manager.py:213:        mock_pool_class.from_url.return_value = mock_pool
backend-hormonia/tests/core/test_redis_manager.py:225:        call_kwargs = mock_pool_class.from_url.call_args[1]
backend-hormonia/tests/core/test_redis_manager.py:230:        call_url = mock_pool_class.from_url.call_args[0][0]
backend-hormonia/tests/core/test_redis_manager.py:231:        assert call_url.startswith("rediss://")
backend-hormonia/tests/core/test_redis_manager.py:254:        mock_pool_class.from_url.return_value = mock_pool
backend-hormonia/tests/core/test_redis_manager.py:286:        mock_pool_class.from_url.return_value = mock_pool
backend-hormonia/tests/core/test_redis_manager.py:298:        call_kwargs = mock_pool_class.from_url.call_args[1]
backend-hormonia/tests/core/test_redis_manager.py:465:        mock_pool_class.from_url.return_value = mock_pool
backend-hormonia/tests/core/test_redis_manager.py:496:        mock_pool_class.from_url.return_value = mock_pool
backend-hormonia/tests/migrations/test_canonical_schema_head_convergence.py:6:from urllib.parse import urlparse
backend-hormonia/tests/migrations/test_canonical_schema_head_convergence.py:33:    "photo_url",
backend-hormonia/tests/migrations/test_canonical_schema_head_convergence.py:40:    "avatar_url",
backend-hormonia/tests/migrations/test_canonical_schema_head_convergence.py:61:    "firebase_photo_url",
backend-hormonia/tests/migrations/test_canonical_schema_head_convergence.py:68:def _get_test_database_url() -> str | None:
backend-hormonia/tests/migrations/test_canonical_schema_head_convergence.py:72:def _is_local_postgres(db_url: str) -> bool:
backend-hormonia/tests/migrations/test_canonical_schema_head_convergence.py:73:    parsed = urlparse(db_url)
backend-hormonia/tests/migrations/test_canonical_schema_head_convergence.py:79:def _make_alembic_config(db_url: str) -> Config:
backend-hormonia/tests/migrations/test_canonical_schema_head_convergence.py:84:    config.set_main_option("sqlalchemy.url", db_url)
backend-hormonia/tests/migrations/test_canonical_schema_head_convergence.py:249:    previous_db_url = os.environ.get("DATABASE_URL")
backend-hormonia/tests/migrations/test_canonical_schema_head_convergence.py:251:        os.environ["DATABASE_URL"] = config.get_main_option("sqlalchemy.url")
backend-hormonia/tests/migrations/test_canonical_schema_head_convergence.py:258:        if previous_db_url is None:
backend-hormonia/tests/migrations/test_canonical_schema_head_convergence.py:261:            os.environ["DATABASE_URL"] = previous_db_url
backend-hormonia/tests/migrations/test_canonical_schema_head_convergence.py:280:    db_url = _get_test_database_url()
backend-hormonia/tests/migrations/test_canonical_schema_head_convergence.py:281:    if not db_url:
backend-hormonia/tests/migrations/test_canonical_schema_head_convergence.py:283:    if not _is_local_postgres(db_url):
backend-hormonia/tests/migrations/test_canonical_schema_head_convergence.py:286:    config = _make_alembic_config(db_url)
backend-hormonia/tests/migrations/test_canonical_schema_head_convergence.py:287:    engine = sa.create_engine(db_url)
backend-hormonia/tests/migrations/test_alembic_operability.py:9:from urllib.parse import urlparse
backend-hormonia/tests/migrations/test_alembic_operability.py:14:from app.db.migrations import MigrationBootstrapError, resolve_migration_database_url
backend-hormonia/tests/migrations/test_alembic_operability.py:66:    database_url: str = SCRUBBED_GRAPH_DATABASE_URL,
backend-hormonia/tests/migrations/test_alembic_operability.py:73:        env=_scrubbed_env({"DATABASE_URL": database_url}),
backend-hormonia/tests/migrations/test_alembic_operability.py:79:def _mask_database_urls(text: str) -> str:
backend-hormonia/tests/migrations/test_alembic_operability.py:115:    stdout = _mask_database_urls(result.stdout)
backend-hormonia/tests/migrations/test_alembic_operability.py:116:    stderr = _mask_database_urls(result.stderr)
backend-hormonia/tests/migrations/test_alembic_operability.py:130:def _get_test_database_url() -> str | None:
backend-hormonia/tests/migrations/test_alembic_operability.py:135:def _is_local_postgres(db_url: str) -> bool:
backend-hormonia/tests/migrations/test_alembic_operability.py:136:    parsed = urlparse(db_url)
backend-hormonia/tests/migrations/test_alembic_operability.py:143:def _reset_schema(database_url: str) -> None:
backend-hormonia/tests/migrations/test_alembic_operability.py:144:    engine = sa.create_engine(database_url)
backend-hormonia/tests/migrations/test_alembic_operability.py:154:def local_test_database_url() -> str:
backend-hormonia/tests/migrations/test_alembic_operability.py:155:    db_url = _get_test_database_url()
backend-hormonia/tests/migrations/test_alembic_operability.py:156:    if not db_url:
backend-hormonia/tests/migrations/test_alembic_operability.py:158:    if not _is_local_postgres(db_url):
backend-hormonia/tests/migrations/test_alembic_operability.py:161:    _reset_schema(db_url)
backend-hormonia/tests/migrations/test_alembic_operability.py:163:        yield db_url
backend-hormonia/tests/migrations/test_alembic_operability.py:165:        _reset_schema(db_url)
backend-hormonia/tests/migrations/test_alembic_operability.py:169:    ("environ", "fallback_url", "expected"),
backend-hormonia/tests/migrations/test_alembic_operability.py:184:def test_db_url_resolution(environ: dict[str, str], fallback_url: str, expected: str) -> None:
backend-hormonia/tests/migrations/test_alembic_operability.py:185:    assert resolve_migration_database_url(environ, fallback_url) == expected
backend-hormonia/tests/migrations/test_alembic_operability.py:189:def test_db_url_resolution_missing_source_has_named_failure() -> None:
backend-hormonia/tests/migrations/test_alembic_operability.py:190:    with pytest.raises(MigrationBootstrapError, match="db_url_resolution failed"):
backend-hormonia/tests/migrations/test_alembic_operability.py:191:        resolve_migration_database_url({}, None)
backend-hormonia/tests/migrations/test_alembic_operability.py:323:            f"stdout:\n{_mask_database_urls(result.stdout)}\n"
backend-hormonia/tests/migrations/test_alembic_operability.py:324:            f"stderr:\n{_mask_database_urls(result.stderr)}"
backend-hormonia/tests/migrations/test_alembic_operability.py:330:    local_test_database_url: str,
backend-hormonia/tests/migrations/test_alembic_operability.py:334:        database_url=local_test_database_url,
backend-hormonia/tests/migrations/test_alembic_operability.py:345:            f"stdout:\n{_mask_database_urls(result.stdout)}\n"
backend-hormonia/tests/migrations/test_alembic_operability.py:346:            f"stderr:\n{_mask_database_urls(result.stderr)}"
backend-hormonia/tests/migrations/test_alembic_operability.py:352:    local_test_database_url: str,
backend-hormonia/tests/migrations/test_alembic_operability.py:356:        database_url=local_test_database_url,
backend-hormonia/tests/migrations/test_alembic_operability.py:364:        database_url=local_test_database_url,
backend-hormonia/tests/migrations/test_alembic_operability.py:374:            f"stdout:\n{_mask_database_urls(current_result.stdout)}\n"
backend-hormonia/tests/migrations/test_alembic_operability.py:375:            f"stderr:\n{_mask_database_urls(current_result.stderr)}"
backend-hormonia/tests/migrations/test_alembic_operability.py:379:        f"stdout:\n{_mask_database_urls(current_result.stdout)}\n"
backend-hormonia/tests/migrations/test_alembic_operability.py:380:        f"stderr:\n{_mask_database_urls(current_result.stderr)}"
backend-hormonia/app/api/v2/user_cache_shared.py:25:    photo_url = user.get_photo_url() if hasattr(user, "get_photo_url") else getattr(user, "photo_url", getattr(user, "firebase_photo_url", None))
backend-hormonia/app/api/v2/user_cache_shared.py:35:        "photo_url": photo_url,
backend-hormonia/tests/core/test_redis_health_and_resilience.py:55:        assert "redis_url" in result
backend-hormonia/app/integrations/wuzapi/media.py:13:async def fetch_and_encode_media(url: str, timeout: int = 30) -> str:
backend-hormonia/app/integrations/wuzapi/media.py:15:    async with aiohttp.ClientSession() as session:
backend-hormonia/app/integrations/wuzapi/media.py:16:        async with session.get(url, timeout=aiohttp.ClientTimeout(total=timeout)) as response:
backend-hormonia/app/integrations/wuzapi/media.py:29:                        f"Media at {url!r} exceeds 16 MB limit ({total} bytes so far)",
backend-hormonia/tests/core/test_monthly_quiz_config.py:23:    def test_valid_https_url_accepted(self):
backend-hormonia/tests/core/test_monthly_quiz_config.py:37:    def test_valid_http_url_accepted(self):
backend-hormonia/tests/core/test_monthly_quiz_config.py:80:    def test_invalid_url_rejected(self):
backend-hormonia/tests/core/test_monthly_quiz_config.py:87:                "QUIZ_BASE_URL": "not-a-valid-url",
backend-hormonia/tests/core/test_monthly_quiz_config.py:96:            assert "QUIZ_BASE_URL" in error_str or "url" in error_str.lower()
backend-hormonia/tests/core/test_monthly_quiz_config.py:98:    def test_empty_url_rejected(self):
backend-hormonia/tests/core/test_monthly_quiz_config.py:115:    def test_whitespace_only_url_rejected(self):
backend-hormonia/tests/core/test_monthly_quiz_config.py:149:    def test_url_with_port_accepted(self):
backend-hormonia/tests/core/test_monthly_quiz_config.py:163:    def test_url_whitespace_trimmed(self):
backend-hormonia/tests/core/test_monthly_quiz_config.py:177:    def test_default_url_valid(self):
backend-hormonia/tests/api/v2/test_webhooks_impl.py:21:        url="https://example.com/webhook",
backend-hormonia/tests/api/v2/test_webhooks_impl.py:45:        assert response.url == "https://example.com/webhook"
backend-hormonia/tests/api/v2/test_webhooks_impl.py:55:        url="https://example.com/webhook",
backend-hormonia/tests/api/v2/test_webhooks_impl.py:93:        url="https://example.com/webhook",
backend-hormonia/tests/middleware/test_refactor_validation.py:22:    monkeypatch.setenv("JWT_SECRET_KEY", secrets.token_urlsafe(32))
backend-hormonia/tests/middleware/test_refactor_validation.py:23:    monkeypatch.setenv("SECURITY_CSRF_SECRET_KEY", secrets.token_urlsafe(32))
backend-hormonia/tests/services/test_unified_whatsapp_service.py:212:            'media_url': 'https://example.com/image.jpg',
backend-hormonia/tests/services/test_unified_whatsapp_service.py:223:        assert queue_request.media_url == 'https://example.com/image.jpg'
backend-hormonia/tests/services/test_notification_service.py:656:                reset_url='http://localhost:5173/auth/password/reset-confirm?token=demo',
backend-hormonia/tests/services/test_notification_service.py:695:                    reset_url='http://localhost:5173/auth/password/reset-confirm?token=demo',
backend-hormonia/tests/services/test_notification_service.py:733:                    reset_url='https://example.com/auth/password/reset-confirm?token=demo',
backend-hormonia/tests/services/test_unified_whatsapp_refactor.py:42:        svc = UnifiedWhatsAppService(mock_db, redis_url="redis://mock")
backend-hormonia/tests/services/test_unified_whatsapp_refactor.py:72:        message_metadata={"link_url": "http://quiz.com"}
backend-hormonia/app/integrations/wuzapi/client.py:6:from urllib.parse import urljoin
backend-hormonia/app/integrations/wuzapi/client.py:10:from aiohttp import ClientError, ClientSession, ClientTimeout
backend-hormonia/app/integrations/wuzapi/client.py:87:        base_url: str,
backend-hormonia/app/integrations/wuzapi/client.py:93:        self.base_url = base_url.rstrip("/")
backend-hormonia/app/integrations/wuzapi/client.py:103:        self.session: ClientSession | None = None
backend-hormonia/app/integrations/wuzapi/client.py:125:            self.session = ClientSession(
backend-hormonia/app/integrations/wuzapi/client.py:172:        url = urljoin(f"{self.base_url}/", endpoint.lstrip("/"))
backend-hormonia/app/integrations/wuzapi/client.py:175:            async with self.session.request(method, url, json=data, params=params) as response:
backend-hormonia/app/api/v2/routers/users.py:62:    photo_url = user.get_photo_url() if hasattr(user, "get_photo_url") else getattr(user, "photo_url", None)
backend-hormonia/app/api/v2/routers/users.py:74:        "photo_url": photo_url,
backend-hormonia/tests/utils/test_security_validation.py:52:        random_key = secrets.token_urlsafe(32)
backend-hormonia/tests/utils/test_security_validation.py:93:        random_key = secrets.token_urlsafe(32)

auth deps snippets
backend-hormonia/app/api/v2/router.py:24:from .routers.admin import router as admin_router
backend-hormonia/app/api/v2/router.py:34:from .routers.template_admin import router as template_admin_router
backend-hormonia/app/api/v2/router.py:41:from .routers.admin_extensions import router as admin_extensions_router
backend-hormonia/app/api/v2/router.py:111:api_v2_router.include_router(admin_router, prefix="/admin", tags=["admin-v2"])
backend-hormonia/app/api/v2/router.py:156:    template_admin_router, prefix="/templates", tags=["template-admin-v2"]
backend-hormonia/app/api/v2/router.py:178:    admin_extensions_router, prefix="/admin-extensions", tags=["admin-extensions-v2"]
backend-hormonia/app/api/v2/router.py:222:        "Debug endpoints provide administrative diagnostic tools and are fully audit logged."
backend-hormonia/app/dependencies/business_dependencies.py:10:from app.dependencies.auth_dependencies import get_current_user_object_from_session
backend-hormonia/app/dependencies/business_dependencies.py:54:    current_user: Any = Depends(get_current_user_object_from_session),
backend-hormonia/app/dependencies/business_dependencies.py:55:    patient_service=Depends(get_patient_service),
backend-hormonia/app/dependencies/business_dependencies.py:101:        if not user_uuid or patient.doctor_id != user_uuid:
backend-hormonia/app/dependencies/business_dependencies.py:104:                detail="Access denied: Patient not assigned to current doctor",
backend-hormonia/app/dependencies/business_dependencies.py:115:    patient_id: UUID, patient_repo=Depends(get_patient_repository)
backend-hormonia/app/dependencies/business_dependencies.py:128:    current_user: User = Depends(get_current_user_object_from_session),
backend-hormonia/app/dependencies/business_dependencies.py:129:    patient_repo=Depends(get_patient_repository),
backend-hormonia/app/dependencies/business_dependencies.py:148:        if hasattr(patient, "doctor_id") and patient.doctor_id == current_user.id:
backend-hormonia/app/dependencies/business_dependencies.py:161:    token: str, services: "ServiceProvider" = Depends(_get_provider_dep)
backend-hormonia/app/dependencies/auth_session_contract.py:52:    role = user_data.get("role", "doctor")
backend-hormonia/app/dependencies/auth_session_contract.py:128:        role = enriched_user_data.get("role", "doctor")
backend-hormonia/app/dependencies/auth_role_dependencies.py:24:async def require_active_user(current_user: User) -> User:
backend-hormonia/app/dependencies/auth_role_dependencies.py:34:async def require_admin_user(
backend-hormonia/app/dependencies/auth_role_dependencies.py:39:    """Ensure the current user has admin privileges."""
backend-hormonia/app/dependencies/auth_role_dependencies.py:45:async def require_doctor_user(
backend-hormonia/app/dependencies/auth_role_dependencies.py:50:    """Ensure the current user can access doctor-level routes."""
backend-hormonia/app/dependencies/auth_role_dependencies.py:60:async def require_admin_session_user(
backend-hormonia/app/dependencies/auth_role_dependencies.py:65:    """Ensure a mapping-style session payload belongs to an admin."""
backend-hormonia/app/dependencies/auth_role_dependencies.py:72:async def get_active_admin_user_from_session(
backend-hormonia/app/dependencies/auth_role_dependencies.py:76:    """Load the active admin ``User`` for a validated canonical session payload."""
backend-hormonia/app/dependencies/auth_role_dependencies.py:77:    await require_admin_session_user(current_user, detail="Admin access required")
backend-hormonia/app/dependencies/auth_role_dependencies.py:108:    "get_active_admin_user_from_session",
backend-hormonia/app/dependencies/auth_role_dependencies.py:109:    "require_active_user",
backend-hormonia/app/dependencies/auth_role_dependencies.py:110:    "require_admin_user",
backend-hormonia/app/dependencies/auth_role_dependencies.py:111:    "require_doctor_user",
backend-hormonia/app/dependencies/auth_role_dependencies.py:112:    "require_admin_session_user",
backend-hormonia/app/dependencies/admin_permissions.py:2:Admin permissions dependencies for user administration endpoints.
backend-hormonia/app/dependencies/admin_permissions.py:5:and admin action auditing. It ensures that only users with appropriate roles
backend-hormonia/app/dependencies/admin_permissions.py:8:Moved from app/middleware/admin_permissions.py - this is NOT middleware,
backend-hormonia/app/dependencies/admin_permissions.py:9:it provides FastAPI Depends() dependencies.
backend-hormonia/app/dependencies/admin_permissions.py:22:# admin_permissions -> services.audit -> services.__init__ -> admin_user_service -> admin_permissions
backend-hormonia/app/dependencies/admin_permissions.py:32:def _get_current_user_dependency():
backend-hormonia/app/dependencies/admin_permissions.py:33:    """Lazy import of get_current_user to avoid circular import."""
backend-hormonia/app/dependencies/admin_permissions.py:34:    from app.dependencies.auth_dependencies import get_current_user
backend-hormonia/app/dependencies/admin_permissions.py:36:    return get_current_user
backend-hormonia/app/dependencies/admin_permissions.py:44:    """Custom exception for admin permission errors."""
backend-hormonia/app/dependencies/admin_permissions.py:54:    def require_admin() -> Callable:
backend-hormonia/app/dependencies/admin_permissions.py:56:        Dependency that requires admin role.
backend-hormonia/app/dependencies/admin_permissions.py:59:            Dependency function that checks for admin role
backend-hormonia/app/dependencies/admin_permissions.py:62:        async def check_admin_permission(
backend-hormonia/app/dependencies/admin_permissions.py:63:            current_user: User = Depends(_get_current_user_dependency()),
backend-hormonia/app/dependencies/admin_permissions.py:64:            db: Session = Depends(get_db),
backend-hormonia/app/dependencies/admin_permissions.py:67:            """Check if current user has admin role."""
backend-hormonia/app/dependencies/admin_permissions.py:79:                    event_type="admin_access_denied",
backend-hormonia/app/dependencies/admin_permissions.py:88:                        "attempted_action": "admin_endpoint_access",
backend-hormonia/app/dependencies/admin_permissions.py:99:            # Log successful admin access
backend-hormonia/app/dependencies/admin_permissions.py:103:                event_type="admin_access_granted",
backend-hormonia/app/dependencies/admin_permissions.py:110:                    "action": "admin_endpoint_access",
backend-hormonia/app/dependencies/admin_permissions.py:118:        return check_admin_permission
backend-hormonia/app/dependencies/admin_permissions.py:121:    def require_admin_or_self(target_user_id: Optional[UUID] = None) -> Callable:
backend-hormonia/app/dependencies/admin_permissions.py:123:        Dependency that requires admin role OR the user is accessing their own data.
backend-hormonia/app/dependencies/admin_permissions.py:132:        async def check_admin_or_self_permission(
backend-hormonia/app/dependencies/admin_permissions.py:133:            current_user: User = Depends(_get_current_user_dependency()),
backend-hormonia/app/dependencies/admin_permissions.py:134:            db: Session = Depends(get_db),
backend-hormonia/app/dependencies/admin_permissions.py:137:            """Check if current user has admin role or is accessing their own data."""
backend-hormonia/app/dependencies/admin_permissions.py:175:        return check_admin_or_self_permission
backend-hormonia/app/dependencies/admin_permissions.py:178:    def require_role(allowed_roles: List[UserRole]) -> Callable:
backend-hormonia/app/dependencies/admin_permissions.py:190:            current_user: User = Depends(_get_current_user_dependency()),
backend-hormonia/app/dependencies/admin_permissions.py:191:            db: Session = Depends(get_db),
backend-hormonia/app/dependencies/admin_permissions.py:234:    """Mixin class for admin action auditing."""
backend-hormonia/app/dependencies/admin_permissions.py:241:    async def log_admin_action(
backend-hormonia/app/dependencies/admin_permissions.py:244:        admin_user: User,
backend-hormonia/app/dependencies/admin_permissions.py:251:        Log admin action for audit trail.
backend-hormonia/app/dependencies/admin_permissions.py:254:            action_type: Type of admin action performed
backend-hormonia/app/dependencies/admin_permissions.py:255:            admin_user: User who performed the action
backend-hormonia/app/dependencies/admin_permissions.py:262:            event_type=f"admin_{action_type}",
backend-hormonia/app/dependencies/admin_permissions.py:265:            actor_id=admin_user.id,
backend-hormonia/app/dependencies/admin_permissions.py:270:                "admin_action": action_type,
backend-hormonia/app/dependencies/admin_permissions.py:271:                "admin_role": admin_user.role.value,
backend-hormonia/app/dependencies/admin_permissions.py:282:_cached_require_admin = None
backend-hormonia/app/dependencies/admin_permissions.py:283:_cached_require_admin_or_doctor = None
backend-hormonia/app/dependencies/admin_permissions.py:284:_cached_require_any_role = None
backend-hormonia/app/dependencies/admin_permissions.py:287:def require_admin():
backend-hormonia/app/dependencies/admin_permissions.py:288:    """Get admin requirement dependency (lazy initialization)."""
backend-hormonia/app/dependencies/admin_permissions.py:289:    global _cached_require_admin
backend-hormonia/app/dependencies/admin_permissions.py:290:    if _cached_require_admin is None:
backend-hormonia/app/dependencies/admin_permissions.py:291:        _cached_require_admin = AdminPermissions.require_admin()
backend-hormonia/app/dependencies/admin_permissions.py:292:    return _cached_require_admin
backend-hormonia/app/dependencies/admin_permissions.py:295:def require_admin_or_doctor():
backend-hormonia/app/dependencies/admin_permissions.py:296:    """Get admin or doctor requirement dependency (lazy initialization)."""
backend-hormonia/app/dependencies/admin_permissions.py:297:    global _cached_require_admin_or_doctor
backend-hormonia/app/dependencies/admin_permissions.py:298:    if _cached_require_admin_or_doctor is None:
backend-hormonia/app/dependencies/admin_permissions.py:299:        _cached_require_admin_or_doctor = AdminPermissions.require_role(
backend-hormonia/app/dependencies/admin_permissions.py:302:    return _cached_require_admin_or_doctor
backend-hormonia/app/dependencies/admin_permissions.py:305:def require_any_role():
backend-hormonia/app/dependencies/admin_permissions.py:307:    global _cached_require_any_role
backend-hormonia/app/dependencies/admin_permissions.py:308:    if _cached_require_any_role is None:
backend-hormonia/app/dependencies/admin_permissions.py:309:        _cached_require_any_role = AdminPermissions.require_role(
backend-hormonia/app/dependencies/admin_permissions.py:312:    return _cached_require_any_role
backend-hormonia/app/dependencies/admin_permissions.py:315:def _get_admin_dependency():
backend-hormonia/app/dependencies/admin_permissions.py:316:    """Helper to get the admin dependency lazily."""
backend-hormonia/app/dependencies/admin_permissions.py:317:    return require_admin()
backend-hormonia/app/dependencies/admin_permissions.py:320:async def get_admin_user(current_user: User = Depends(_get_admin_dependency)) -> User:
backend-hormonia/app/dependencies/admin_permissions.py:322:    Convenience function to get current admin user.
backend-hormonia/app/dependencies/admin_permissions.py:325:        current_user: Current authenticated user (must be admin)
backend-hormonia/app/dependencies/admin_permissions.py:334:    target_user_id: UUID, admin_user: User, db: Session
backend-hormonia/app/dependencies/admin_permissions.py:337:    Validate that admin can modify the target user.
backend-hormonia/app/dependencies/admin_permissions.py:341:        admin_user: Admin user performing the action
backend-hormonia/app/dependencies/admin_permissions.py:358:    # Prevent admin from modifying themselves for certain actions
backend-hormonia/app/dependencies/admin_permissions.py:359:    if str(target_user.id) == str(admin_user.id):
backend-hormonia/app/dependencies/service_dependencies.py:49:    services: "ServiceProvider" = Depends(_get_provider_dep),
backend-hormonia/app/dependencies/service_dependencies.py:69:def get_patient_repository(db: Session = Depends(get_db)):
backend-hormonia/app/dependencies/service_dependencies.py:75:async def get_patient_service(services: "ServiceProvider" = Depends(_get_provider_dep)):
backend-hormonia/app/dependencies/service_dependencies.py:81:def get_flow_service(services: "ServiceProvider" = Depends(_get_provider_dep)):
backend-hormonia/app/dependencies/service_dependencies.py:86:def get_flow_engine(services: "ServiceProvider" = Depends(_get_provider_dep)):
backend-hormonia/app/dependencies/service_dependencies.py:91:def get_flow_state_repository(db: Session = Depends(get_db)):
backend-hormonia/app/dependencies/service_dependencies.py:97:def get_flow_analytics_service(db: Session = Depends(get_db)):
backend-hormonia/app/dependencies/service_dependencies.py:104:def get_quiz_service(services: "ServiceProvider" = Depends(_get_provider_dep)):
backend-hormonia/app/dependencies/service_dependencies.py:109:def get_quiz_template_service(services: "ServiceProvider" = Depends(_get_provider_dep)):
backend-hormonia/app/dependencies/service_dependencies.py:114:def get_quiz_response_service(services: "ServiceProvider" = Depends(_get_provider_dep)):
backend-hormonia/app/dependencies/service_dependencies.py:119:def get_quiz_session_service(services: "ServiceProvider" = Depends(_get_provider_dep)):
backend-hormonia/app/dependencies/service_dependencies.py:124:def get_quiz_analytics_service(services: "ServiceProvider" = Depends(_get_provider_dep)):
backend-hormonia/app/dependencies/service_dependencies.py:130:def get_message_service(services: "ServiceProvider" = Depends(_get_provider_dep)):
backend-hormonia/app/dependencies/service_dependencies.py:135:def get_auth_service(services: "ServiceProvider" = Depends(_get_provider_dep)):
backend-hormonia/app/dependencies/service_dependencies.py:141:def get_analytics_service(services: "ServiceProvider" = Depends(_get_provider_dep)):
backend-hormonia/app/dependencies/service_dependencies.py:147:def get_report_service(services: "ServiceProvider" = Depends(_get_provider_dep)):
backend-hormonia/app/dependencies/service_dependencies.py:153:def get_notification_service(services: "ServiceProvider" = Depends(_get_provider_dep)):
backend-hormonia/app/dependencies/service_dependencies.py:159:def get_file_service(services: "ServiceProvider" = Depends(_get_provider_dep)):
backend-hormonia/app/dependencies/service_dependencies.py:165:def get_monthly_quiz_service(services: "ServiceProvider" = Depends(_get_provider_dep)):
backend-hormonia/app/dependencies/service_dependencies.py:172:    services: "ServiceProvider" = Depends(_get_provider_dep),
backend-hormonia/app/dependencies/service_dependencies.py:178:def get_metrics_redis_storage(services: "ServiceProvider" = Depends(_get_provider_dep)):
backend-hormonia/app/dependencies/service_dependencies.py:214:    flow_repo=Depends(get_flow_state_repository),
backend-hormonia/app/dependencies/auth_dependencies.py:111:        role: User role (admin, doctor, etc.)
backend-hormonia/app/dependencies/auth_dependencies.py:121:            # Core admin permissions
backend-hormonia/app/dependencies/auth_dependencies.py:122:            "admin.read",
backend-hormonia/app/dependencies/auth_dependencies.py:123:            "admin.write",
backend-hormonia/app/dependencies/auth_dependencies.py:124:            "admin.delete",
backend-hormonia/app/dependencies/auth_dependencies.py:125:            "admin.templates.read",
backend-hormonia/app/dependencies/auth_dependencies.py:126:            "admin.templates.write",
backend-hormonia/app/dependencies/auth_dependencies.py:457:async def get_current_user_from_session(
backend-hormonia/app/dependencies/auth_dependencies.py:462:    redis_cache: "FirebaseRedisCache" = Depends(get_redis_cache),
backend-hormonia/app/dependencies/auth_dependencies.py:509:async def get_current_user_object_from_session(
backend-hormonia/app/dependencies/auth_dependencies.py:510:    user_data: Dict = Depends(get_current_user_from_session),
backend-hormonia/app/dependencies/auth_dependencies.py:521:async def get_current_user(
backend-hormonia/app/dependencies/auth_dependencies.py:523:    credentials: HTTPAuthorizationCredentials = Depends(security),
backend-hormonia/app/dependencies/auth_dependencies.py:524:    services: "ServiceProvider" = Depends(_get_service_provider),
backend-hormonia/app/dependencies/auth_dependencies.py:549:    session_user_data = await get_current_user_from_session(
backend-hormonia/app/dependencies/auth_dependencies.py:559:    return await get_current_user_object_from_session(session_user_data)
backend-hormonia/app/dependencies/auth_dependencies.py:562:async def get_current_active_user(
backend-hormonia/app/dependencies/auth_dependencies.py:563:    current_user: User = Depends(get_current_user),
backend-hormonia/app/dependencies/auth_dependencies.py:566:    return await auth_role_dependencies.require_active_user(current_user)
backend-hormonia/app/dependencies/auth_dependencies.py:571:    credentials: Optional[HTTPAuthorizationCredentials] = Depends(
backend-hormonia/app/dependencies/auth_dependencies.py:574:    services: "ServiceProvider" = Depends(_get_service_provider),
backend-hormonia/app/dependencies/auth_dependencies.py:581:        return await get_current_user(
backend-hormonia/app/dependencies/auth_dependencies.py:595:async def get_admin_user(current_user: User = Depends(get_current_active_user)) -> User:
backend-hormonia/app/dependencies/auth_dependencies.py:596:    """Get current user with admin privileges."""
backend-hormonia/app/dependencies/auth_dependencies.py:597:    return await auth_role_dependencies.require_admin_user(current_user)
backend-hormonia/app/dependencies/auth_dependencies.py:600:async def get_current_active_admin(
backend-hormonia/app/dependencies/auth_dependencies.py:601:    current_user: Dict = Depends(get_current_user_from_session),
backend-hormonia/app/dependencies/auth_dependencies.py:603:    """Get current active admin user from session."""
backend-hormonia/app/dependencies/auth_dependencies.py:604:    return await auth_role_dependencies.require_admin_session_user(current_user)
backend-hormonia/app/dependencies/__init__.py:4:    get_current_user,
backend-hormonia/app/dependencies/__init__.py:5:    get_current_user_from_session,
backend-hormonia/app/dependencies/__init__.py:6:    get_current_user_object_from_session,
backend-hormonia/app/dependencies/__init__.py:7:    get_current_active_user,
backend-hormonia/app/dependencies/__init__.py:9:    get_admin_user,
backend-hormonia/app/dependencies/__init__.py:10:    get_current_active_admin,
backend-hormonia/app/dependencies/__init__.py:166:    "get_current_user",
backend-hormonia/app/dependencies/__init__.py:167:    "get_current_user_from_session",
backend-hormonia/app/dependencies/__init__.py:168:    "get_current_user_object_from_session",
backend-hormonia/app/dependencies/__init__.py:169:    "get_current_active_user",
backend-hormonia/app/dependencies/__init__.py:171:    "get_admin_user",
backend-hormonia/app/dependencies/__init__.py:172:    "get_current_active_admin",
backend-hormonia/app/dependencies/flow_services.py:3:These factories use Depends(get_async_db) to inject AsyncSession into services.
backend-hormonia/app/dependencies/flow_services.py:4:Each factory is a Depends()-compatible async function with flat injection only.
backend-hormonia/app/dependencies/flow_services.py:8:        db: AsyncSession = Depends(get_async_db),
backend-hormonia/app/dependencies/flow_services.py:31:    db: AsyncSession = Depends(get_async_db),
backend-hormonia/app/dependencies/flow_services.py:40:    db: AsyncSession = Depends(get_async_db),
backend-hormonia/app/dependencies/patient_services.py:3:These factories use Depends(get_async_db) to inject AsyncSession into services.
backend-hormonia/app/dependencies/patient_services.py:4:Each factory is a Depends()-compatible async function with flat injection only.
backend-hormonia/app/dependencies/patient_services.py:8:        db: AsyncSession = Depends(get_async_db),
backend-hormonia/app/dependencies/patient_services.py:30:    db: AsyncSession = Depends(get_async_db),
backend-hormonia/app/dependencies/simple_service_provider.py:14:def get_simple_service_provider(db: Session = Depends(get_db)) -> ServiceProvider:
backend-hormonia/app/integrations/whatsapp/api/routes.py:93:    db: AsyncSession = Depends(get_async_db),
backend-hormonia/app/integrations/whatsapp/api/routes.py:94:    wuzapi_client=Depends(get_wuzapi_for_queue),
backend-hormonia/app/integrations/whatsapp/api/routes.py:112:    message_service: WhatsAppMessageService = Depends(get_message_service),
backend-hormonia/app/integrations/whatsapp/api/routes.py:130:    message_service: WhatsAppMessageService = Depends(get_message_service),
backend-hormonia/app/integrations/whatsapp/api/routes.py:150:    message_service: WhatsAppMessageService = Depends(get_message_service),
backend-hormonia/app/integrations/whatsapp/api/routes.py:161:    message_service: WhatsAppMessageService = Depends(get_message_service),
backend-hormonia/app/integrations/whatsapp/api/routes.py:186:    message_service: WhatsAppMessageService = Depends(get_message_service),
backend-hormonia/app/integrations/whatsapp/api/routes.py:228:    db: AsyncSession = Depends(get_async_db),
backend-hormonia/app/integrations/whatsapp/api/routes.py:293:    message_service: WhatsAppMessageService = Depends(get_message_service),
backend-hormonia/app/integrations/whatsapp/api/routes.py:321:async def list_instances(db: AsyncSession = Depends(get_async_db)):
backend-hormonia/app/integrations/whatsapp/queue/dlq.py:40:    tracking, and an admin review/approve workflow.
