.F.F.FF.F.F                                                              [100%]
=================================== FAILURES ===================================
_______________ TestMessageCRUD.test_list_messages_with_filters ________________

self = <tests.api.v2.test_messages.TestMessageCRUD object at 0x7bc9d1528890>
client = <tests.utils.async_test_client.AsyncTestClient object at 0x7bc9d11dcbf0>
auth_headers = {'Authorization': 'Bearer doctor-token-5caebc37-1cf3-4090-b88d-81a248779e4a', 'Cookie': 'csrf_token=1778612110.d6239da...37e50456dde645791b23f536ed52bab0070049c6cab36a', 'X-Session-ID': 'doctor-session-5caebc37-1cf3-4090-b88d-81a248779e4a'}
test_patient = <Patient(name='Test Patient', phone_hash='f24881dc...')>

    def test_list_messages_with_filters(self, client: TestClient, auth_headers: dict, test_patient: Patient):
        """Test listing messages with filters."""
        response = client.get(
            f"/api/v2/messages?patient_id={test_patient.id}&status=sent&limit=20",
            headers=auth_headers
        )
>       assert response.status_code == 200
E       assert 403 == 200
E        +  where 403 = <Response [403 Forbidden]>.status_code

tests/api/v2/test_messages.py:50: AssertionError
---------------------------- Captured stderr setup -----------------------------
2026-05-12 15:55:10 - app.utils.db_retry - INFO - Circuit breaker manually reset to CLOSED state
2026-05-12 15:55:10 - app.services.encryption.service - INFO - Encryption keys initialized successfully
2026-05-12 15:55:10 - app.services.encryption.service - INFO - Unified encryption service initialized with aes-256-gcm
------------------------------ Captured log setup ------------------------------
INFO     app.utils.db_retry:db_retry.py:368 Circuit breaker manually reset to CLOSED state
INFO     app.services.encryption.service:service.py:244 Encryption keys initialized successfully
INFO     app.services.encryption.service:service.py:226 Unified encryption service initialized with aes-256-gcm
----------------------------- Captured stderr call -----------------------------
2026-05-12 15:55:10 - app.api.v2.patients_shared_helpers - WARNING - Patient access denied
------------------------------ Captured log call -------------------------------
WARNING  app.api.v2.patients_shared_helpers:patients_shared_helpers.py:89 Patient access denied
--------------------------- Captured stderr teardown ---------------------------
2026-05-12 15:55:20 - app.utils.db_retry - INFO - Circuit breaker manually reset to CLOSED state
---------------------------- Captured log teardown -----------------------------
INFO     app.utils.db_retry:db_retry.py:368 Circuit breaker manually reset to CLOSED state
______________ TestMessageCRUD.test_patient_message_stats_cached _______________

self = <tests.api.v2.test_messages.TestMessageCRUD object at 0x7bc9d1529eb0>
mock_redis = <AsyncMock name='get_async_redis_client' id='136106725421520'>
client = <tests.utils.async_test_client.AsyncTestClient object at 0x7bc9d1053380>
auth_headers = {'Authorization': 'Bearer doctor-token-5c4cff97-51cd-417d-87ef-50c05b3ad7fc', 'Cookie': 'csrf_token=1778612120.ec988b0...265fe61f05bc918deae598568067acf4f347fcdfcb83a2', 'X-Session-ID': 'doctor-session-5c4cff97-51cd-417d-87ef-50c05b3ad7fc'}
test_patient = <Patient(name='Test Patient', phone_hash='f24881dc...')>

    @patch('app.core.redis_manager.get_async_redis_client')
    def test_patient_message_stats_cached(self, mock_redis, client: TestClient, auth_headers: dict, test_patient: Patient):
        """Test patient message statistics with caching."""
        mock_redis_client = AsyncMock()
        mock_redis_client.get.return_value = None
        mock_redis.return_value = mock_redis_client
    
        response = client.get(
            f"/api/v2/messages/patient/{test_patient.id}/stats",
            headers=auth_headers
        )
>       assert response.status_code == 200
E       assert 403 == 200
E        +  where 403 = <Response [403 Forbidden]>.status_code

tests/api/v2/test_messages.py:124: AssertionError
---------------------------- Captured stderr setup -----------------------------
2026-05-12 15:55:20 - app.utils.db_retry - INFO - Circuit breaker manually reset to CLOSED state
------------------------------ Captured log setup ------------------------------
INFO     app.utils.db_retry:db_retry.py:368 Circuit breaker manually reset to CLOSED state
----------------------------- Captured stderr call -----------------------------
2026-05-12 15:55:20 - app.api.v2.patients_shared_helpers - WARNING - Patient access denied
------------------------------ Captured log call -------------------------------
WARNING  app.api.v2.patients_shared_helpers:patients_shared_helpers.py:89 Patient access denied
--------------------------- Captured stderr teardown ---------------------------
2026-05-12 15:55:20 - app.utils.db_retry - INFO - Circuit breaker manually reset to CLOSED state
---------------------------- Captured log teardown -----------------------------
INFO     app.utils.db_retry:db_retry.py:368 Circuit breaker manually reset to CLOSED state
_______________ TestConversations.test_get_conversation_history ________________

self = <tests.api.v2.test_messages.TestConversations object at 0x7bc9d152b7a0>
client = <tests.utils.async_test_client.AsyncTestClient object at 0x7bc9d0f6bbc0>
auth_headers = {'Authorization': 'Bearer doctor-token-ecb29323-7391-46e8-9424-9ab5adbc8b7b', 'Cookie': 'csrf_token=1778612120.7ad625f...24449d591d3d435e6cbdaa5bf274a0754e98f58e87b7f4', 'X-Session-ID': 'doctor-session-ecb29323-7391-46e8-9424-9ab5adbc8b7b'}
test_patient = <Patient(name='Test Patient', phone_hash='f24881dc...')>

    def test_get_conversation_history(self, client: TestClient, auth_headers: dict, test_patient: Patient):
        """Test getting conversation history for a patient."""
        response = client.get(
            f"/api/v2/messages/conversations/{test_patient.id}?limit=20",
            headers=auth_headers
        )
>       assert response.status_code == 200
E       assert 403 == 200
E        +  where 403 = <Response [403 Forbidden]>.status_code

tests/api/v2/test_messages.py:195: AssertionError
---------------------------- Captured stderr setup -----------------------------
2026-05-12 15:55:20 - app.utils.db_retry - INFO - Circuit breaker manually reset to CLOSED state
------------------------------ Captured log setup ------------------------------
INFO     app.utils.db_retry:db_retry.py:368 Circuit breaker manually reset to CLOSED state
----------------------------- Captured stderr call -----------------------------
2026-05-12 15:55:20 - app.api.v2.patients_shared_helpers - WARNING - Patient access denied
------------------------------ Captured log call -------------------------------
WARNING  app.api.v2.patients_shared_helpers:patients_shared_helpers.py:89 Patient access denied
--------------------------- Captured stderr teardown ---------------------------
2026-05-12 15:55:20 - app.utils.db_retry - INFO - Circuit breaker manually reset to CLOSED state
---------------------------- Captured log teardown -----------------------------
INFO     app.utils.db_retry:db_retry.py:368 Circuit breaker manually reset to CLOSED state
____________ TestConversations.test_conversation_cursor_pagination _____________

self = <tests.api.v2.test_messages.TestConversations object at 0x7bc9d152bb90>
client = <tests.utils.async_test_client.AsyncTestClient object at 0x7bc9d0fd83b0>
auth_headers = {'Authorization': 'Bearer doctor-token-4360048b-7f8e-4c95-81c7-ca7a35144c03', 'Cookie': 'csrf_token=1778612120.00f8eb4...53a4cb4413529e1948214c00b3f2eca42ab43d3c711988', 'X-Session-ID': 'doctor-session-4360048b-7f8e-4c95-81c7-ca7a35144c03'}
test_patient = <Patient(name='Test Patient', phone_hash='f24881dc...')>

    def test_conversation_cursor_pagination(self, client: TestClient, auth_headers: dict, test_patient: Patient):
        """Test conversation pagination."""
        response = client.get(
            f"/api/v2/messages/conversations/{test_patient.id}?limit=10",
            headers=auth_headers
        )
>       assert response.status_code == 200
E       assert 403 == 200
E        +  where 403 = <Response [403 Forbidden]>.status_code

tests/api/v2/test_messages.py:205: AssertionError
---------------------------- Captured stderr setup -----------------------------
2026-05-12 15:55:20 - app.utils.db_retry - INFO - Circuit breaker manually reset to CLOSED state
------------------------------ Captured log setup ------------------------------
INFO     app.utils.db_retry:db_retry.py:368 Circuit breaker manually reset to CLOSED state
----------------------------- Captured stderr call -----------------------------
2026-05-12 15:55:20 - app.api.v2.patients_shared_helpers - WARNING - Patient access denied
------------------------------ Captured log call -------------------------------
WARNING  app.api.v2.patients_shared_helpers:patients_shared_helpers.py:89 Patient access denied
--------------------------- Captured stderr teardown ---------------------------
2026-05-12 15:55:20 - app.utils.db_retry - INFO - Circuit breaker manually reset to CLOSED state
---------------------------- Captured log teardown -----------------------------
INFO     app.utils.db_retry:db_retry.py:368 Circuit breaker manually reset to CLOSED state
_______________ TestConversations.test_conversation_unread_count _______________

self = <tests.api.v2.test_messages.TestConversations object at 0x7bc9d154c380>
client = <tests.utils.async_test_client.AsyncTestClient object at 0x7bc9d0f6be00>
auth_headers = {'Authorization': 'Bearer doctor-token-f6a5cdee-e2b1-44b6-8acb-f55258f93711', 'Cookie': 'csrf_token=1778612120.a9c7080...cf0563477134c60a37620788f5d5d91416211d64495e81', 'X-Session-ID': 'doctor-session-f6a5cdee-e2b1-44b6-8acb-f55258f93711'}
test_patient = <Patient(name='Test Patient', phone_hash='f24881dc...')>

    def test_conversation_unread_count(self, client: TestClient, auth_headers: dict, test_patient: Patient):
        """Test getting unread message count for conversation."""
        response = client.get(
            f"/api/v2/messages/conversations/{test_patient.id}/unread",
            headers=auth_headers
        )
>       assert response.status_code == 200
E       assert 403 == 200
E        +  where 403 = <Response [403 Forbidden]>.status_code

tests/api/v2/test_messages.py:223: AssertionError
---------------------------- Captured stderr setup -----------------------------
2026-05-12 15:55:20 - app.utils.db_retry - INFO - Circuit breaker manually reset to CLOSED state
------------------------------ Captured log setup ------------------------------
INFO     app.utils.db_retry:db_retry.py:368 Circuit breaker manually reset to CLOSED state
----------------------------- Captured stderr call -----------------------------
2026-05-12 15:55:20 - app.api.v2.patients_shared_helpers - WARNING - Patient access denied
------------------------------ Captured log call -------------------------------
WARNING  app.api.v2.patients_shared_helpers:patients_shared_helpers.py:89 Patient access denied
--------------------------- Captured stderr teardown ---------------------------
2026-05-12 15:55:20 - app.utils.db_retry - INFO - Circuit breaker manually reset to CLOSED state
---------------------------- Captured log teardown -----------------------------
INFO     app.utils.db_retry:db_retry.py:368 Circuit breaker manually reset to CLOSED state
______________ TestConversations.test_conversation_eager_loading _______________

self = <tests.api.v2.test_messages.TestConversations object at 0x7bc9d154cb60>
client = <tests.utils.async_test_client.AsyncTestClient object at 0x7bc9d0f6bb30>
auth_headers = {'Authorization': 'Bearer doctor-token-293f7cd8-70d2-4083-88cd-c01faf410354', 'Cookie': 'csrf_token=1778612120.8c2144f...03f4b4ec6f0ed92ec316dde5ddd8f2d85fd7757a7cdd8a', 'X-Session-ID': 'doctor-session-293f7cd8-70d2-4083-88cd-c01faf410354'}
test_patient = <Patient(name='Test Patient', phone_hash='f24881dc...')>

    def test_conversation_eager_loading(self, client: TestClient, auth_headers: dict, test_patient: Patient):
        """Test conversation with eager-loaded patient data."""
        response = client.get(
            f"/api/v2/messages/conversations/{test_patient.id}?include=patient",
            headers=auth_headers
        )
>       assert response.status_code == 200
E       assert 403 == 200
E        +  where 403 = <Response [403 Forbidden]>.status_code

tests/api/v2/test_messages.py:241: AssertionError
---------------------------- Captured stderr setup -----------------------------
2026-05-12 15:55:20 - app.utils.db_retry - INFO - Circuit breaker manually reset to CLOSED state
------------------------------ Captured log setup ------------------------------
INFO     app.utils.db_retry:db_retry.py:368 Circuit breaker manually reset to CLOSED state
----------------------------- Captured stderr call -----------------------------
2026-05-12 15:55:20 - app.api.v2.patients_shared_helpers - WARNING - Patient access denied
------------------------------ Captured log call -------------------------------
WARNING  app.api.v2.patients_shared_helpers:patients_shared_helpers.py:89 Patient access denied
--------------------------- Captured stderr teardown ---------------------------
2026-05-12 15:55:20 - app.utils.db_retry - INFO - Circuit breaker manually reset to CLOSED state
---------------------------- Captured log teardown -----------------------------
INFO     app.utils.db_retry:db_retry.py:368 Circuit breaker manually reset to CLOSED state
=========================== short test summary info ============================
FAILED tests/api/v2/test_messages.py::TestMessageCRUD::test_list_messages_with_filters
FAILED tests/api/v2/test_messages.py::TestMessageCRUD::test_patient_message_stats_cached
FAILED tests/api/v2/test_messages.py::TestConversations::test_get_conversation_history
FAILED tests/api/v2/test_messages.py::TestConversations::test_conversation_cursor_pagination
FAILED tests/api/v2/test_messages.py::TestConversations::test_conversation_unread_count
FAILED tests/api/v2/test_messages.py::TestConversations::test_conversation_eager_loading
