pytest config files:
backend-hormonia/pyproject.toml
backend-hormonia/tests/conftest.py

whatsapp tests:
backend-hormonia/tests/integrations/whatsapp/__pycache__/test_webhooks.cpython-312-pytest-8.3.4.pyc
backend-hormonia/tests/integrations/whatsapp/__pycache__/test_webhooks.cpython-312-pytest-8.4.2.pyc
backend-hormonia/tests/integrations/whatsapp/test_webhooks.py
backend-hormonia/tests/integration/whatsapp/__pycache__/test_circuit_breaker_scenarios.cpython-312-pytest-8.3.4.pyc
backend-hormonia/tests/integration/whatsapp/__pycache__/test_circuit_breaker_scenarios.cpython-312-pytest-8.4.2.pyc
backend-hormonia/tests/integration/whatsapp/__pycache__/test_evolution_integration.cpython-312-pytest-8.3.4.pyc
backend-hormonia/tests/integration/whatsapp/__pycache__/test_evolution_integration.cpython-312-pytest-8.4.2.pyc
backend-hormonia/tests/integration/whatsapp/__pycache__/test_queue_dlq_flow.cpython-312-pytest-8.3.4.pyc
backend-hormonia/tests/integration/whatsapp/__pycache__/test_queue_dlq_flow.cpython-312-pytest-8.4.2.pyc
backend-hormonia/tests/integration/whatsapp/__pycache__/test_webhook_fail_closed_and_queue_batch.cpython-312-pytest-8.3.4.pyc
backend-hormonia/tests/integration/whatsapp/__pycache__/test_webhook_fail_closed_and_queue_batch.cpython-312-pytest-8.4.2.pyc
backend-hormonia/tests/integration/whatsapp/__pycache__/test_webhook_scenarios.cpython-312-pytest-8.3.4.pyc
backend-hormonia/tests/integration/whatsapp/__pycache__/test_webhook_scenarios.cpython-312-pytest-8.4.2.pyc
backend-hormonia/tests/integration/whatsapp/test_circuit_breaker_scenarios.py
backend-hormonia/tests/integration/whatsapp/test_evolution_integration.py
backend-hormonia/tests/integration/whatsapp/test_queue_dlq_flow.py
backend-hormonia/tests/integration/whatsapp/test_webhook_fail_closed_and_queue_batch.py
backend-hormonia/tests/integration/whatsapp/test_webhook_scenarios.py
backend-hormonia/tests/services/__pycache__/test_unified_whatsapp_refactor.cpython-312-pytest-8.3.4.pyc
backend-hormonia/tests/services/__pycache__/test_unified_whatsapp_refactor.cpython-312-pytest-8.4.2.pyc
backend-hormonia/tests/services/__pycache__/test_unified_whatsapp_service.cpython-312-pytest-8.3.4.pyc
backend-hormonia/tests/services/__pycache__/test_unified_whatsapp_service.cpython-312-pytest-8.4.2.pyc
backend-hormonia/tests/services/__pycache__/test_whatsapp_unified_security.cpython-312-pytest-8.3.4.pyc
backend-hormonia/tests/services/__pycache__/test_whatsapp_unified_security.cpython-312-pytest-8.4.2.pyc
backend-hormonia/tests/services/test_unified_whatsapp_refactor.py
backend-hormonia/tests/services/test_unified_whatsapp_service.py
backend-hormonia/tests/services/test_whatsapp_unified_security.py

auth dependency usages in tests (first 40):
backend-hormonia/tests/conftest.py:65: get_current_user_from_session,
backend-hormonia/tests/conftest.py:1240: app.dependency_overrides[get_db] = _override_get_db
backend-hormonia/tests/conftest.py:1245: app.dependency_overrides[get_async_db] = _override_get_async_db
backend-hormonia/tests/conftest.py:1258: app.dependency_overrides[get_field_selection] = get_field_selection_async
backend-hormonia/tests/conftest.py:1259: app.dependency_overrides[get_pagination_params] = get_pagination_params_async
backend-hormonia/tests/conftest.py:1260: app.dependency_overrides[get_eager_load_params] = get_eager_load_params_async
backend-hormonia/tests/conftest.py:1273: app.dependency_overrides[get_enhanced_analytics_service] = (
backend-hormonia/tests/conftest.py:1398: app.dependency_overrides[get_redis_cache] = _override_redis_cache
backend-hormonia/tests/conftest.py:1402: app.dependency_overrides[monthly_quiz_shared.get_redis_cache] = _override_redis_cache
backend-hormonia/tests/conftest.py:1436: app.dependency_overrides.clear()
backend-hormonia/tests/conftest.py:1603: app.dependency_overrides[get_current_user_from_session] = _override_session
backend-hormonia/tests/conftest.py:1604: app.dependency_overrides[get_current_user_object_from_session] = _override_current_user_object
backend-hormonia/tests/conftest.py:1605: app.dependency_overrides[get_current_user] = _override_current_user
backend-hormonia/tests/conftest.py:1652: app.dependency_overrides[get_current_user_from_session] = _override_session
backend-hormonia/tests/conftest.py:1653: app.dependency_overrides[get_current_user_object_from_session] = _override_current_user_object
backend-hormonia/tests/conftest.py:1654: app.dependency_overrides[get_current_user] = _override_current_user
backend-hormonia/tests/conftest.py:1655: app.dependency_overrides[get_optional_user] = _override_optional_user
backend-hormonia/tests/conftest.py:1656: app.dependency_overrides[get_request_context] = _override_request_context
backend-hormonia/tests/conftest.py:1666: app.dependency_overrides.pop(get_current_user_from_session, None)
backend-hormonia/tests/conftest.py:1667: app.dependency_overrides.pop(get_current_user_object_from_session, None)
backend-hormonia/tests/conftest.py:1668: app.dependency_overrides.pop(get_current_user, None)
backend-hormonia/tests/conftest.py:1669: app.dependency_overrides.pop(get_optional_user, None)
backend-hormonia/tests/conftest.py:1670: app.dependency_overrides.pop(get_request_context, None)
backend-hormonia/tests/test_patient_registration_fix.py:5: from app.dependencies.auth_dependencies import get_current_user_from_session
backend-hormonia/tests/test_patient_registration_fix.py:25: app.dependency_overrides[get_current_user_from_session] = lambda: mock_user
backend-hormonia/tests/test_patient_registration_fix.py:31: app.dependency_overrides.clear()
backend-hormonia/tests/api/conftest.py:8: from app.dependencies.auth_dependencies import get_current_user, get_current_user_from_session
backend-hormonia/tests/api/conftest.py:41: Overrides both get_current_user (Bearer-token flow) and get_admin_user
backend-hormonia/tests/api/conftest.py:44: from app.api.v2.routers.admin.dependencies import get_admin_user
backend-hormonia/tests/api/conftest.py:47: app.dependency_overrides[get_current_user] = lambda: admin_user
backend-hormonia/tests/api/conftest.py:48: app.dependency_overrides[get_current_user_from_session] = lambda: {
backend-hormonia/tests/api/conftest.py:57: app.dependency_overrides[get_admin_user] = lambda: admin_user
backend-hormonia/tests/api/conftest.py:59: app.dependency_overrides.pop(get_current_user, None)
backend-hormonia/tests/api/conftest.py:60: app.dependency_overrides.pop(get_current_user_from_session, None)
backend-hormonia/tests/api/conftest.py:61: app.dependency_overrides.pop(get_admin_user, None)
backend-hormonia/tests/api/conftest.py:68: app.dependency_overrides[get_current_user] = lambda: regular_user
backend-hormonia/tests/api/conftest.py:69: app.dependency_overrides[get_current_user_from_session] = lambda: {
backend-hormonia/tests/api/conftest.py:79: app.dependency_overrides.pop(get_current_user, None)
backend-hormonia/tests/api/conftest.py:80: app.dependency_overrides.pop(get_current_user_from_session, None)
backend-hormonia/tests/api/test_api_contracts.py:29: get_current_user_from_session,
