- backend-hormonia/app/domain/quizzes/answer_validator.py
- backend-hormonia/app/domain/quizzes/delivery/__init__.py
- backend-hormonia/app/domain/quizzes/delivery/link_builder.py
- backend-hormonia/app/domain/quizzes/delivery/service.py
- backend-hormonia/app/domain/quizzes/evaluation/__init__.py
- backend-hormonia/app/domain/quizzes/evaluation/response_evaluator.py
- backend-hormonia/app/domain/quizzes/__init__.py
- backend-hormonia/app/domain/quizzes/integration/flow_integration/enums.py
- backend-hormonia/app/domain/quizzes/integration/flow_integration/__init__.py
- backend-hormonia/app/domain/quizzes/integration/flow_integration/response_handler.py
- backend-hormonia/app/domain/quizzes/integration/flow_integration_service.py
- backend-hormonia/app/domain/quizzes/integration/flow_integration/trigger_service.py
- backend-hormonia/app/domain/quizzes/integration/flow_integration/utils.py
- backend-hormonia/app/domain/quizzes/integration/__init__.py
- backend-hormonia/app/domain/quizzes/manager.py
- backend-hormonia/app/domain/quizzes/operations/bulk_manager.py
- backend-hormonia/app/domain/quizzes/operations/expiry_handler.py
- backend-hormonia/app/domain/quizzes/operations/__init__.py
- backend-hormonia/app/domain/quizzes/operations/link_ops.py
- backend-hormonia/app/domain/quizzes/queries/history.py
- backend-hormonia/app/domain/quizzes/queries/__init__.py
- backend-hormonia/app/domain/quizzes/queries/status.py
- backend-hormonia/app/domain/quizzes/question_renderer.py
- backend-hormonia/app/domain/quizzes/quiz_trigger_policy.py
- backend-hormonia/app/domain/quizzes/report_generator.py
- backend-hormonia/app/domain/quizzes/resilience/__init__.py
- backend-hormonia/app/domain/quizzes/resilience/link_resilience.py
- backend-hormonia/app/domain/quizzes/score_calculator.py
- backend-hormonia/app/domain/quizzes/security/__init__.py
- backend-hormonia/app/domain/quizzes/security/token_rotation.py
- backend-hormonia/app/domain/quizzes/session/factory.py
- backend-hormonia/app/domain/quizzes/session/__init__.py
- backend-hormonia/app/domain/quizzes/session/token_manager.py
- backend-hormonia/app/domain/quizzes/templates/__init__.py
- backend-hormonia/app/domain/quizzes/templates/template_service.py
- backend-hormonia/app/domain/quizzes/utils/__init__.py
- backend-hormonia/app/domain/quizzes/utils/response_utils.py

SECURITY/SESSION SYMBOLS
backend-hormonia/app/tasks/quiz_link_taskiq.py:6:  2. rotate_expired_token        — on-demand (generates new token for expired link)
backend-hormonia/app/tasks/quiz_link_taskiq.py:37:from app.domain.quizzes.session.factory import generate_unique_short_code
backend-hormonia/app/tasks/quiz_link_taskiq.py:65:    Scans for expired quiz links and dispatches rotate_expired_token tasks
backend-hormonia/app/tasks/quiz_link_taskiq.py:90:                    await rotate_expired_token.kiq(
backend-hormonia/app/tasks/quiz_link_taskiq.py:91:                        session_id=str(link_info["session_id"]),
backend-hormonia/app/tasks/quiz_link_taskiq.py:95:                    results["regenerated"].append(str(link_info["session_id"]))
backend-hormonia/app/tasks/quiz_link_taskiq.py:98:                        "Failed to dispatch rotate_expired_token for session %s: %s",
backend-hormonia/app/tasks/quiz_link_taskiq.py:99:                        link_info["session_id"],
backend-hormonia/app/tasks/quiz_link_taskiq.py:103:                        {"session_id": str(link_info["session_id"]), "error": str(e)}
backend-hormonia/app/tasks/quiz_link_taskiq.py:125:# 2. rotate_expired_token — on-demand
backend-hormonia/app/tasks/quiz_link_taskiq.py:133:async def rotate_expired_token(
backend-hormonia/app/tasks/quiz_link_taskiq.py:134:    session_id: str, patient_id: str, quiz_template_id: str
backend-hormonia/app/tasks/quiz_link_taskiq.py:139:        session_id: Quiz session UUID string.
backend-hormonia/app/tasks/quiz_link_taskiq.py:146:    start_time = log_task_start("rotate_expired_token", session_id=session_id)
backend-hormonia/app/tasks/quiz_link_taskiq.py:153:                session_id=UUID(session_id),
backend-hormonia/app/tasks/quiz_link_taskiq.py:162:                    session_id=session_id,
backend-hormonia/app/tasks/quiz_link_taskiq.py:166:                logger.info("Token regenerated for session %s", session_id)
backend-hormonia/app/tasks/quiz_link_taskiq.py:170:                    session_id=session_id,
backend-hormonia/app/tasks/quiz_link_taskiq.py:174:                logger.info("Fallback to WhatsApp triggered for session %s", session_id)
backend-hormonia/app/tasks/quiz_link_taskiq.py:176:            log_task_success("rotate_expired_token", start_time, action=action)
backend-hormonia/app/tasks/quiz_link_taskiq.py:185:                    session_id=UUID(session_id),
backend-hormonia/app/tasks/quiz_link_taskiq.py:192:        log_task_error("rotate_expired_token", exc, start_time, session_id=session_id)
backend-hormonia/app/tasks/quiz_link_taskiq.py:206:    session_id: str,
backend-hormonia/app/tasks/quiz_link_taskiq.py:218:        session_id: Quiz session UUID string.
backend-hormonia/app/tasks/quiz_link_taskiq.py:220:        token: Quiz access token (fetched internally when omitted).
backend-hormonia/app/tasks/quiz_link_taskiq.py:228:        session_id=session_id,
backend-hormonia/app/tasks/quiz_link_taskiq.py:233:    lock_key = f"quiz:reminder:session:{session_id}"
backend-hormonia/app/tasks/quiz_link_taskiq.py:253:                "session_id": session_id,
backend-hormonia/app/tasks/quiz_link_taskiq.py:262:            session = resilience_service.session_repository.get(UUID(session_id))
backend-hormonia/app/tasks/quiz_link_taskiq.py:264:                raise ValueError(f"Session {session_id} not found")
backend-hormonia/app/tasks/quiz_link_taskiq.py:266:                raise ValueError(f"Session/patient mismatch for session {session_id}")
backend-hormonia/app/tasks/quiz_link_taskiq.py:273:                quiz_link = await quiz_service.get_quiz_link_status(UUID(session_id))
backend-hormonia/app/tasks/quiz_link_taskiq.py:276:                        f"No active quiz token available for session {session_id}"
backend-hormonia/app/tasks/quiz_link_taskiq.py:302:                            session_id,
backend-hormonia/app/tasks/quiz_link_taskiq.py:310:                            "session_id": session_id,
backend-hormonia/app/tasks/quiz_link_taskiq.py:325:            short_code = metadata.get("short_code")
backend-hormonia/app/tasks/quiz_link_taskiq.py:326:            if not short_code:
backend-hormonia/app/tasks/quiz_link_taskiq.py:327:                short_code = generate_unique_short_code(db)
backend-hormonia/app/tasks/quiz_link_taskiq.py:328:                metadata["short_code"] = short_code
backend-hormonia/app/tasks/quiz_link_taskiq.py:334:            link_url = link_builder.build_preferred_link(token, short_code)
backend-hormonia/app/tasks/quiz_link_taskiq.py:381:                session_id=session_id,
backend-hormonia/app/tasks/quiz_link_taskiq.py:386:                "session_id": session_id,
backend-hormonia/app/tasks/quiz_link_taskiq.py:397:                    session_id=UUID(session_id),
backend-hormonia/app/tasks/quiz_link_taskiq.py:407:        log_task_error("send_quiz_reminder", exc, start_time, session_id=session_id)
backend-hormonia/app/tasks/quiz_link_taskiq.py:417:                    session_id,
backend-hormonia/app/tasks/quiz_link_taskiq.py:432:    session_id: str, patient_id: str, quiz_template_id: str
backend-hormonia/app/tasks/quiz_link_taskiq.py:437:        session_id: Quiz session UUID string.
backend-hormonia/app/tasks/quiz_link_taskiq.py:444:    start_time = log_task_start("fallback_to_whatsapp", session_id=session_id)
backend-hormonia/app/tasks/quiz_link_taskiq.py:461:                session_id,
backend-hormonia/app/tasks/quiz_link_taskiq.py:463:            log_task_success("fallback_to_whatsapp", start_time, session_id=session_id)
backend-hormonia/app/tasks/quiz_link_taskiq.py:466:                "session_id": session_id,
backend-hormonia/app/tasks/quiz_link_taskiq.py:473:        log_task_error("fallback_to_whatsapp", exc, start_time, session_id=session_id)
backend-hormonia/app/tasks/quiz_link_taskiq.py:525:                            "session_id": str(session.id),
backend-hormonia/app/tasks/quiz_link_taskiq.py:627:    "rotate_expired_token",
backend-hormonia/app/tasks/helpers/quiz_link_helpers.py:32:        r"([?&](?:token|access_token|code)=)[^&\s]+",
backend-hormonia/app/domain/quizzes/answer_validator.py:63:    def validate_and_normalize_response(
backend-hormonia/app/domain/quizzes/answer_validator.py:74:            Normalized and validated response value
backend-hormonia/app/domain/quizzes/answer_validator.py:82:            return self._validate_multiple_choice(response_value, question)
backend-hormonia/app/domain/quizzes/answer_validator.py:84:            return self._validate_single_choice(response_value, question)
backend-hormonia/app/domain/quizzes/answer_validator.py:86:            return self._validate_open_text(response_value)
backend-hormonia/app/domain/quizzes/answer_validator.py:88:            return self._validate_numeric(response_value, question)
backend-hormonia/app/domain/quizzes/answer_validator.py:90:            return self._validate_date(response_value)
backend-hormonia/app/domain/quizzes/answer_validator.py:92:            return self._validate_boolean(response_value)
backend-hormonia/app/domain/quizzes/answer_validator.py:97:    def _validate_multiple_choice(
backend-hormonia/app/domain/quizzes/answer_validator.py:125:    def _validate_single_choice(
backend-hormonia/app/domain/quizzes/answer_validator.py:142:    def _validate_open_text(self, response_value: Any) -> str:
backend-hormonia/app/domain/quizzes/answer_validator.py:154:    def _validate_numeric(self, response_value: Any, question: Dict[str, Any]) -> float:
backend-hormonia/app/domain/quizzes/answer_validator.py:170:    def _validate_date(self, response_value: Any) -> str:
backend-hormonia/app/domain/quizzes/answer_validator.py:184:    def _validate_boolean(self, response_value: Any) -> bool:
backend-hormonia/app/domain/quizzes/answer_validator.py:248:    def validate_question_exists(
backend-hormonia/app/domain/quizzes/answer_validator.py:304:    def validate_response_timing(
backend-hormonia/app/domain/quizzes/manager.py:28:from .session import TokenManager, SessionFactory
backend-hormonia/app/domain/quizzes/manager.py:29:from .session.factory import generate_unique_short_code
backend-hormonia/app/domain/quizzes/manager.py:46:    - operations/: Link operations (regenerate, cancel, resend, bulk)
backend-hormonia/app/domain/quizzes/manager.py:63:        self.token_manager = TokenManager()
backend-hormonia/app/domain/quizzes/manager.py:81:        expires_at: datetime,
backend-hormonia/app/domain/quizzes/manager.py:84:        """Generate JWT token (delegates to TokenManager)."""
backend-hormonia/app/domain/quizzes/manager.py:86:            patient_id, quiz_template_id, expires_at, rotation_count
backend-hormonia/app/domain/quizzes/manager.py:90:        """Verify JWT token (delegates to TokenManager)."""
backend-hormonia/app/domain/quizzes/manager.py:155:        # Calculate expiration
backend-hormonia/app/domain/quizzes/manager.py:159:        expires_at = self.token_manager.generate_expiry(expiry_hours)
backend-hormonia/app/domain/quizzes/manager.py:166:            expires_at=expires_at,
backend-hormonia/app/domain/quizzes/manager.py:172:        short_code = metadata.get("short_code")
backend-hormonia/app/domain/quizzes/manager.py:173:        if not short_code:
backend-hormonia/app/domain/quizzes/manager.py:174:            short_code = generate_unique_short_code(self.db)
backend-hormonia/app/domain/quizzes/manager.py:175:            metadata["short_code"] = short_code
backend-hormonia/app/domain/quizzes/manager.py:180:        link_url = self.link_builder.build_preferred_link(token, short_code)
backend-hormonia/app/domain/quizzes/manager.py:220:                session_id=session.id,
backend-hormonia/app/domain/quizzes/manager.py:222:                expires_at=expires_at,
backend-hormonia/app/domain/quizzes/manager.py:233:            expires_at=expires_at,
backend-hormonia/app/domain/quizzes/manager.py:247:            expires_at=expires_at,
backend-hormonia/app/domain/quizzes/manager.py:249:            accessed_at=None,
backend-hormonia/app/domain/quizzes/manager.py:251:            access_count=metadata.get("access_count", 0),
backend-hormonia/app/domain/quizzes/manager.py:281:    async def get_quiz_link_status(self, session_id: UUID) -> MonthlyQuizLinkResponse:
backend-hormonia/app/domain/quizzes/manager.py:283:        return await self.status_query.get_link_status(session_id)
backend-hormonia/app/domain/quizzes/manager.py:303:        session_id: UUID,
backend-hormonia/app/domain/quizzes/manager.py:310:        token, expires_at = await self.link_operations.resend_link(
backend-hormonia/app/domain/quizzes/manager.py:311:            session_id, delivery_method, actor_id, ip_address, user_agent
backend-hormonia/app/domain/quizzes/manager.py:314:        session = self.session_repository.get(session_id)
backend-hormonia/app/domain/quizzes/manager.py:316:        short_code = updated_metadata.get("short_code")
backend-hormonia/app/domain/quizzes/manager.py:317:        if not short_code:
backend-hormonia/app/domain/quizzes/manager.py:318:            short_code = generate_unique_short_code(self.db)
backend-hormonia/app/domain/quizzes/manager.py:319:            updated_metadata["short_code"] = short_code
backend-hormonia/app/domain/quizzes/manager.py:324:        link_url = self.link_builder.build_preferred_link(token, short_code)
backend-hormonia/app/domain/quizzes/manager.py:334:            expires_at=expires_at,
backend-hormonia/app/domain/quizzes/manager.py:336:            accessed_at=datetime.fromisoformat(updated_metadata["accessed_at"])
backend-hormonia/app/domain/quizzes/manager.py:337:            if updated_metadata.get("accessed_at")
backend-hormonia/app/domain/quizzes/manager.py:340:            access_count=updated_metadata.get("access_count", 0),
backend-hormonia/app/domain/quizzes/manager.py:347:        self, session_id: UUID, actor_id: Optional[UUID] = None
backend-hormonia/app/domain/quizzes/manager.py:350:        new_token, new_expires_at = await self.link_operations.regenerate_link(
backend-hormonia/app/domain/quizzes/manager.py:351:            session_id, actor_id
backend-hormonia/app/domain/quizzes/manager.py:354:        session = self.session_repository.get(session_id)
backend-hormonia/app/domain/quizzes/manager.py:356:        short_code = metadata.get("short_code")
backend-hormonia/app/domain/quizzes/manager.py:357:        if not short_code:
backend-hormonia/app/domain/quizzes/manager.py:358:            short_code = generate_unique_short_code(self.db)
backend-hormonia/app/domain/quizzes/manager.py:359:            metadata["short_code"] = short_code
backend-hormonia/app/domain/quizzes/manager.py:364:        link_url = self.link_builder.build_preferred_link(new_token, short_code)
backend-hormonia/app/domain/quizzes/manager.py:374:            expires_at=new_expires_at,
backend-hormonia/app/domain/quizzes/manager.py:376:            accessed_at=datetime.fromisoformat(metadata["accessed_at"])
backend-hormonia/app/domain/quizzes/manager.py:377:            if metadata.get("accessed_at")
backend-hormonia/app/domain/quizzes/manager.py:380:            access_count=metadata.get("access_count", 0),
backend-hormonia/app/domain/quizzes/manager.py:384:        self, session_id: UUID, actor_id: Optional[UUID] = None
backend-hormonia/app/domain/quizzes/manager.py:388:            session_id,
backend-hormonia/app/domain/quizzes/manager.py:393:    async def cancel_quiz_link(
backend-hormonia/app/domain/quizzes/manager.py:395:        session_id: UUID,
backend-hormonia/app/domain/quizzes/manager.py:401:        await self.link_operations.cancel_link(
backend-hormonia/app/domain/quizzes/manager.py:402:            session_id, actor_id, ip_address, user_agent
backend-hormonia/app/domain/quizzes/manager.py:404:        return await self.get_quiz_link_status(session_id)
backend-hormonia/app/domain/quizzes/manager.py:432:        session_id: UUID,
backend-hormonia/app/domain/quizzes/manager.py:437:        self.expiry_handler.track_failure(session_id, failure_reason, failure_details)
backend-hormonia/app/domain/quizzes/manager.py:439:    async def rotate_token(self, session: QuizSession, template: QuizTemplate) -> str:
backend-hormonia/app/domain/quizzes/manager.py:440:        """Generate new rotated token for quiz session."""
backend-hormonia/app/domain/quizzes/manager.py:441:        expires_at_dt = datetime.fromisoformat(
backend-hormonia/app/domain/quizzes/manager.py:442:            session.session_metadata.get("expires_at", now_sao_paulo().isoformat())
backend-hormonia/app/domain/quizzes/manager.py:448:            expires_at=expires_at_dt,
backend-hormonia/app/domain/quizzes/manager.py:452:        new_token_hash = self.token_manager.hash_token(new_token)
backend-hormonia/app/domain/quizzes/manager.py:458:            metadata["previous_token_invalidated_at"] = now_sao_paulo().isoformat()
backend-hormonia/app/domain/quizzes/manager.py:459:        metadata["token_rotated_at"] = now_sao_paulo().isoformat()
backend-hormonia/app/domain/quizzes/question_renderer.py:32:    def render_quiz_access_response(
backend-hormonia/app/domain/quizzes/question_renderer.py:34:        quiz_session_id: UUID,
backend-hormonia/app/domain/quizzes/question_renderer.py:38:        expires_at: datetime,
backend-hormonia/app/domain/quizzes/question_renderer.py:42:        Build a complete quiz access response with formatted questions.
backend-hormonia/app/domain/quizzes/question_renderer.py:45:            quiz_session_id: Quiz session UUID
backend-hormonia/app/domain/quizzes/question_renderer.py:49:            expires_at: Token expiration datetime
backend-hormonia/app/domain/quizzes/question_renderer.py:50:            new_token: Optional rotated token
backend-hormonia/app/domain/quizzes/question_renderer.py:57:            quiz_session_id=quiz_session_id,
backend-hormonia/app/domain/quizzes/question_renderer.py:64:            expires_at=expires_at,
backend-hormonia/app/domain/quizzes/question_renderer.py:67:        # Add rotated token if provided
backend-hormonia/app/domain/quizzes/__init__.py:46:    validate_multi_select_response,
backend-hormonia/app/domain/quizzes/__init__.py:52:    _validate_token_with_grace_period,
backend-hormonia/app/domain/quizzes/__init__.py:80:    "validate_multi_select_response",
backend-hormonia/app/domain/quizzes/__init__.py:83:    "_validate_token_with_grace_period",
backend-hormonia/app/domain/quizzes/score_calculator.py:38:    async def calculate_score(self, session_id: UUID) -> float:
backend-hormonia/app/domain/quizzes/score_calculator.py:46:            session_id: Quiz session UUID
backend-hormonia/app/domain/quizzes/score_calculator.py:54:            .filter(QuizResponse.quiz_session_id == session_id)
backend-hormonia/app/domain/quizzes/score_calculator.py:199:    def calculate_session_statistics(self, session_id: UUID) -> Dict[str, Any]:
backend-hormonia/app/domain/quizzes/score_calculator.py:204:            session_id: Quiz session UUID
backend-hormonia/app/domain/quizzes/score_calculator.py:211:            .filter(QuizResponse.quiz_session_id == session_id)
backend-hormonia/app/domain/quizzes/score_calculator.py:216:            self.db.query(QuizSession).filter(QuizSession.id == session_id).first()
backend-hormonia/app/domain/quizzes/score_calculator.py:250:            "session_id": str(session_id),
backend-hormonia/app/domain/quizzes/score_calculator.py:302:    def calculate_aggregate_statistics(self, session_ids: List[UUID]) -> Dict[str, Any]:
backend-hormonia/app/domain/quizzes/score_calculator.py:307:            session_ids: List of session UUIDs to analyze
backend-hormonia/app/domain/quizzes/score_calculator.py:315:        for session_id in session_ids:
backend-hormonia/app/domain/quizzes/score_calculator.py:316:            stats = self.calculate_session_statistics(session_id)
backend-hormonia/app/domain/quizzes/score_calculator.py:324:                "total_sessions": len(session_ids),
backend-hormonia/app/domain/quizzes/score_calculator.py:341:            "total_sessions": len(session_ids),
backend-hormonia/app/domain/quizzes/report_generator.py:54:        # FIX: Add eager loading to avoid N+1 queries when accessing related objects
backend-hormonia/app/domain/quizzes/report_generator.py:70:                        "expires_at", now_sao_paulo().isoformat()
backend-hormonia/app/domain/quizzes/report_generator.py:83:                        "expires_at", now_sao_paulo().isoformat()
backend-hormonia/app/domain/quizzes/report_generator.py:168:            expires_at_str = metadata.get("expires_at")
backend-hormonia/app/domain/quizzes/report_generator.py:169:            if expires_at_str:
backend-hormonia/app/domain/quizzes/report_generator.py:171:                    expires_at = datetime.fromisoformat(expires_at_str)
backend-hormonia/app/domain/quizzes/report_generator.py:172:                    if current_time > expires_at:
backend-hormonia/app/domain/quizzes/report_generator.py:178:                        f"Failed to parse expires_at from session metadata: {e}"
backend-hormonia/app/domain/quizzes/report_generator.py:200:            "expiration_rate": round((expired / total * 100), 2) if total > 0 else 0,
backend-hormonia/app/domain/quizzes/report_generator.py:203:    def generate_session_report(self, session_id: UUID) -> Dict[str, Any]:
backend-hormonia/app/domain/quizzes/report_generator.py:208:            session_id: Quiz session UUID
backend-hormonia/app/domain/quizzes/report_generator.py:214:            self.db.query(QuizSession).filter(QuizSession.id == session_id).first()
backend-hormonia/app/domain/quizzes/report_generator.py:229:            "session_id": str(session.id),
backend-hormonia/app/domain/quizzes/report_generator.py:242:            "access_count": metadata.get("access_count", 0),
backend-hormonia/app/domain/quizzes/report_generator.py:245:            "expires_at": metadata.get("expires_at"),
backend-hormonia/app/domain/quizzes/report_generator.py:246:            "link_status": metadata.get("link_status"),
backend-hormonia/app/domain/quizzes/report_generator.py:253:    def generate_bulk_report(self, session_ids: List[UUID]) -> Dict[str, Any]:
backend-hormonia/app/domain/quizzes/report_generator.py:258:            session_ids: List of session UUIDs
backend-hormonia/app/domain/quizzes/report_generator.py:264:            self.db.query(QuizSession).filter(QuizSession.id.in_(session_ids)).all()
backend-hormonia/app/domain/quizzes/report_generator.py:345:            "latest_session_id": str(latest_session.id) if latest_session else None,
backend-hormonia/app/domain/quizzes/report_generator.py:352:                    "session_id": str(s.id),
backend-hormonia/app/domain/quizzes/evaluation/response_evaluator.py:67:        self, quiz_session_id: UUID, patient_id: UUID, responses: Dict[str, Any]
backend-hormonia/app/domain/quizzes/evaluation/response_evaluator.py:73:            quiz_session_id: UUID of the quiz session
backend-hormonia/app/domain/quizzes/evaluation/response_evaluator.py:84:        if not quiz_session_id:
backend-hormonia/app/domain/quizzes/evaluation/response_evaluator.py:85:            raise ValidationError("quiz_session_id is required")
backend-hormonia/app/domain/quizzes/evaluation/response_evaluator.py:92:            f"Evaluating quiz session {quiz_session_id} for patient {patient_id} "
backend-hormonia/app/domain/quizzes/evaluation/response_evaluator.py:112:                        quiz_session_id=quiz_session_id,
backend-hormonia/app/domain/quizzes/evaluation/response_evaluator.py:132:            f"Quiz evaluation complete for session {quiz_session_id}: "
backend-hormonia/app/domain/quizzes/evaluation/response_evaluator.py:142:                resource_id=str(quiz_session_id),
backend-hormonia/app/domain/quizzes/evaluation/response_evaluator.py:205:        quiz_session_id: UUID,
backend-hormonia/app/domain/quizzes/evaluation/response_evaluator.py:214:            quiz_session_id: UUID of quiz session
backend-hormonia/app/domain/quizzes/evaluation/response_evaluator.py:235:                Alert.data["quiz_session_id"].astext == str(quiz_session_id),
backend-hormonia/app/domain/quizzes/evaluation/response_evaluator.py:241:                    quiz_session_id, rule.rule_id,
backend-hormonia/app/domain/quizzes/evaluation/response_evaluator.py:253:                    "quiz_session_id": str(quiz_session_id),
backend-hormonia/app/domain/quizzes/evaluation/response_evaluator.py:291:                            "quiz_session_id": str(quiz_session_id),
backend-hormonia/app/domain/quizzes/session/__init__.py:5:from .token_manager import TokenManager
backend-hormonia/app/domain/quizzes/session/__init__.py:8:__all__ = ["TokenManager", "SessionFactory"]
backend-hormonia/app/domain/quizzes/delivery/link_builder.py:44:            token: JWT token for quiz access
backend-hormonia/app/domain/quizzes/delivery/link_builder.py:67:    def build_short_link(self, short_code: str) -> Optional[str]:
backend-hormonia/app/domain/quizzes/delivery/link_builder.py:71:        return f"{self.config.MONTHLY_QUIZ_SHORT_BASE_URL.rstrip('/')}/{short_code}"
backend-hormonia/app/domain/quizzes/delivery/link_builder.py:73:    def build_preferred_link(self, token: str, short_code: Optional[str] = None) -> str:
backend-hormonia/app/domain/quizzes/delivery/link_builder.py:75:        if short_code:
backend-hormonia/app/domain/quizzes/delivery/link_builder.py:76:            short_link = self.build_short_link(short_code)
backend-hormonia/app/domain/quizzes/security/__init__.py:6:    _validate_token_with_grace_period,
backend-hormonia/app/domain/quizzes/security/__init__.py:10:__all__ = ["_validate_token_with_grace_period", "submit_quiz_response_with_rotation"]
backend-hormonia/app/domain/quizzes/utils/__init__.py:9:    validate_multi_select_response,
backend-hormonia/app/domain/quizzes/utils/__init__.py:17:    "validate_multi_select_response",
backend-hormonia/app/domain/quizzes/delivery/service.py:63:                    "quiz_session_id": str(session.id),
backend-hormonia/app/domain/quizzes/delivery/service.py:80:                    "quiz_session_id": str(session.id),
backend-hormonia/app/domain/quizzes/delivery/service.py:101:            quiz_session_id=str(session.id),
backend-hormonia/app/domain/quizzes/delivery/service.py:131:                        "quiz_session_id": str(session.id),
backend-hormonia/app/domain/quizzes/delivery/service.py:147:                "quiz_session_id": str(session.id),
backend-hormonia/app/domain/quizzes/templates/template_service.py:36:            db: Database session (required for database access)
backend-hormonia/app/domain/quizzes/templates/template_service.py:109:            if self._validate_template(template_data):
backend-hormonia/app/domain/quizzes/templates/template_service.py:156:                if self._validate_template(template_data):
backend-hormonia/app/domain/quizzes/templates/template_service.py:208:    def _validate_template(self, template_data: Dict[str, Any]) -> bool:
backend-hormonia/app/domain/quizzes/templates/template_service.py:213:            template_data: Template data to validate
backend-hormonia/app/domain/quizzes/templates/template_service.py:234:            if not self._validate_question(question, idx):
backend-hormonia/app/domain/quizzes/templates/template_service.py:239:    def _validate_question(self, question: Dict[str, Any], index: int) -> bool:
backend-hormonia/app/domain/quizzes/utils/response_utils.py:78:def validate_multi_select_response(
backend-hormonia/app/domain/quizzes/queries/status.py:90:    async def get_link_status(self, session_id: UUID) -> MonthlyQuizLinkResponse:
backend-hormonia/app/domain/quizzes/queries/status.py:94:            session_id: Session identifier
backend-hormonia/app/domain/quizzes/queries/status.py:102:        session = self.session_repository.get(session_id)
backend-hormonia/app/domain/quizzes/queries/status.py:104:            raise NotFoundError(f"Quiz session {session_id} not found")
backend-hormonia/app/domain/quizzes/queries/status.py:110:            metadata.get("link_status", QuizLinkStatus.ACTIVE.value)
backend-hormonia/app/domain/quizzes/queries/status.py:115:            metadata.get("expires_at", now_sao_paulo().isoformat())
backend-hormonia/app/domain/quizzes/queries/status.py:127:            expires_at=datetime.fromisoformat(
backend-hormonia/app/domain/quizzes/queries/status.py:128:                metadata.get("expires_at", now_sao_paulo().isoformat())
backend-hormonia/app/domain/quizzes/queries/status.py:131:            accessed_at=datetime.fromisoformat(metadata["accessed_at"])
backend-hormonia/app/domain/quizzes/queries/status.py:132:            if metadata.get("accessed_at")
backend-hormonia/app/domain/quizzes/queries/status.py:135:            access_count=metadata.get("access_count", 0),
backend-hormonia/app/domain/quizzes/queries/status.py:181:        return await self.get_link_status(session.id)
backend-hormonia/app/domain/quizzes/queries/status.py:202:                        QuizSession.session_metadata["link_status"].astext == "active",
backend-hormonia/app/domain/quizzes/queries/status.py:203:                        QuizSession.session_metadata["link_status"].astext.is_(None),
backend-hormonia/app/domain/quizzes/queries/status.py:218:            expires_at_str = metadata.get("expires_at")
backend-hormonia/app/domain/quizzes/queries/status.py:220:            if expires_at_str:
backend-hormonia/app/domain/quizzes/queries/status.py:222:                    expires_at = datetime.fromisoformat(expires_at_str)
backend-hormonia/app/domain/quizzes/queries/status.py:224:                        current_time <= expires_at
backend-hormonia/app/domain/quizzes/queries/status.py:225:                        and metadata.get("link_status") != "cancelled"
backend-hormonia/app/domain/quizzes/queries/status.py:229:                            link_response = await self.get_link_status(session.id)
backend-hormonia/app/domain/quizzes/queries/status.py:268:            expires_at_str = metadata.get("expires_at")
backend-hormonia/app/domain/quizzes/queries/status.py:270:            if not expires_at_str:
backend-hormonia/app/domain/quizzes/queries/status.py:274:                expires_at = datetime.fromisoformat(expires_at_str)
backend-hormonia/app/domain/quizzes/queries/status.py:276:                if current_time <= expires_at:
backend-hormonia/app/domain/quizzes/queries/status.py:277:                    access_url = self.link_builder.build_redacted_link()
backend-hormonia/app/domain/quizzes/queries/status.py:282:                            "session_id": str(session.id),
backend-hormonia/app/domain/quizzes/queries/status.py:298:                            "access_url": access_url,
backend-hormonia/app/domain/quizzes/queries/status.py:301:                            "expires_at": expires_at.isoformat(),
backend-hormonia/app/domain/quizzes/queries/status.py:302:                            "is_active": expires_at > current_time,
backend-hormonia/app/domain/quizzes/queries/status.py:304:                            "access_count": metadata.get("access_count", 0),
backend-hormonia/app/domain/quizzes/operations/link_ops.py:1:"""Link operations: regenerate, cancel, resend."""
backend-hormonia/app/domain/quizzes/operations/link_ops.py:17:from ..session.token_manager import TokenManager
backend-hormonia/app/domain/quizzes/operations/link_ops.py:18:from ..session.factory import generate_unique_short_code
backend-hormonia/app/domain/quizzes/operations/link_ops.py:29:    """Handles regeneration, cancellation, and resending of quiz links."""
backend-hormonia/app/domain/quizzes/operations/link_ops.py:36:        self.token_manager = TokenManager()
backend-hormonia/app/domain/quizzes/operations/link_ops.py:46:    def _parse_metadata_expires_at(self, raw_value: Optional[str]) -> Optional[datetime]:
backend-hormonia/app/domain/quizzes/operations/link_ops.py:47:        """Parse metadata.expires_at safely."""
backend-hormonia/app/domain/quizzes/operations/link_ops.py:55:    def _resolve_and_sync_expiration(
backend-hormonia/app/domain/quizzes/operations/link_ops.py:62:        Resolve effective expiration from session/metadata and persist both fields.
backend-hormonia/app/domain/quizzes/operations/link_ops.py:65:        unintentionally extending access.
backend-hormonia/app/domain/quizzes/operations/link_ops.py:67:        session_expiration = (
backend-hormonia/app/domain/quizzes/operations/link_ops.py:68:            self._normalize_datetime(session.expiration_date)
backend-hormonia/app/domain/quizzes/operations/link_ops.py:69:            if session.expiration_date
backend-hormonia/app/domain/quizzes/operations/link_ops.py:72:        metadata_expiration = self._parse_metadata_expires_at(metadata.get("expires_at"))
backend-hormonia/app/domain/quizzes/operations/link_ops.py:74:        if session_expiration and metadata_expiration:
backend-hormonia/app/domain/quizzes/operations/link_ops.py:75:            expires_at = min(session_expiration, metadata_expiration)
backend-hormonia/app/domain/quizzes/operations/link_ops.py:76:        elif session_expiration:
backend-hormonia/app/domain/quizzes/operations/link_ops.py:77:            expires_at = session_expiration
backend-hormonia/app/domain/quizzes/operations/link_ops.py:78:        elif metadata_expiration:
backend-hormonia/app/domain/quizzes/operations/link_ops.py:79:            expires_at = metadata_expiration
backend-hormonia/app/domain/quizzes/operations/link_ops.py:81:            expires_at = self._normalize_datetime(
backend-hormonia/app/domain/quizzes/operations/link_ops.py:85:        session.expiration_date = expires_at
backend-hormonia/app/domain/quizzes/operations/link_ops.py:86:        metadata["expires_at"] = expires_at.isoformat()
backend-hormonia/app/domain/quizzes/operations/link_ops.py:87:        return expires_at
backend-hormonia/app/domain/quizzes/operations/link_ops.py:90:        self, session_id: UUID, actor_id: Optional[UUID] = None
backend-hormonia/app/domain/quizzes/operations/link_ops.py:95:            session_id: Session identifier
backend-hormonia/app/domain/quizzes/operations/link_ops.py:99:            Tuple of (new_token, new_expires_at)
backend-hormonia/app/domain/quizzes/operations/link_ops.py:105:        session = self.session_repository.get(session_id)
backend-hormonia/app/domain/quizzes/operations/link_ops.py:107:            raise NotFoundError(f"Quiz session {session_id} not found")
backend-hormonia/app/domain/quizzes/operations/link_ops.py:116:        new_expires_at = self._normalize_datetime(self.token_manager.generate_expiry())
backend-hormonia/app/domain/quizzes/operations/link_ops.py:122:            expires_at=new_expires_at,
backend-hormonia/app/domain/quizzes/operations/link_ops.py:124:            session_id=session.id,
backend-hormonia/app/domain/quizzes/operations/link_ops.py:125:            token_type="quiz_access",
backend-hormonia/app/domain/quizzes/operations/link_ops.py:129:        metadata["token_hash"] = self.token_manager.hash_token(new_token)
backend-hormonia/app/domain/quizzes/operations/link_ops.py:130:        metadata["expires_at"] = new_expires_at.isoformat()
backend-hormonia/app/domain/quizzes/operations/link_ops.py:133:        metadata["link_status"] = QuizLinkStatus.ACTIVE.value
backend-hormonia/app/domain/quizzes/operations/link_ops.py:134:        if not metadata.get("short_code"):
backend-hormonia/app/domain/quizzes/operations/link_ops.py:135:            metadata["short_code"] = generate_unique_short_code(self.db)
backend-hormonia/app/domain/quizzes/operations/link_ops.py:137:        session.expiration_date = new_expires_at
backend-hormonia/app/domain/quizzes/operations/link_ops.py:146:                session_id=session.id,
backend-hormonia/app/domain/quizzes/operations/link_ops.py:150:        return new_token, new_expires_at
backend-hormonia/app/domain/quizzes/operations/link_ops.py:152:    async def cancel_link(
backend-hormonia/app/domain/quizzes/operations/link_ops.py:154:        session_id: UUID,
backend-hormonia/app/domain/quizzes/operations/link_ops.py:159:        """Cancel a quiz link (update status to cancelled).
backend-hormonia/app/domain/quizzes/operations/link_ops.py:162:            session_id: Session identifier
backend-hormonia/app/domain/quizzes/operations/link_ops.py:163:            actor_id: User performing the cancellation
backend-hormonia/app/domain/quizzes/operations/link_ops.py:171:        session = self.session_repository.get(session_id)
backend-hormonia/app/domain/quizzes/operations/link_ops.py:173:            raise NotFoundError(f"Quiz session {session_id} not found")
backend-hormonia/app/domain/quizzes/operations/link_ops.py:176:            raise ValidationError("Cannot cancel a completed quiz session")
backend-hormonia/app/domain/quizzes/operations/link_ops.py:178:        # Update metadata to cancelled status
backend-hormonia/app/domain/quizzes/operations/link_ops.py:180:        metadata["link_status"] = QuizLinkStatus.CANCELLED.value
backend-hormonia/app/domain/quizzes/operations/link_ops.py:181:        metadata["cancelled_at"] = now_sao_paulo().isoformat()
backend-hormonia/app/domain/quizzes/operations/link_ops.py:182:        metadata["cancelled_by"] = str(actor_id) if actor_id else None
backend-hormonia/app/domain/quizzes/operations/link_ops.py:187:        # Audit log cancellation
backend-hormonia/app/domain/quizzes/operations/link_ops.py:189:            self.audit_service.log_link_cancelled(
backend-hormonia/app/domain/quizzes/operations/link_ops.py:192:                session_id=session.id,
backend-hormonia/app/domain/quizzes/operations/link_ops.py:199:        session_id: UUID,
backend-hormonia/app/domain/quizzes/operations/link_ops.py:208:            session_id: Session identifier
backend-hormonia/app/domain/quizzes/operations/link_ops.py:215:            Tuple of (new_token, expires_at)
backend-hormonia/app/domain/quizzes/operations/link_ops.py:221:        session = self.session_repository.get(session_id)
backend-hormonia/app/domain/quizzes/operations/link_ops.py:223:            raise NotFoundError(f"Quiz session {session_id} not found")
backend-hormonia/app/domain/quizzes/operations/link_ops.py:228:        expires_at = self._resolve_and_sync_expiration(
backend-hormonia/app/domain/quizzes/operations/link_ops.py:233:        if now_sao_paulo() > expires_at:
backend-hormonia/app/domain/quizzes/operations/link_ops.py:244:                session_id=session.id,
backend-hormonia/app/domain/quizzes/operations/link_ops.py:254:            expires_at=expires_at,
backend-hormonia/app/domain/quizzes/operations/link_ops.py:255:            session_id=session.id,
backend-hormonia/app/domain/quizzes/operations/link_ops.py:256:            token_type="quiz_access",
backend-hormonia/app/domain/quizzes/operations/link_ops.py:260:        metadata["token_hash"] = self.token_manager.hash_token(token)
backend-hormonia/app/domain/quizzes/operations/link_ops.py:261:        metadata["expires_at"] = expires_at.isoformat()
backend-hormonia/app/domain/quizzes/operations/link_ops.py:264:        metadata["link_status"] = QuizLinkStatus.ACTIVE.value
backend-hormonia/app/domain/quizzes/operations/link_ops.py:265:        if not metadata.get("short_code"):
backend-hormonia/app/domain/quizzes/operations/link_ops.py:266:            metadata["short_code"] = generate_unique_short_code(self.db)
backend-hormonia/app/domain/quizzes/operations/link_ops.py:267:        session.expiration_date = expires_at
backend-hormonia/app/domain/quizzes/operations/link_ops.py:284:            max(int((expires_at - now_sao_paulo()).total_seconds() // 3600), 0)
backend-hormonia/app/domain/quizzes/operations/link_ops.py:285:            if expires_at
backend-hormonia/app/domain/quizzes/operations/link_ops.py:290:            token, metadata.get("short_code")
backend-hormonia/app/domain/quizzes/operations/link_ops.py:325:        return token, expires_at
backend-hormonia/app/domain/quizzes/integration/flow_integration_service.py:171:                "session_id": str(active_session.id),
backend-hormonia/app/domain/quizzes/integration/flow_integration_service.py:187:    async def cancel_active_quiz(self, patient_id: UUID) -> bool:
backend-hormonia/app/domain/quizzes/integration/flow_integration_service.py:195:            True if cancelled successfully
backend-hormonia/app/domain/quizzes/integration/flow_integration_service.py:205:            active_session.status = "cancelled"
backend-hormonia/app/domain/quizzes/integration/flow_integration_service.py:215:            logger.error(f"Failed to cancel quiz for patient {patient_id}: {e}")
backend-hormonia/app/domain/quizzes/integration/flow_integration_service.py:243:                        "session_id": str(session.id),
backend-hormonia/app/domain/quizzes/integration/flow_integration_service.py:286:        Restart a quiz session for a patient (cancel current and start new).
backend-hormonia/app/domain/quizzes/integration/flow_integration_service.py:296:            await self.cancel_active_quiz(patient_id)
backend-hormonia/app/domain/quizzes/integration/flow_integration_service.py:322:                    "session_id": result.get("session_id"),
backend-hormonia/app/domain/quizzes/session/token_manager.py:20:class TokenManager:
backend-hormonia/app/domain/quizzes/session/token_manager.py:30:        expires_at: datetime,
backend-hormonia/app/domain/quizzes/session/token_manager.py:32:        session_id: Optional[UUID] = None,
backend-hormonia/app/domain/quizzes/session/token_manager.py:33:        token_type: str = "quiz_access",
backend-hormonia/app/domain/quizzes/session/token_manager.py:35:        """Generate a JWT token for quiz session access.
backend-hormonia/app/domain/quizzes/session/token_manager.py:40:            expires_at: Token expiration datetime
backend-hormonia/app/domain/quizzes/session/token_manager.py:41:            rotation_count: Number of times token has been rotated
backend-hormonia/app/domain/quizzes/session/token_manager.py:42:            session_id: Optional quiz session identifier
backend-hormonia/app/domain/quizzes/session/token_manager.py:43:            token_type: Token usage type (default: quiz_access)
backend-hormonia/app/domain/quizzes/session/token_manager.py:51:            "exp": int(expires_at.timestamp()),
backend-hormonia/app/domain/quizzes/session/token_manager.py:57:        if session_id:
backend-hormonia/app/domain/quizzes/session/token_manager.py:58:            payload["session_id"] = str(session_id)
backend-hormonia/app/domain/quizzes/session/token_manager.py:91:    def hash_token(self, token: str) -> str:
backend-hormonia/app/domain/quizzes/session/token_manager.py:103:        """Calculate token expiration datetime.
backend-hormonia/app/domain/quizzes/session/token_manager.py:106:            hours: Hours until expiration (uses config default if None)
backend-hormonia/app/domain/quizzes/resilience/link_resilience.py:25:from app.domain.quizzes.session.factory import generate_unique_short_code
backend-hormonia/app/domain/quizzes/resilience/link_resilience.py:26:from app.domain.quizzes.session.token_manager import TokenManager
backend-hormonia/app/domain/quizzes/resilience/link_resilience.py:41:    LINK_ACCESS_FAILED = "link_access_failed"
