FFFFF.s...                                                               [100%]
=================================== FAILURES ===================================
____ test_message_mutation_send_foreign_patient_denied_without_creating_row ____

client = <tests.utils.async_test_client.AsyncTestClient object at 0x750c3712a510>
db_session = <sqlalchemy.orm.session.Session object at 0x750c37527f50>

    def test_message_mutation_send_foreign_patient_denied_without_creating_row(
        client, db_session
    ):
        boundary = create_message_ownership_boundary(db_session)
        before_count = _patient_message_count(db_session, boundary.patient_b.id)
        forbidden_content = "Doctor A should not send this to Patient B"
    
        response = client.post(
            "/api/v2/messages",
            json={
                "patient_id": str(boundary.patient_b.id),
                "content": forbidden_content,
                "type": "text",
            },
            headers=headers_for_user(boundary.doctor_a),
        )
    
>       assert response.status_code == 403
E       assert 201 == 403
E        +  where 201 = <Response [201 Created]>.status_code

tests/api/v2/test_patient_ownership_boundary.py:172: AssertionError
---------------------------- Captured stdout setup -----------------------------
[tests.conftest] Deduplicating metadata indexes table=patients names=['ix_patients_email_hash', 'ix_patients_idempotency_key', 'ix_patients_phone_hash']
[tests.conftest] Applying schema patch: broaden audit_logs valid_event_category constraint
---------------------------- Captured stderr setup -----------------------------
2026-05-12 16:14:03 - app.core.executors - INFO - ExecutorManager initialized
2026-05-12 16:14:03 - app.core.executors - INFO - Created executor: cache (workers=4, prefix=cache_pool)
2026-05-12 16:14:03 - app.utils.db_retry - INFO - Circuit breaker manually reset to CLOSED state
------------------------------ Captured log setup ------------------------------
INFO     app.core.executors:executors.py:121 ExecutorManager initialized
INFO     app.core.executors:executors.py:149 Created executor: cache (workers=4, prefix=cache_pool)
INFO     app.utils.db_retry:db_retry.py:368 Circuit breaker manually reset to CLOSED state
----------------------------- Captured stderr call -----------------------------
2026-05-12 16:14:03 - app.api.v2.routers.messages - INFO - [BG TASK] Starting background send for message 8dc8062a-96d4-4915-8460-46deb96dca85
2026-05-12 16:14:03 - app.api.v2.routers.messages - INFO - [BG TASK] Skipping external send in test environment for message 8dc8062a-96d4-4915-8460-46deb96dca85
------------------------------ Captured log call -------------------------------
INFO     app.api.v2.routers.messages:messages.py:94 [BG TASK] Starting background send for message 8dc8062a-96d4-4915-8460-46deb96dca85
INFO     app.api.v2.routers.messages:messages.py:98 [BG TASK] Skipping external send in test environment for message 8dc8062a-96d4-4915-8460-46deb96dca85
--------------------------- Captured stderr teardown ---------------------------
2026-05-12 16:14:13 - app.utils.db_retry - INFO - Circuit breaker manually reset to CLOSED state
---------------------------- Captured log teardown -----------------------------
INFO     app.utils.db_retry:db_retry.py:368 Circuit breaker manually reset to CLOSED state
__ test_message_mutation_bulk_mixed_owned_foreign_denied_without_side_effects __

client = <tests.utils.async_test_client.AsyncTestClient object at 0x750c37029370>
db_session = <sqlalchemy.orm.session.Session object at 0x750c3712a450>

    def test_message_mutation_bulk_mixed_owned_foreign_denied_without_side_effects(
        client, db_session
    ):
        boundary = create_message_ownership_boundary(db_session)
        before_total = db_session.query(Message).count()
        forbidden_content = "Doctor A bulk message must not reach Patient B"
    
        response = client.post(
            "/api/v2/messages/bulk/send",
            json={
                "patient_ids": [str(boundary.patient_a.id), str(boundary.patient_b.id)],
                "content": forbidden_content,
                "type": "text",
            },
            headers=headers_for_user(boundary.doctor_a),
        )
    
>       assert response.status_code == 403
E       assert 201 == 403
E        +  where 201 = <Response [201 Created]>.status_code

tests/api/v2/test_patient_ownership_boundary.py:206: AssertionError
---------------------------- Captured stderr setup -----------------------------
2026-05-12 16:14:13 - app.utils.db_retry - INFO - Circuit breaker manually reset to CLOSED state
------------------------------ Captured log setup ------------------------------
INFO     app.utils.db_retry:db_retry.py:368 Circuit breaker manually reset to CLOSED state
--------------------------- Captured stderr teardown ---------------------------
2026-05-12 16:14:13 - app.utils.db_retry - INFO - Circuit breaker manually reset to CLOSED state
---------------------------- Captured log teardown -----------------------------
INFO     app.utils.db_retry:db_retry.py:368 Circuit breaker manually reset to CLOSED state
_______ test_read_state_foreign_message_mark_read_denied_before_mutation _______

client = <tests.utils.async_test_client.AsyncTestClient object at 0x750c37028c50>
db_session = <sqlalchemy.orm.session.Session object at 0x750c3702b9e0>

    def test_read_state_foreign_message_mark_read_denied_before_mutation(
        client, db_session
    ):
        boundary = create_message_ownership_boundary(db_session)
        before = _message_snapshot(db_session, boundary.message_b.id)
    
        response = client.patch(
            f"/api/v2/messages/{boundary.message_b.id}/read",
            headers=headers_for_user(boundary.doctor_a),
        )
    
>       assert response.status_code == 403
E       assert 200 == 403
E        +  where 200 = <Response [200 OK]>.status_code

tests/api/v2/test_patient_ownership_boundary.py:226: AssertionError
---------------------------- Captured stderr setup -----------------------------
2026-05-12 16:14:13 - app.utils.db_retry - INFO - Circuit breaker manually reset to CLOSED state
------------------------------ Captured log setup ------------------------------
INFO     app.utils.db_retry:db_retry.py:368 Circuit breaker manually reset to CLOSED state
--------------------------- Captured stderr teardown ---------------------------
2026-05-12 16:14:13 - app.utils.db_retry - INFO - Circuit breaker manually reset to CLOSED state
---------------------------- Captured log teardown -----------------------------
INFO     app.utils.db_retry:db_retry.py:368 Circuit breaker manually reset to CLOSED state
______ test_message_mutation_foreign_pending_delete_denied_before_cancel _______

client = <tests.utils.async_test_client.AsyncTestClient object at 0x750c370c6f00>
db_session = <sqlalchemy.orm.session.Session object at 0x750c370c4770>

    def test_message_mutation_foreign_pending_delete_denied_before_cancel(
        client, db_session
    ):
        boundary = create_message_ownership_boundary(db_session)
        pending_message = Message(
            patient_id=boundary.patient_b.id,
            direction=MessageDirection.OUTBOUND,
            type=MessageType.TEXT,
            content="Doctor B pending deletion boundary message",
            status=MessageStatus.PENDING,
        )
        db_session.add(pending_message)
        db_session.commit()
        db_session.refresh(pending_message)
        before = _message_snapshot(db_session, pending_message.id)
    
        response = client.delete(
            f"/api/v2/messages/{pending_message.id}",
            headers=headers_for_user(boundary.doctor_a),
        )
    
>       assert response.status_code == 403
E       assert 204 == 403
E        +  where 204 = <Response [204 No Content]>.status_code

tests/api/v2/test_patient_ownership_boundary.py:255: AssertionError
---------------------------- Captured stderr setup -----------------------------
2026-05-12 16:14:13 - app.utils.db_retry - INFO - Circuit breaker manually reset to CLOSED state
------------------------------ Captured log setup ------------------------------
INFO     app.utils.db_retry:db_retry.py:368 Circuit breaker manually reset to CLOSED state
--------------------------- Captured stderr teardown ---------------------------
2026-05-12 16:14:13 - app.utils.db_retry - INFO - Circuit breaker manually reset to CLOSED state
---------------------------- Captured log teardown -----------------------------
INFO     app.utils.db_retry:db_retry.py:368 Circuit breaker manually reset to CLOSED state
____ test_read_state_foreign_conversation_mark_read_denied_without_mutation ____

client = <tests.utils.async_test_client.AsyncTestClient object at 0x750c370c5520>
db_session = <sqlalchemy.orm.session.Session object at 0x750c370c7b60>

    def test_read_state_foreign_conversation_mark_read_denied_without_mutation(
        client, db_session
    ):
        boundary = create_message_ownership_boundary(db_session)
        before = _message_snapshot(db_session, boundary.message_b.id)
    
        response = client.post(
            f"/api/v2/messages/conversations/{boundary.patient_b.id}/mark-read",
            headers=headers_for_user(boundary.doctor_a),
        )
    
>       assert response.status_code == 403
E       assert 200 == 403
E        +  where 200 = <Response [200 OK]>.status_code

tests/api/v2/test_patient_ownership_boundary.py:274: AssertionError
---------------------------- Captured stderr setup -----------------------------
2026-05-12 16:14:13 - app.utils.db_retry - INFO - Circuit breaker manually reset to CLOSED state
------------------------------ Captured log setup ------------------------------
INFO     app.utils.db_retry:db_retry.py:368 Circuit breaker manually reset to CLOSED state
--------------------------- Captured stderr teardown ---------------------------
2026-05-12 16:14:13 - app.utils.db_retry - INFO - Circuit breaker manually reset to CLOSED state
---------------------------- Captured log teardown -----------------------------
INFO     app.utils.db_retry:db_retry.py:368 Circuit breaker manually reset to CLOSED state
=========================== short test summary info ============================
SKIPPED [1] tests/api/v2/test_messages.py:80: Rate limiting disabled in test environment
FAILED tests/api/v2/test_patient_ownership_boundary.py::test_message_mutation_send_foreign_patient_denied_without_creating_row
FAILED tests/api/v2/test_patient_ownership_boundary.py::test_message_mutation_bulk_mixed_owned_foreign_denied_without_side_effects
FAILED tests/api/v2/test_patient_ownership_boundary.py::test_read_state_foreign_message_mark_read_denied_before_mutation
FAILED tests/api/v2/test_patient_ownership_boundary.py::test_message_mutation_foreign_pending_delete_denied_before_cancel
FAILED tests/api/v2/test_patient_ownership_boundary.py::test_read_state_foreign_conversation_mark_read_denied_without_mutation
