185:     for prefix in ("messages_list", "conversation", "message_single"):
187:             await redis_cache.delete_pattern(
401:             _message_actor_cache_prefix("messages_list", current_user),
684: @router.get("/conversations")
685: async def list_conversations(
711:     conversations = {}
714:         if key in conversations:
716:         conversations[key] = message
717:         if len(conversations) >= limit:
720:     conversation_patient_ids = [msg.patient_id for msg in conversations.values()]
722:     if conversation_patient_ids:
726:                 Message.patient_id.in_(conversation_patient_ids),
738:     for message in conversations.values():
768: @router.get("/conversations/{patient_id}/unread")
769: async def get_conversation_unread_count(
793: @router.post("/conversations/{patient_id}/mark-read")
794: async def mark_conversation_read(
822:         await redis_cache.delete_pattern("v2:conversation:*")
823:         await redis_cache.delete_pattern("v2:messages_list:*")
876:         _message_actor_cache_prefix("message_single", current_user),
964:         await redis_cache.delete_pattern("v2:messages_list:*")
1000:         await redis_cache.delete_pattern("v2:messages_list:*")
1034:         await redis_cache.delete_pattern("v2:messages_list:*")
1040: @router.get("/conversations/{patient_id}", response_model=MessageV2List)
1042: async def get_patient_conversation(
1056:     # Prove ownership before any patient-bound conversation cache lookup.
1069:         _message_actor_cache_prefix("conversation", current_user),
