
==================================== ERRORS ====================================
______ ERROR collecting tests/unit/api/v2/test_patient_access_helpers.py _______
tests/unit/api/v2/test_patient_access_helpers.py:33: in <module>
    _spec.loader.exec_module(_module)
<frozen importlib._bootstrap_external>:995: in exec_module
    ???
<frozen importlib._bootstrap>:488: in _call_with_frames_removed
    ???
backend-hormonia/tests/unit/api/v2/test_patient_access_helpers.py:7: in <module>
    from app.api.v2 import patients_shared_helpers as helpers
backend-hormonia/app/api/v2/__init__.py:6: in <module>
    from .router import api_v2_router
backend-hormonia/app/api/v2/router.py:9: in <module>
    from .routers.patients import router as patients_crud_router
backend-hormonia/app/api/v2/routers/patients/__init__.py:20: in <module>
    from app.api.v2.routers.patients.crud import create_patient
backend-hormonia/app/api/v2/routers/patients/crud.py:52: in <module>
    from app.config.constants import TreatmentPhase
backend-hormonia/app/config/__init__.py:3: in <module>
    from app.config.settings import (
backend-hormonia/app/config/settings/__init__.py:312: in <module>
    settings = Settings()
backend-hormonia/app/config/settings/__init__.py:237: in __init__
    super().__init__(**kwargs)
/home/joaov/.local/lib/python3.12/site-packages/pydantic_settings/main.py:193: in __init__
    super().__init__(
E   pydantic_core._pydantic_core.ValidationError: 1 validation error for Settings
E   DATABASE_URL
E     Field required [type=missing, input_value={'AI_GEMINI_API_KEY': 'AI...RONMENT': 'development'}, input_type=dict]
E       For further information visit https://errors.pydantic.dev/2.12/v/missing
=========================== short test summary info ============================
ERROR tests/unit/api/v2/test_patient_access_helpers.py - pydantic_core._pydan...
!!!!!!!!!!!!!!!!!!!! Interrupted: 1 error during collection !!!!!!!!!!!!!!!!!!!!
1 error in 2.99s
