7: Token generation/validation logic lives in csrf_tokens.py.
17:     from app.middleware.csrf import CSRFMiddleware, get_csrf_token, set_csrf_cookie
24:     def csrf_token(request: Request, response: Response):
25:         token = get_csrf_token()
27:         return {"csrf_token": token}
36: from app.middleware.csrf_tokens import (
39:     generate_csrf_token as _generate_csrf_token_impl,
40:     validate_csrf_token as _validate_csrf_token_impl,
44:     COOKIE_NAME,
93:     See ``csrf_tokens.get_csrf_settings`` for full documentation.
101: def generate_csrf_token(secret_key: Optional[str] = None) -> str:
107:     See ``csrf_tokens.generate_csrf_token`` for full documentation.
111:     return _generate_csrf_token_impl(secret_key=secret_key)
114: def validate_csrf_token(token: str, secret_key: Optional[str] = None) -> bool:
120:     See ``csrf_tokens.validate_csrf_token`` for full documentation.
124:     return _validate_csrf_token_impl(token, secret_key=secret_key)
127: def get_csrf_token() -> str:
129:     return generate_csrf_token()
154:         The same token must be sent in the X-CSRF-Token header
158:         >>> token = get_csrf_token()
160:         >>> return {"csrf_token": token}
165:         key=COOKIE_NAME,
207:     on cookies, the X-Session-ID header alone should not bypass CSRF.
226:         3. Client includes same token in X-CSRF-Token header for state-changing requests
231:         2. Verify X-CSRF-Token header is present
244:         - X-CSRF-Token (primary)
245:         - X-CSRFToken (alternative)
286:             request.headers.get("X-CSRF-Token") or
287:             request.headers.get("X-CSRFToken") or
299:                     "error": "csrf_token_missing",
300:                     "message": "CSRF token required in X-CSRF-Token header"
307:         if not validate_csrf_token(header_token):
315:                     "error": "csrf_token_invalid",
323:         cookie_token = request.cookies.get(COOKIE_NAME)
341:         if not validate_csrf_token(cookie_token):
384:     "get_csrf_token",
387:     "validate_csrf_token",
388:     "generate_csrf_token",
393:     "COOKIE_NAME",
