
--------------- fixtures used by test_list_messages_with_filters ---------------
---------------------- (tests/api/v2/test_messages.py:45) ----------------------
auth_headers -- tests/api/v2/conftest.py:472
    Generic authentication headers (defaults to doctor).
auth_headers_doctor -- tests/api/v2/conftest.py:417
    Authentication headers for doctor user.
auto_csrf_headers -- tests/api/v2/conftest.py:263
    Inject CSRF headers/cookies for state-changing requests in v2 tests.
cleanup_test_data -- tests/api/v2/conftest.py:910
    Automatically cleanup test data after each test.
clear_system_stats_cache -- tests/api/conftest.py:175
    no docstring available
client -- tests/conftest.py:1236
    no docstring available
db_session -- tests/conftest.py:1095
    no docstring available
event_loop_policy -- ../../../../../home/joaov/.local/lib/python3.12/site-packages/pytest_asyncio/plugin.py:1054
    Return an instance of the policy used to create asyncio event loops.
monkeypatch -- .../_pytest/monkeypatch.py:31
    A convenient fixture for monkey-patching.
reset_db_circuit_breaker_state -- tests/api/v2/conftest.py:43
    Prevent global DB circuit breaker state leakage across tests.
reset_redis_singletons -- tests/conftest.py:1444
    Reset Redis singletons to avoid event-loop bound clients across tests.
seed_flow_templates -- tests/api/v2/conftest.py:218
    Ensure default flow kind/template exists for saga enrollment.
test_doctor_user -- tests/api/v2/conftest.py:106
    Create doctor user for testing.
test_engine -- tests/conftest.py:1031
    no docstring available
test_patient -- tests/api/v2/test_messages.py:517
    Create a test patient for message tests.
test_user -- tests/conftest.py:1546
    Return user dict with credentials for login tests.

