FFF                                                                      [100%]
=================================== FAILURES ===================================
_ test_authenticated_foreign_doctor_create_link_denied_without_session_side_effect _

self = <sqlalchemy.engine.base.Connection object at 0x7c9c6653bbf0>
dialect = <sqlalchemy.dialects.postgresql.psycopg.PGDialect_psycopg object at 0x7c9c66853470>
context = <sqlalchemy.dialects.postgresql.psycopg.PGExecutionContext_psycopg object at 0x7c9c6610ae10>
statement = <sqlalchemy.dialects.postgresql.psycopg.PGCompiler_psycopg object at 0x7c9c66109e20>
parameters = [{'category': 'monthly_quiz', 'description': 'Quiz link ownership boundary template', 'id': UUID('58453947-e38b-47cd-bd8c-0489e5de8fcd'), 'is_active': True, ...}]

    def _exec_single_context(
        self,
        dialect: Dialect,
        context: ExecutionContext,
        statement: Union[str, Compiled],
        parameters: Optional[_AnyMultiExecuteParams],
    ) -> CursorResult[Any]:
        """continue the _execute_context() method for a single DBAPI
        cursor.execute() or cursor.executemany() call.
    
        """
        if dialect.bind_typing is BindTyping.SETINPUTSIZES:
            generic_setinputsizes = context._prepare_set_input_sizes()
    
            if generic_setinputsizes:
                try:
                    dialect.do_set_input_sizes(
                        context.cursor, generic_setinputsizes, context
                    )
                except BaseException as e:
                    self._handle_dbapi_exception(
                        e, str(statement), parameters, None, context
                    )
    
        cursor, str_statement, parameters = (
            context.cursor,
            context.statement,
            context.parameters,
        )
    
        effective_parameters: Optional[_AnyExecuteParams]
    
        if not context.executemany:
            effective_parameters = parameters[0]
        else:
            effective_parameters = parameters
    
        if self._has_events or self.engine._has_events:
            for fn in self.dispatch.before_cursor_execute:
                str_statement, effective_parameters = fn(
                    self,
                    cursor,
                    str_statement,
                    effective_parameters,
                    context,
                    context.executemany,
                )
    
        if self._echo:
            self._log_info(str_statement)
    
            stats = context._get_cache_stats()
    
            if not self.engine.hide_parameters:
                self._log_info(
                    "[%s] %r",
                    stats,
                    sql_util._repr_params(
                        effective_parameters,
                        batches=10,
                        ismulti=context.executemany,
                    ),
                )
            else:
                self._log_info(
                    "[%s] [SQL parameters hidden due to hide_parameters=True]",
                    stats,
                )
    
        evt_handled: bool = False
        try:
            if context.execute_style is ExecuteStyle.EXECUTEMANY:
                effective_parameters = cast(
                    "_CoreMultiExecuteParams", effective_parameters
                )
                if self.dialect._has_events:
                    for fn in self.dialect.dispatch.do_executemany:
                        if fn(
                            cursor,
                            str_statement,
                            effective_parameters,
                            context,
                        ):
                            evt_handled = True
                            break
                if not evt_handled:
                    self.dialect.do_executemany(
                        cursor,
                        str_statement,
                        effective_parameters,
                        context,
                    )
            elif not effective_parameters and context.no_parameters:
                if self.dialect._has_events:
                    for fn in self.dialect.dispatch.do_execute_no_params:
                        if fn(cursor, str_statement, context):
                            evt_handled = True
                            break
                if not evt_handled:
                    self.dialect.do_execute_no_params(
                        cursor, str_statement, context
                    )
            else:
                effective_parameters = cast(
                    "_CoreSingleExecuteParams", effective_parameters
                )
                if self.dialect._has_events:
                    for fn in self.dialect.dispatch.do_execute:
                        if fn(
                            cursor,
                            str_statement,
                            effective_parameters,
                            context,
                        ):
                            evt_handled = True
                            break
                if not evt_handled:
>                   self.dialect.do_execute(
                        cursor, str_statement, effective_parameters, context
                    )

/home/joaov/.local/lib/python3.12/site-packages/sqlalchemy/engine/base.py:1967: 
_ _ _ _ _ _ _ _ _ _ _ _ _ _ _ _ _ _ _ _ _ _ _ _ _ _ _ _ _ _ _ _ _ _ _ _ _ _ _ _ 
/home/joaov/.local/lib/python3.12/site-packages/sqlalchemy/engine/default.py:951: in do_execute
    cursor.execute(statement, parameters)
_ _ _ _ _ _ _ _ _ _ _ _ _ _ _ _ _ _ _ _ _ _ _ _ _ _ _ _ _ _ _ _ _ _ _ _ _ _ _ _ 

self = <psycopg.Cursor [closed] [IDLE] (host=127.0.0.1 port=5434 user=postgres database=hormonia_test) at 0x7c9c66549f10>
query = 'INSERT INTO quiz_templates (name, version, questions, is_active, description, category, passing_score, time_limit_min...%(randomize_questions)s, %(tags)s::JSONB, %(id)s::UUID) RETURNING quiz_templates.created_at, quiz_templates.updated_at'
params = {'category': 'monthly_quiz', 'description': 'Quiz link ownership boundary template', 'id': UUID('58453947-e38b-47cd-bd8c-0489e5de8fcd'), 'is_active': True, ...}

    def execute(
        self,
        query: Query,
        params: Params | None = None,
        *,
        prepare: bool | None = None,
        binary: bool | None = None,
    ) -> Self:
        """
        Execute a query or command to the database.
        """
        try:
            with self._conn.lock:
                self._conn.wait(
                    self._execute_gen(query, params, prepare=prepare, binary=binary)
                )
        except e._NO_TRACEBACK as ex:
>           raise ex.with_traceback(None)
E           psycopg.errors.UndefinedColumn: column "version" of relation "quiz_templates" does not exist
E           LINE 1: INSERT INTO quiz_templates (name, version, questions, is_act...
E                                                     ^

/home/joaov/.local/lib/python3.12/site-packages/psycopg/cursor.py:97: UndefinedColumn

The above exception was the direct cause of the following exception:

client = <tests.utils.async_test_client.AsyncTestClient object at 0x7c9c662ba5a0>
db_session = <sqlalchemy.orm.session.Session object at 0x7c9c6653b890>

    def test_authenticated_foreign_doctor_create_link_denied_without_session_side_effect(
        client, db_session
    ):
        boundary = create_message_ownership_boundary(db_session)
>       template = _create_quiz_template(db_session)

tests/api/v2/test_quiz_link_session_boundary.py:71: 
_ _ _ _ _ _ _ _ _ _ _ _ _ _ _ _ _ _ _ _ _ _ _ _ _ _ _ _ _ _ _ _ _ _ _ _ _ _ _ _ 
tests/api/v2/test_quiz_link_session_boundary.py:37: in _create_quiz_template
    db_session.commit()
/home/joaov/.local/lib/python3.12/site-packages/sqlalchemy/orm/session.py:2030: in commit
    trans.commit(_to_root=True)
<string>:2: in commit
    ???
/home/joaov/.local/lib/python3.12/site-packages/sqlalchemy/orm/state_changes.py:137: in _go
    ret_value = fn(self, *arg, **kw)
/home/joaov/.local/lib/python3.12/site-packages/sqlalchemy/orm/session.py:1311: in commit
    self._prepare_impl()
<string>:2: in _prepare_impl
    ???
/home/joaov/.local/lib/python3.12/site-packages/sqlalchemy/orm/state_changes.py:137: in _go
    ret_value = fn(self, *arg, **kw)
/home/joaov/.local/lib/python3.12/site-packages/sqlalchemy/orm/session.py:1286: in _prepare_impl
    self.session.flush()
/home/joaov/.local/lib/python3.12/site-packages/sqlalchemy/orm/session.py:4331: in flush
    self._flush(objects)
/home/joaov/.local/lib/python3.12/site-packages/sqlalchemy/orm/session.py:4466: in _flush
    with util.safe_reraise():
/home/joaov/.local/lib/python3.12/site-packages/sqlalchemy/util/langhelpers.py:224: in __exit__
    raise exc_value.with_traceback(exc_tb)
/home/joaov/.local/lib/python3.12/site-packages/sqlalchemy/orm/session.py:4427: in _flush
    flush_context.execute()
/home/joaov/.local/lib/python3.12/site-packages/sqlalchemy/orm/unitofwork.py:466: in execute
    rec.execute(self)
/home/joaov/.local/lib/python3.12/site-packages/sqlalchemy/orm/unitofwork.py:642: in execute
    util.preloaded.orm_persistence.save_obj(
/home/joaov/.local/lib/python3.12/site-packages/sqlalchemy/orm/persistence.py:93: in save_obj
    _emit_insert_statements(
/home/joaov/.local/lib/python3.12/site-packages/sqlalchemy/orm/persistence.py:1233: in _emit_insert_statements
    result = connection.execute(
/home/joaov/.local/lib/python3.12/site-packages/sqlalchemy/engine/base.py:1419: in execute
    return meth(
/home/joaov/.local/lib/python3.12/site-packages/sqlalchemy/sql/elements.py:526: in _execute_on_connection
    return connection._execute_clauseelement(
/home/joaov/.local/lib/python3.12/site-packages/sqlalchemy/engine/base.py:1641: in _execute_clauseelement
    ret = self._execute_context(
/home/joaov/.local/lib/python3.12/site-packages/sqlalchemy/engine/base.py:1846: in _execute_context
    return self._exec_single_context(
/home/joaov/.local/lib/python3.12/site-packages/sqlalchemy/engine/base.py:1986: in _exec_single_context
    self._handle_dbapi_exception(
/home/joaov/.local/lib/python3.12/site-packages/sqlalchemy/engine/base.py:2355: in _handle_dbapi_exception
    raise sqlalchemy_exception.with_traceback(exc_info[2]) from e
/home/joaov/.local/lib/python3.12/site-packages/sqlalchemy/engine/base.py:1967: in _exec_single_context
    self.dialect.do_execute(
/home/joaov/.local/lib/python3.12/site-packages/sqlalchemy/engine/default.py:951: in do_execute
    cursor.execute(statement, parameters)
_ _ _ _ _ _ _ _ _ _ _ _ _ _ _ _ _ _ _ _ _ _ _ _ _ _ _ _ _ _ _ _ _ _ _ _ _ _ _ _ 

self = <psycopg.Cursor [closed] [IDLE] (host=127.0.0.1 port=5434 user=postgres database=hormonia_test) at 0x7c9c66549f10>
query = 'INSERT INTO quiz_templates (name, version, questions, is_active, description, category, passing_score, time_limit_min...%(randomize_questions)s, %(tags)s::JSONB, %(id)s::UUID) RETURNING quiz_templates.created_at, quiz_templates.updated_at'
params = {'category': 'monthly_quiz', 'description': 'Quiz link ownership boundary template', 'id': UUID('58453947-e38b-47cd-bd8c-0489e5de8fcd'), 'is_active': True, ...}

    def execute(
        self,
        query: Query,
        params: Params | None = None,
        *,
        prepare: bool | None = None,
        binary: bool | None = None,
    ) -> Self:
        """
        Execute a query or command to the database.
        """
        try:
            with self._conn.lock:
                self._conn.wait(
                    self._execute_gen(query, params, prepare=prepare, binary=binary)
                )
        except e._NO_TRACEBACK as ex:
>           raise ex.with_traceback(None)
E           sqlalchemy.exc.ProgrammingError: (psycopg.errors.UndefinedColumn) column "version" of relation "quiz_templates" does not exist
E           LINE 1: INSERT INTO quiz_templates (name, version, questions, is_act...
E                                                     ^
E           [SQL: INSERT INTO quiz_templates (name, version, questions, is_active, description, category, passing_score, time_limit_minutes, randomize_questions, tags, id) VALUES (%(name)s::VARCHAR, %(version)s::VARCHAR, %(questions)s::JSONB, %(is_active)s, %(description)s::VARCHAR, %(category)s::VARCHAR, %(passing_score)s::INTEGER, %(time_limit_minutes)s::INTEGER, %(randomize_questions)s, %(tags)s::JSONB, %(id)s::UUID) RETURNING quiz_templates.created_at, quiz_templates.updated_at]
E           [parameters: {'name': 'Boundary Quiz 55164985d34a4e279519bd0b780f6d57', 'version': '1.0', 'questions': Jsonb([{'id': 'q1', 'text': 'Boundary que ... (60 chars)), 'is_active': True, 'description': 'Quiz link ownership boundary template', 'category': 'monthly_quiz', 'passing_score': None, 'time_limit_minutes': None, 'randomize_questions': None, 'tags': Jsonb({'status': 'published'}), 'id': UUID('58453947-e38b-47cd-bd8c-0489e5de8fcd')}]
E           (Background on this error at: https://sqlalche.me/e/20/f405)

/home/joaov/.local/lib/python3.12/site-packages/psycopg/cursor.py:97: ProgrammingError
---------------------------- Captured stdout setup -----------------------------
[tests.conftest] Deduplicating metadata indexes table=patients names=['ix_patients_email_hash', 'ix_patients_idempotency_key', 'ix_patients_phone_hash']
[tests.conftest] Applying schema patch: broaden audit_logs valid_event_category constraint
---------------------------- Captured stderr setup -----------------------------
2026-05-12 17:28:11 - app.core.executors - INFO - ExecutorManager initialized
2026-05-12 17:28:11 - app.core.executors - INFO - Created executor: cache (workers=4, prefix=cache_pool)
2026-05-12 17:28:11 - app.utils.db_retry - INFO - Circuit breaker manually reset to CLOSED state
------------------------------ Captured log setup ------------------------------
INFO     app.core.executors:executors.py:121 ExecutorManager initialized
INFO     app.core.executors:executors.py:149 Created executor: cache (workers=4, prefix=cache_pool)
INFO     app.utils.db_retry:db_retry.py:368 Circuit breaker manually reset to CLOSED state
--------------------------- Captured stderr teardown ---------------------------
2026-05-12 17:28:22 - app.utils.db_retry - INFO - Circuit breaker manually reset to CLOSED state
---------------------------- Captured log teardown -----------------------------
INFO     app.utils.db_retry:db_retry.py:368 Circuit breaker manually reset to CLOSED state
__ test_patient_status_and_patient_history_foreign_doctor_denied_without_phi ___

self = <sqlalchemy.engine.base.Connection object at 0x7c9c6612deb0>
dialect = <sqlalchemy.dialects.postgresql.psycopg.PGDialect_psycopg object at 0x7c9c66853470>
context = <sqlalchemy.dialects.postgresql.psycopg.PGExecutionContext_psycopg object at 0x7c9c6612f800>
statement = <sqlalchemy.dialects.postgresql.psycopg.PGCompiler_psycopg object at 0x7c9c66109e20>
parameters = [{'category': 'monthly_quiz', 'description': 'Quiz link ownership boundary template', 'id': UUID('32cc427c-1db6-46bb-aeba-bf09e438734b'), 'is_active': True, ...}]

    def _exec_single_context(
        self,
        dialect: Dialect,
        context: ExecutionContext,
        statement: Union[str, Compiled],
        parameters: Optional[_AnyMultiExecuteParams],
    ) -> CursorResult[Any]:
        """continue the _execute_context() method for a single DBAPI
        cursor.execute() or cursor.executemany() call.
    
        """
        if dialect.bind_typing is BindTyping.SETINPUTSIZES:
            generic_setinputsizes = context._prepare_set_input_sizes()
    
            if generic_setinputsizes:
                try:
                    dialect.do_set_input_sizes(
                        context.cursor, generic_setinputsizes, context
                    )
                except BaseException as e:
                    self._handle_dbapi_exception(
                        e, str(statement), parameters, None, context
                    )
    
        cursor, str_statement, parameters = (
            context.cursor,
            context.statement,
            context.parameters,
        )
    
        effective_parameters: Optional[_AnyExecuteParams]
    
        if not context.executemany:
            effective_parameters = parameters[0]
        else:
            effective_parameters = parameters
    
        if self._has_events or self.engine._has_events:
            for fn in self.dispatch.before_cursor_execute:
                str_statement, effective_parameters = fn(
                    self,
                    cursor,
                    str_statement,
                    effective_parameters,
                    context,
                    context.executemany,
                )
    
        if self._echo:
            self._log_info(str_statement)
    
            stats = context._get_cache_stats()
    
            if not self.engine.hide_parameters:
                self._log_info(
                    "[%s] %r",
                    stats,
                    sql_util._repr_params(
                        effective_parameters,
                        batches=10,
                        ismulti=context.executemany,
                    ),
                )
            else:
                self._log_info(
                    "[%s] [SQL parameters hidden due to hide_parameters=True]",
                    stats,
                )
    
        evt_handled: bool = False
        try:
            if context.execute_style is ExecuteStyle.EXECUTEMANY:
                effective_parameters = cast(
                    "_CoreMultiExecuteParams", effective_parameters
                )
                if self.dialect._has_events:
                    for fn in self.dialect.dispatch.do_executemany:
                        if fn(
                            cursor,
                            str_statement,
                            effective_parameters,
                            context,
                        ):
                            evt_handled = True
                            break
                if not evt_handled:
                    self.dialect.do_executemany(
                        cursor,
                        str_statement,
                        effective_parameters,
                        context,
                    )
            elif not effective_parameters and context.no_parameters:
                if self.dialect._has_events:
                    for fn in self.dialect.dispatch.do_execute_no_params:
                        if fn(cursor, str_statement, context):
                            evt_handled = True
                            break
                if not evt_handled:
                    self.dialect.do_execute_no_params(
                        cursor, str_statement, context
                    )
            else:
                effective_parameters = cast(
                    "_CoreSingleExecuteParams", effective_parameters
                )
                if self.dialect._has_events:
                    for fn in self.dialect.dispatch.do_execute:
                        if fn(
                            cursor,
                            str_statement,
                            effective_parameters,
                            context,
                        ):
                            evt_handled = True
                            break
                if not evt_handled:
>                   self.dialect.do_execute(
                        cursor, str_statement, effective_parameters, context
                    )

/home/joaov/.local/lib/python3.12/site-packages/sqlalchemy/engine/base.py:1967: 
_ _ _ _ _ _ _ _ _ _ _ _ _ _ _ _ _ _ _ _ _ _ _ _ _ _ _ _ _ _ _ _ _ _ _ _ _ _ _ _ 
/home/joaov/.local/lib/python3.12/site-packages/sqlalchemy/engine/default.py:951: in do_execute
    cursor.execute(statement, parameters)
_ _ _ _ _ _ _ _ _ _ _ _ _ _ _ _ _ _ _ _ _ _ _ _ _ _ _ _ _ _ _ _ _ _ _ _ _ _ _ _ 

self = <psycopg.Cursor [closed] [IDLE] (host=127.0.0.1 port=5434 user=postgres database=hormonia_test) at 0x7c9c6654ad50>
query = 'INSERT INTO quiz_templates (name, version, questions, is_active, description, category, passing_score, time_limit_min...%(randomize_questions)s, %(tags)s::JSONB, %(id)s::UUID) RETURNING quiz_templates.created_at, quiz_templates.updated_at'
params = {'category': 'monthly_quiz', 'description': 'Quiz link ownership boundary template', 'id': UUID('32cc427c-1db6-46bb-aeba-bf09e438734b'), 'is_active': True, ...}

    def execute(
        self,
        query: Query,
        params: Params | None = None,
        *,
        prepare: bool | None = None,
        binary: bool | None = None,
    ) -> Self:
        """
        Execute a query or command to the database.
        """
        try:
            with self._conn.lock:
                self._conn.wait(
                    self._execute_gen(query, params, prepare=prepare, binary=binary)
                )
        except e._NO_TRACEBACK as ex:
>           raise ex.with_traceback(None)
E           psycopg.errors.UndefinedColumn: column "version" of relation "quiz_templates" does not exist
E           LINE 1: INSERT INTO quiz_templates (name, version, questions, is_act...
E                                                     ^

/home/joaov/.local/lib/python3.12/site-packages/psycopg/cursor.py:97: UndefinedColumn

The above exception was the direct cause of the following exception:

client = <tests.utils.async_test_client.AsyncTestClient object at 0x7c9c6612dfa0>
db_session = <sqlalchemy.orm.session.Session object at 0x7c9c6612c6b0>

    def test_patient_status_and_patient_history_foreign_doctor_denied_without_phi(
        client, db_session
    ):
        boundary = create_message_ownership_boundary(db_session)
>       template = _create_quiz_template(db_session)

tests/api/v2/test_quiz_link_session_boundary.py:95: 
_ _ _ _ _ _ _ _ _ _ _ _ _ _ _ _ _ _ _ _ _ _ _ _ _ _ _ _ _ _ _ _ _ _ _ _ _ _ _ _ 
tests/api/v2/test_quiz_link_session_boundary.py:37: in _create_quiz_template
    db_session.commit()
/home/joaov/.local/lib/python3.12/site-packages/sqlalchemy/orm/session.py:2030: in commit
    trans.commit(_to_root=True)
<string>:2: in commit
    ???
/home/joaov/.local/lib/python3.12/site-packages/sqlalchemy/orm/state_changes.py:137: in _go
    ret_value = fn(self, *arg, **kw)
/home/joaov/.local/lib/python3.12/site-packages/sqlalchemy/orm/session.py:1311: in commit
    self._prepare_impl()
<string>:2: in _prepare_impl
    ???
/home/joaov/.local/lib/python3.12/site-packages/sqlalchemy/orm/state_changes.py:137: in _go
    ret_value = fn(self, *arg, **kw)
/home/joaov/.local/lib/python3.12/site-packages/sqlalchemy/orm/session.py:1286: in _prepare_impl
    self.session.flush()
/home/joaov/.local/lib/python3.12/site-packages/sqlalchemy/orm/session.py:4331: in flush
    self._flush(objects)
/home/joaov/.local/lib/python3.12/site-packages/sqlalchemy/orm/session.py:4466: in _flush
    with util.safe_reraise():
/home/joaov/.local/lib/python3.12/site-packages/sqlalchemy/util/langhelpers.py:224: in __exit__
    raise exc_value.with_traceback(exc_tb)
/home/joaov/.local/lib/python3.12/site-packages/sqlalchemy/orm/session.py:4427: in _flush
    flush_context.execute()
/home/joaov/.local/lib/python3.12/site-packages/sqlalchemy/orm/unitofwork.py:466: in execute
    rec.execute(self)
/home/joaov/.local/lib/python3.12/site-packages/sqlalchemy/orm/unitofwork.py:642: in execute
    util.preloaded.orm_persistence.save_obj(
/home/joaov/.local/lib/python3.12/site-packages/sqlalchemy/orm/persistence.py:93: in save_obj
    _emit_insert_statements(
/home/joaov/.local/lib/python3.12/site-packages/sqlalchemy/orm/persistence.py:1233: in _emit_insert_statements
    result = connection.execute(
/home/joaov/.local/lib/python3.12/site-packages/sqlalchemy/engine/base.py:1419: in execute
    return meth(
/home/joaov/.local/lib/python3.12/site-packages/sqlalchemy/sql/elements.py:526: in _execute_on_connection
    return connection._execute_clauseelement(
/home/joaov/.local/lib/python3.12/site-packages/sqlalchemy/engine/base.py:1641: in _execute_clauseelement
    ret = self._execute_context(
/home/joaov/.local/lib/python3.12/site-packages/sqlalchemy/engine/base.py:1846: in _execute_context
    return self._exec_single_context(
/home/joaov/.local/lib/python3.12/site-packages/sqlalchemy/engine/base.py:1986: in _exec_single_context
    self._handle_dbapi_exception(
/home/joaov/.local/lib/python3.12/site-packages/sqlalchemy/engine/base.py:2355: in _handle_dbapi_exception
    raise sqlalchemy_exception.with_traceback(exc_info[2]) from e
/home/joaov/.local/lib/python3.12/site-packages/sqlalchemy/engine/base.py:1967: in _exec_single_context
    self.dialect.do_execute(
/home/joaov/.local/lib/python3.12/site-packages/sqlalchemy/engine/default.py:951: in do_execute
    cursor.execute(statement, parameters)
_ _ _ _ _ _ _ _ _ _ _ _ _ _ _ _ _ _ _ _ _ _ _ _ _ _ _ _ _ _ _ _ _ _ _ _ _ _ _ _ 

self = <psycopg.Cursor [closed] [IDLE] (host=127.0.0.1 port=5434 user=postgres database=hormonia_test) at 0x7c9c6654ad50>
query = 'INSERT INTO quiz_templates (name, version, questions, is_active, description, category, passing_score, time_limit_min...%(randomize_questions)s, %(tags)s::JSONB, %(id)s::UUID) RETURNING quiz_templates.created_at, quiz_templates.updated_at'
params = {'category': 'monthly_quiz', 'description': 'Quiz link ownership boundary template', 'id': UUID('32cc427c-1db6-46bb-aeba-bf09e438734b'), 'is_active': True, ...}

    def execute(
        self,
        query: Query,
        params: Params | None = None,
        *,
        prepare: bool | None = None,
        binary: bool | None = None,
    ) -> Self:
        """
        Execute a query or command to the database.
        """
        try:
            with self._conn.lock:
                self._conn.wait(
                    self._execute_gen(query, params, prepare=prepare, binary=binary)
                )
        except e._NO_TRACEBACK as ex:
>           raise ex.with_traceback(None)
E           sqlalchemy.exc.ProgrammingError: (psycopg.errors.UndefinedColumn) column "version" of relation "quiz_templates" does not exist
E           LINE 1: INSERT INTO quiz_templates (name, version, questions, is_act...
E                                                     ^
E           [SQL: INSERT INTO quiz_templates (name, version, questions, is_active, description, category, passing_score, time_limit_minutes, randomize_questions, tags, id) VALUES (%(name)s::VARCHAR, %(version)s::VARCHAR, %(questions)s::JSONB, %(is_active)s, %(description)s::VARCHAR, %(category)s::VARCHAR, %(passing_score)s::INTEGER, %(time_limit_minutes)s::INTEGER, %(randomize_questions)s, %(tags)s::JSONB, %(id)s::UUID) RETURNING quiz_templates.created_at, quiz_templates.updated_at]
E           [parameters: {'name': 'Boundary Quiz bcd32d198d8244388bf46291c350d08f', 'version': '1.0', 'questions': Jsonb([{'id': 'q1', 'text': 'Boundary que ... (60 chars)), 'is_active': True, 'description': 'Quiz link ownership boundary template', 'category': 'monthly_quiz', 'passing_score': None, 'time_limit_minutes': None, 'randomize_questions': None, 'tags': Jsonb({'status': 'published'}), 'id': UUID('32cc427c-1db6-46bb-aeba-bf09e438734b')}]
E           (Background on this error at: https://sqlalche.me/e/20/f405)

/home/joaov/.local/lib/python3.12/site-packages/psycopg/cursor.py:97: ProgrammingError
---------------------------- Captured stderr setup -----------------------------
2026-05-12 17:28:22 - app.utils.db_retry - INFO - Circuit breaker manually reset to CLOSED state
------------------------------ Captured log setup ------------------------------
INFO     app.utils.db_retry:db_retry.py:368 Circuit breaker manually reset to CLOSED state
--------------------------- Captured stderr teardown ---------------------------
2026-05-12 17:28:22 - app.utils.db_retry - INFO - Circuit breaker manually reset to CLOSED state
---------------------------- Captured log teardown -----------------------------
INFO     app.utils.db_retry:db_retry.py:368 Circuit breaker manually reset to CLOSED state
__ test_active_links_scoped_to_assigned_doctor_and_admin_without_foreign_phi ___

self = <sqlalchemy.engine.base.Connection object at 0x7c9c65f454c0>
dialect = <sqlalchemy.dialects.postgresql.psycopg.PGDialect_psycopg object at 0x7c9c66853470>
context = <sqlalchemy.dialects.postgresql.psycopg.PGExecutionContext_psycopg object at 0x7c9c65f470b0>
statement = <sqlalchemy.dialects.postgresql.psycopg.PGCompiler_psycopg object at 0x7c9c66109e20>
parameters = [{'category': 'monthly_quiz', 'description': 'Quiz link ownership boundary template', 'id': UUID('62595d16-2596-4713-bfd2-fee6fa060ef8'), 'is_active': True, ...}]

    def _exec_single_context(
        self,
        dialect: Dialect,
        context: ExecutionContext,
        statement: Union[str, Compiled],
        parameters: Optional[_AnyMultiExecuteParams],
    ) -> CursorResult[Any]:
        """continue the _execute_context() method for a single DBAPI
        cursor.execute() or cursor.executemany() call.
    
        """
        if dialect.bind_typing is BindTyping.SETINPUTSIZES:
            generic_setinputsizes = context._prepare_set_input_sizes()
    
            if generic_setinputsizes:
                try:
                    dialect.do_set_input_sizes(
                        context.cursor, generic_setinputsizes, context
                    )
                except BaseException as e:
                    self._handle_dbapi_exception(
                        e, str(statement), parameters, None, context
                    )
    
        cursor, str_statement, parameters = (
            context.cursor,
            context.statement,
            context.parameters,
        )
    
        effective_parameters: Optional[_AnyExecuteParams]
    
        if not context.executemany:
            effective_parameters = parameters[0]
        else:
            effective_parameters = parameters
    
        if self._has_events or self.engine._has_events:
            for fn in self.dispatch.before_cursor_execute:
                str_statement, effective_parameters = fn(
                    self,
                    cursor,
                    str_statement,
                    effective_parameters,
                    context,
                    context.executemany,
                )
    
        if self._echo:
            self._log_info(str_statement)
    
            stats = context._get_cache_stats()
    
            if not self.engine.hide_parameters:
                self._log_info(
                    "[%s] %r",
                    stats,
                    sql_util._repr_params(
                        effective_parameters,
                        batches=10,
                        ismulti=context.executemany,
                    ),
                )
            else:
                self._log_info(
                    "[%s] [SQL parameters hidden due to hide_parameters=True]",
                    stats,
                )
    
        evt_handled: bool = False
        try:
            if context.execute_style is ExecuteStyle.EXECUTEMANY:
                effective_parameters = cast(
                    "_CoreMultiExecuteParams", effective_parameters
                )
                if self.dialect._has_events:
                    for fn in self.dialect.dispatch.do_executemany:
                        if fn(
                            cursor,
                            str_statement,
                            effective_parameters,
                            context,
                        ):
                            evt_handled = True
                            break
                if not evt_handled:
                    self.dialect.do_executemany(
                        cursor,
                        str_statement,
                        effective_parameters,
                        context,
                    )
            elif not effective_parameters and context.no_parameters:
                if self.dialect._has_events:
                    for fn in self.dialect.dispatch.do_execute_no_params:
                        if fn(cursor, str_statement, context):
                            evt_handled = True
                            break
                if not evt_handled:
                    self.dialect.do_execute_no_params(
                        cursor, str_statement, context
                    )
            else:
                effective_parameters = cast(
                    "_CoreSingleExecuteParams", effective_parameters
                )
                if self.dialect._has_events:
                    for fn in self.dialect.dispatch.do_execute:
                        if fn(
                            cursor,
                            str_statement,
                            effective_parameters,
                            context,
                        ):
                            evt_handled = True
                            break
                if not evt_handled:
>                   self.dialect.do_execute(
                        cursor, str_statement, effective_parameters, context
                    )

/home/joaov/.local/lib/python3.12/site-packages/sqlalchemy/engine/base.py:1967: 
_ _ _ _ _ _ _ _ _ _ _ _ _ _ _ _ _ _ _ _ _ _ _ _ _ _ _ _ _ _ _ _ _ _ _ _ _ _ _ _ 
/home/joaov/.local/lib/python3.12/site-packages/sqlalchemy/engine/default.py:951: in do_execute
    cursor.execute(statement, parameters)
_ _ _ _ _ _ _ _ _ _ _ _ _ _ _ _ _ _ _ _ _ _ _ _ _ _ _ _ _ _ _ _ _ _ _ _ _ _ _ _ 

self = <psycopg.Cursor [closed] [IDLE] (host=127.0.0.1 port=5434 user=postgres database=hormonia_test) at 0x7c9c6654bdd0>
query = 'INSERT INTO quiz_templates (name, version, questions, is_active, description, category, passing_score, time_limit_min...%(randomize_questions)s, %(tags)s::JSONB, %(id)s::UUID) RETURNING quiz_templates.created_at, quiz_templates.updated_at'
params = {'category': 'monthly_quiz', 'description': 'Quiz link ownership boundary template', 'id': UUID('62595d16-2596-4713-bfd2-fee6fa060ef8'), 'is_active': True, ...}

    def execute(
        self,
        query: Query,
        params: Params | None = None,
        *,
        prepare: bool | None = None,
        binary: bool | None = None,
    ) -> Self:
        """
        Execute a query or command to the database.
        """
        try:
            with self._conn.lock:
                self._conn.wait(
                    self._execute_gen(query, params, prepare=prepare, binary=binary)
                )
        except e._NO_TRACEBACK as ex:
>           raise ex.with_traceback(None)
E           psycopg.errors.UndefinedColumn: column "version" of relation "quiz_templates" does not exist
E           LINE 1: INSERT INTO quiz_templates (name, version, questions, is_act...
E                                                     ^

/home/joaov/.local/lib/python3.12/site-packages/psycopg/cursor.py:97: UndefinedColumn

The above exception was the direct cause of the following exception:

client = <tests.utils.async_test_client.AsyncTestClient object at 0x7c9c65f452e0>
db_session = <sqlalchemy.orm.session.Session object at 0x7c9c65f47b00>

    def test_active_links_scoped_to_assigned_doctor_and_admin_without_foreign_phi(
        client, db_session
    ):
        boundary = create_message_ownership_boundary(db_session)
>       template = _create_quiz_template(db_session)

tests/api/v2/test_quiz_link_session_boundary.py:135: 
_ _ _ _ _ _ _ _ _ _ _ _ _ _ _ _ _ _ _ _ _ _ _ _ _ _ _ _ _ _ _ _ _ _ _ _ _ _ _ _ 
tests/api/v2/test_quiz_link_session_boundary.py:37: in _create_quiz_template
    db_session.commit()
/home/joaov/.local/lib/python3.12/site-packages/sqlalchemy/orm/session.py:2030: in commit
    trans.commit(_to_root=True)
<string>:2: in commit
    ???
/home/joaov/.local/lib/python3.12/site-packages/sqlalchemy/orm/state_changes.py:137: in _go
    ret_value = fn(self, *arg, **kw)
/home/joaov/.local/lib/python3.12/site-packages/sqlalchemy/orm/session.py:1311: in commit
    self._prepare_impl()
<string>:2: in _prepare_impl
    ???
/home/joaov/.local/lib/python3.12/site-packages/sqlalchemy/orm/state_changes.py:137: in _go
    ret_value = fn(self, *arg, **kw)
/home/joaov/.local/lib/python3.12/site-packages/sqlalchemy/orm/session.py:1286: in _prepare_impl
    self.session.flush()
/home/joaov/.local/lib/python3.12/site-packages/sqlalchemy/orm/session.py:4331: in flush
    self._flush(objects)
/home/joaov/.local/lib/python3.12/site-packages/sqlalchemy/orm/session.py:4466: in _flush
    with util.safe_reraise():
/home/joaov/.local/lib/python3.12/site-packages/sqlalchemy/util/langhelpers.py:224: in __exit__
    raise exc_value.with_traceback(exc_tb)
/home/joaov/.local/lib/python3.12/site-packages/sqlalchemy/orm/session.py:4427: in _flush
    flush_context.execute()
/home/joaov/.local/lib/python3.12/site-packages/sqlalchemy/orm/unitofwork.py:466: in execute
    rec.execute(self)
/home/joaov/.local/lib/python3.12/site-packages/sqlalchemy/orm/unitofwork.py:642: in execute
    util.preloaded.orm_persistence.save_obj(
/home/joaov/.local/lib/python3.12/site-packages/sqlalchemy/orm/persistence.py:93: in save_obj
    _emit_insert_statements(
/home/joaov/.local/lib/python3.12/site-packages/sqlalchemy/orm/persistence.py:1233: in _emit_insert_statements
    result = connection.execute(
/home/joaov/.local/lib/python3.12/site-packages/sqlalchemy/engine/base.py:1419: in execute
    return meth(
/home/joaov/.local/lib/python3.12/site-packages/sqlalchemy/sql/elements.py:526: in _execute_on_connection
    return connection._execute_clauseelement(
/home/joaov/.local/lib/python3.12/site-packages/sqlalchemy/engine/base.py:1641: in _execute_clauseelement
    ret = self._execute_context(
/home/joaov/.local/lib/python3.12/site-packages/sqlalchemy/engine/base.py:1846: in _execute_context
    return self._exec_single_context(
/home/joaov/.local/lib/python3.12/site-packages/sqlalchemy/engine/base.py:1986: in _exec_single_context
    self._handle_dbapi_exception(
/home/joaov/.local/lib/python3.12/site-packages/sqlalchemy/engine/base.py:2355: in _handle_dbapi_exception
    raise sqlalchemy_exception.with_traceback(exc_info[2]) from e
/home/joaov/.local/lib/python3.12/site-packages/sqlalchemy/engine/base.py:1967: in _exec_single_context
    self.dialect.do_execute(
/home/joaov/.local/lib/python3.12/site-packages/sqlalchemy/engine/default.py:951: in do_execute
    cursor.execute(statement, parameters)
_ _ _ _ _ _ _ _ _ _ _ _ _ _ _ _ _ _ _ _ _ _ _ _ _ _ _ _ _ _ _ _ _ _ _ _ _ _ _ _ 

self = <psycopg.Cursor [closed] [IDLE] (host=127.0.0.1 port=5434 user=postgres database=hormonia_test) at 0x7c9c6654bdd0>
query = 'INSERT INTO quiz_templates (name, version, questions, is_active, description, category, passing_score, time_limit_min...%(randomize_questions)s, %(tags)s::JSONB, %(id)s::UUID) RETURNING quiz_templates.created_at, quiz_templates.updated_at'
params = {'category': 'monthly_quiz', 'description': 'Quiz link ownership boundary template', 'id': UUID('62595d16-2596-4713-bfd2-fee6fa060ef8'), 'is_active': True, ...}

    def execute(
        self,
        query: Query,
        params: Params | None = None,
        *,
        prepare: bool | None = None,
        binary: bool | None = None,
    ) -> Self:
        """
        Execute a query or command to the database.
        """
        try:
            with self._conn.lock:
                self._conn.wait(
                    self._execute_gen(query, params, prepare=prepare, binary=binary)
                )
        except e._NO_TRACEBACK as ex:
>           raise ex.with_traceback(None)
E           sqlalchemy.exc.ProgrammingError: (psycopg.errors.UndefinedColumn) column "version" of relation "quiz_templates" does not exist
E           LINE 1: INSERT INTO quiz_templates (name, version, questions, is_act...
E                                                     ^
E           [SQL: INSERT INTO quiz_templates (name, version, questions, is_active, description, category, passing_score, time_limit_minutes, randomize_questions, tags, id) VALUES (%(name)s::VARCHAR, %(version)s::VARCHAR, %(questions)s::JSONB, %(is_active)s, %(description)s::VARCHAR, %(category)s::VARCHAR, %(passing_score)s::INTEGER, %(time_limit_minutes)s::INTEGER, %(randomize_questions)s, %(tags)s::JSONB, %(id)s::UUID) RETURNING quiz_templates.created_at, quiz_templates.updated_at]
E           [parameters: {'name': 'Boundary Quiz a160bcb91bdc430ab7179da41ee590af', 'version': '1.0', 'questions': Jsonb([{'id': 'q1', 'text': 'Boundary que ... (60 chars)), 'is_active': True, 'description': 'Quiz link ownership boundary template', 'category': 'monthly_quiz', 'passing_score': None, 'time_limit_minutes': None, 'randomize_questions': None, 'tags': Jsonb({'status': 'published'}), 'id': UUID('62595d16-2596-4713-bfd2-fee6fa060ef8')}]
E           (Background on this error at: https://sqlalche.me/e/20/f405)

/home/joaov/.local/lib/python3.12/site-packages/psycopg/cursor.py:97: ProgrammingError
---------------------------- Captured stderr setup -----------------------------
2026-05-12 17:28:22 - app.utils.db_retry - INFO - Circuit breaker manually reset to CLOSED state
------------------------------ Captured log setup ------------------------------
INFO     app.utils.db_retry:db_retry.py:368 Circuit breaker manually reset to CLOSED state
--------------------------- Captured stderr teardown ---------------------------
2026-05-12 17:28:22 - app.utils.db_retry - INFO - Circuit breaker manually reset to CLOSED state
---------------------------- Captured log teardown -----------------------------
INFO     app.utils.db_retry:db_retry.py:368 Circuit breaker manually reset to CLOSED state
=========================== short test summary info ============================
FAILED tests/api/v2/test_quiz_link_session_boundary.py::test_authenticated_foreign_doctor_create_link_denied_without_session_side_effect
FAILED tests/api/v2/test_quiz_link_session_boundary.py::test_patient_status_and_patient_history_foreign_doctor_denied_without_phi
FAILED tests/api/v2/test_quiz_link_session_boundary.py::test_active_links_scoped_to_assigned_doctor_and_admin_without_foreign_phi
