
## app/api/v2/router.py exists=True
20: from .routers.messages import router as messages_router
22: from .routers.enhanced_messages import router as enhanced_messages_router
65: api_v2_router.include_router(
68: api_v2_router.include_router(
71: api_v2_router.include_router(
74: api_v2_router.include_router(
79: api_v2_router.include_router(quiz_router, prefix="/quiz", tags=["quiz-v2"])
80: api_v2_router.include_router(
83: api_v2_router.include_router(
89: api_v2_router.include_router(auth_router, prefix="/auth", tags=["auth-v2"])
90: api_v2_router.include_router(
93: api_v2_router.include_router(
99: api_v2_router.include_router(
102: api_v2_router.include_router(flows_router, prefix="/flows", tags=["flows-v2"])
103: api_v2_router.include_router(messages_router, prefix="/messages", tags=["messages-v2"])
104: api_v2_router.include_router(
107: api_v2_router.include_router(
108: enhanced_messages_router, prefix="/enhanced-messages", tags=["enhanced-messages-v2"]
110: api_v2_router.include_router(reports_router, prefix="/reports", tags=["reports-v2"])
111: api_v2_router.include_router(admin_router, prefix="/admin", tags=["admin-v2"])
112: api_v2_router.include_router(webhooks_router, prefix="/webhooks", tags=["webhooks-v2"])
113: api_v2_router.include_router(ai_router, prefix="/ai", tags=["ai-v2"])
114: api_v2_router.include_router(hive_mind_router, prefix="/hive-mind", tags=["hive-mind-v2"])
115: api_v2_router.include_router(adk_router, prefix="/adk", tags=["adk-v2"])
116: api_v2_router.include_router(whatsapp_router, tags=["whatsapp-v2"]) # prefix is already in router definition
117: api_v2_router.include_router(
124: api_v2_router.include_router(
127: api_v2_router.include_router(
132: api_v2_router.include_router(
137: api_v2_router.include_router(
140: api_v2_router.include_router(
143: api_v2_router.include_router(alerts_router, prefix="/alerts", tags=["alerts-v2"])
146: api_v2_router.include_router(
149: api_v2_router.include_router(
152: api_v2_router.include_router(
155: api_v2_router.include_router(
158: api_v2_router.include_router(
163: api_v2_router.include_router(tasks_router, prefix="/tasks", tags=["tasks-v2"])
164: api_v2_router.include_router(upload_router, prefix="/upload", tags=["upload-v2"])
165: api_v2_router.include_router(
... 14 more hits

## app/api/v2/routers/messages.py exists=True
77: raise HTTPException(status_code=429, detail="Rate limit exceeded")
151: def _map_status_to_v1(status_v2: MessageStatusV2) -> MessageStatus:
161: return mapping.get(status_v2, MessageStatus.PENDING)
164: def _map_status_to_v2(status_v1: MessageStatus) -> MessageStatusV2:
175: return mapping.get(status_v1, MessageStatusV2.PENDING)
191: "status": _map_status_to_v2(message.status).value,
229: status: Optional[MessageStatusV2] = Query(None),
244: status=status,
263: raise HTTPException(status_code=400, detail="Invalid cursor format")
273: if status:
274: criteria.append(Message.status == _map_status_to_v1(status))
287: status_code=400, detail="Invalid patient_id UUID format"
353: raise HTTPException(status_code=500)
420: @router.get("/status/{status}")
421: async def list_messages_by_status(
423: status: str,
436: async def get_message_statistics(
444: "status_counts": {},
479: async def get_message_template(
484: raise HTTPException(status_code=501, detail="Not implemented")
493: raise HTTPException(status_code=501, detail="Not implemented")
503: raise HTTPException(status_code=501, detail="Not implemented")
512: raise HTTPException(status_code=501, detail="Not implemented")
515: @router.post("/inbound", status_code=201)
524: raise HTTPException(status_code=422, detail="patient_phone is required")
526: raise HTTPException(status_code=422, detail="content is required")
530: @router.post("/bulk/send", response_model=BulkMessageV2Response, status_code=201)
641: raise HTTPException(status_code=400, detail="Invalid patient_id UUID format")
665: raise HTTPException(status_code=400, detail="Invalid patient_id UUID format")
676: status=MessageStatus.READ,
711: async def get_message(
722: raise HTTPException(status_code=400, detail="Invalid message ID UUID format")
741: raise HTTPException(status_code=404)
755: @router.post("", response_model=MessageV2Response, status_code=201)
756: @router.post("/send", response_model=MessageV2Response, status_code=201, include_in_schema=False)
771: raise HTTPException(status_code=400, detail="Invalid patient_id UUID format")
776: status_code=400,
783: raise HTTPException(status_code=404)
800: status=MessageStatus.PENDING,
838: raise HTTPException(status_code=400, detail="Invalid message ID UUID format")
... 14 more hits

## app/api/v2/messages/send.py exists=True
10: from fastapi import APIRouter, Depends, HTTPException, status, Query, Request
31: _extract_user_context,
61: status_code=status.HTTP_400_BAD_REQUEST, detail="Invalid patient ID format"
69: status_code=status.HTTP_404_NOT_FOUND, detail="Patient not found"
73: role_enum, user_id = _extract_user_context(current_user)
74: if role_enum != UserRole.ADMIN and str(patient.doctor_id) != user_id:
76: status_code=status.HTTP_403_FORBIDDEN, detail="Access denied"
111: "success": message.status != MessageStatus.FAILED,
114: if message.status == MessageStatus.SENT
137: Message.status == MessageStatus.PENDING,
138: Message.status == MessageStatus.SCHEDULED,
143: role_enum, user_id = _extract_user_context(current_user)
147: query = query.filter(Patient.doctor_id == user_uuid)
189: if message.status not in [MessageStatus.PENDING, MessageStatus.SCHEDULED]:
191: status_code=status.HTTP_400_BAD_REQUEST,
192: detail=f"Cannot cancel message with status: {message.status.value}",
195: previous_status = message.status
205: "previous_status": previous_status.value,
212: "/{message_id}/status",
213: summary="Get message delivery status",
214: description="Get detailed delivery status for a message",
216: async def get_message_status(
221: """Get detailed delivery status for a message."""
226: status_code=status.HTTP_400_BAD_REQUEST, detail="Invalid message ID format"
230: status_info = await message_sender.get_message_delivery_status(msg_uuid)
232: if not status_info:
234: status_code=status.HTTP_404_NOT_FOUND, detail="Message not found"
237: return status_info

## app/api/v2/messages/helpers.py exists=True
12: from fastapi import HTTPException, status, Cookie, Depends
24: from app.api.v2.patients_shared_helpers import extract_user_context_sync
40: status_code=status.HTTP_401_UNAUTHORIZED,
50: def _extract_user_context(current_user) -> Tuple[Optional[UserRole], Optional[str]]:
52: return extract_user_context_sync(current_user)
66: status_code=status.HTTP_400_BAD_REQUEST,
73: status_code=status.HTTP_404_NOT_FOUND,
77: role_enum, user_id = _extract_user_context(current_user)
78: if role_enum != UserRole.ADMIN and str(patient.doctor_id) != user_id:
80: status_code=status.HTTP_403_FORBIDDEN,
93: status_code=status.HTTP_400_BAD_REQUEST, detail="Invalid message ID format"
106: message = message_service.get_message(msg_uuid)
110: status_code=status.HTTP_404_NOT_FOUND, detail="Message not found"
113: role_enum, user_id = _extract_user_context(current_user)
116: if not patient or str(patient.doctor_id) != user_id:
118: status_code=status.HTTP_403_FORBIDDEN, detail="Access denied"
158: role_enum, _ = _extract_user_context(current_user)
177: "status": message.status.value
178: if hasattr(message.status, "value")
179: else str(message.status),

## app/api/v2/routers/patients/flow_responses.py exists=True
8: GET /{patient_id}/flow-responses?start_date=...&end_date=...
23: from app.core.authorization import require_doctor_or_admin
28: from app.models.patient_flow_response import PatientFlowResponse
52: "/{patient_id}/flow-responses",
58: @require_doctor_or_admin()
100: select(PatientFlowResponse)
101: .filter(PatientFlowResponse.patient_id == patient_id)
106: stmt = stmt.filter(PatientFlowResponse.responded_at >= start_dt)
110: stmt = stmt.filter(PatientFlowResponse.responded_at <= end_dt)
112: stmt = stmt.order_by(PatientFlowResponse.responded_at.asc())

## app/api/v2/routers/patients/flow_overrides.py exists=True
9: GET  /{patient_id}/flow-overrides  — merged day list
10: PUT  /{patient_id}/flow-overrides  — replace future-day overrides
23: from app.core.authorization import require_doctor_or_admin
43: router = APIRouter(tags=["patient-flow-overrides"])
49: async def _get_active_flow_state(
58: PatientFlowState.status == "active",
66: status_code=404,
167: "/{patient_id}/flow-overrides",
175: @require_doctor_or_admin()
193: flow_state = await _get_active_flow_state(patient_id, db)
198: "/{patient_id}/flow-overrides",
206: @require_doctor_or_admin()
226: flow_state = await _get_active_flow_state(patient_id, db)
235: status_code=400,
258: created_by=current_user.id,

## app/utils/auth_helpers.py exists=True
19: def extract_user_context(current_user: Any) -> Tuple[Optional[UserRole], Optional[str]]:
64: role_enum, _ = extract_user_context(current_user)
85: def extract_user_role_and_uuid(
96: role_enum, user_id = extract_user_context(current_user)
105: _, user_id = extract_user_context(current_user)
113: role_enum, _ = extract_user_context(current_user)
121: role_enum, _ = extract_user_context(current_user)
125: def extract_user_role(
133: role_enum, _ = extract_user_context(current_user)
137: def extract_user_id(current_user: Any) -> Optional[str]:
141: _, user_id = extract_user_context(current_user)

## app/api/v2/routers/patients/base.py exists=True
16: from fastapi import Cookie, Depends, HTTPException, status
28: extract_user_context_sync,
82: by_status: Dict[str, int]
107: async def extract_user_context(current_user: Any) -> Tuple[Optional[UserRole], Optional[str]]:
114: return extract_user_context_sync(current_user)
136: async def ensure_patient_access(current_user: Any, patient_doctor_id: UUID) -> None:
149: _, user_id = await extract_user_context(current_user)
152: if user_uuid is None or patient_doctor_id != user_uuid:
154: status_code=status.HTTP_403_FORBIDDEN,
278: "doctor_id": str(getattr(patient, "doctor_id"))
279: if getattr(patient, "doctor_id", None)
335: "status": q.status,
352: async def parse_flow_state_filter(status_filter: str) -> FlowState:
357: status_filter: Status string (e.g., 'active', 'inactive', 'cancelled')
363: HTTPException: If status is invalid
365: status_value = status_filter.strip().lower()
368: status_aliases = {
374: target_state = status_aliases.get(status_value)
377: target_state = FlowState(status_value)
380: status_code=status.HTTP_400_BAD_REQUEST,
381: detail="Invalid status filter. Use active, paused, completed, cancelled or inactive.",
396: "extract_user_context",
400: "ensure_patient_access",

## app/services/idempotent_message_sender.py exists=False

## app/services/whatsapp/idempotent_message_sender.py exists=False
