## .gsd/milestones/M001/slices/S01/tasks/T01-PLAN.md
# T01: Sequential gate context mismatch recovery

**Slice:** S01 — **Milestone:** M001

## Description

Fix silent patient stall when sequential gate encounters a context mismatch.

Purpose: Currently, when `load_response_context` detects a mismatch between the inbound response context and the pending flow state (e.g., wrong flow_day, wrong message_index), it returns `status: "waiting"` with `reason: "context_mismatch"`. The patient stays stuck forever because no recovery mechanism exists. This plan adds a counter-based recovery: after a configurable number of consecutive mismatches, the flow resets `awaiting_response=False` so the daily flow processor can re-send the prompt on the next cycle.

Output: Modified `_flow_response_flow.py` with mismatch counting and auto-reset, helper in `sequential_response_gate.py`, and comprehensive unit tests.

## Must-Haves

- [ ] "When sequential gate encounters a context mismatch, the flow retries with corrected context instead of waiting silently forever"
- [ ] "After MAX_CONTEXT_MISMATCH_RETRIES consecutive mismatches, the flow resets awaiting_response=False and logs a structured warning"
- [ ] "A single mismatch that self-corrects on the next response does not count toward the limit"

## Files

- `backend-hormonia/app/services/flow/_flow_response_flow.py`
- `backend-hormonia/app/services/flow/sequential_response_gate.py`
- `backend-hormonia/app/services/flow/_flow_orchestration_utils.py`
- `backend-hormonia/tests/unit/services/flow/test_sequential_gate_mismatch_recovery.py`

## .gsd/milestones/M001/slices/S01/tasks/T02-PLAN.md
# T02: Outbound message send retry via Celery

**Slice:** S01 — **Milestone:** M001

## Description

Add automatic Celery-based retry with exponential backoff for failed outbound WhatsApp flow messages.

Purpose: Currently, when `_send_flow_message` in `sequencing.py` calls `whatsapp_service.send_message()` and it fails, the method just returns `False`, causing the flow to return `status: "error"`. The patient's flow stalls with no retry. This plan creates a dedicated Celery task `retry_failed_flow_send` that re-attempts delivery with exponential backoff (max 3 attempts), and modifies `_send_flow_message` to enqueue this task on failure instead of silently giving up.

Output: New Celery task `send_retry.py`, modified `sequencing.py`, and tests.

## Must-Haves

- [ ] "When an outbound WhatsApp flow message send fails, a Celery retry task is enqueued automatically"
- [ ] "The retry task uses exponential backoff with jitter (base 60s, factor 2, max 3 attempts)"
- [ ] "After 3 failed attempts, the message is marked as permanently_failed with a structured log and the flow step records the failure"
- [ ] "Successful retry delivers the message and the flow continues normally"

## Files

- `backend-hormonia/app/tasks/flows/send_retry.py`
- `backend-hormonia/app/services/flow/sequential_message_handler_pkg/sequencing.py`
- `backend-hormonia/tests/unit/tasks/test_send_retry_task.py`

## .gsd/milestones/M001/slices/S01/tasks/T03-PLAN.md
# T03: Deferred follow-up retry and atomic day advancement

**Slice:** S01 — **Milestone:** M001

## Description

Ensure deferred follow-up sends are retried on failure and day advancement is atomic and verified.

Purpose: Two related silent-failure paths are fixed: (1) When the follow-up system's MessageExecutor fails to send a deferred message, the failure is swallowed and the follow-up is silently dropped. This plan adds a Celery retry task for follow-up sends. (2) When a flow day completes and the day advancement step fails, the flow can end up in a broken state where day_complete=True but current_step was never incremented. This plan makes day advancement atomic with a verification flag.

Output: New Celery task `followup_retry.py`, modified MessageExecutor, atomic day advancement in sequencing, and tests for both.

## Must-Haves

- [ ] "When a deferred follow-up send fails, it is re-queued via a Celery task instead of being silently dropped"
- [ ] "Day advancement after day_complete is verified: if advance fails, the flow stays at the current day with an error flag instead of silently skipping to a broken state"
- [ ] "The day advancement writes current_step and day_complete atomically in a single DB commit with optimistic locking"

## Files

- `backend-hormonia/app/tasks/flows/followup_retry.py`
- `backend-hormonia/app/services/follow_up_system/execution/message.py`
- `backend-hormonia/app/services/flow/sequential_message_handler_pkg/sequencing.py`
- `backend-hormonia/app/services/flow/management/advancement.py`
- `backend-hormonia/tests/unit/tasks/test_followup_retry_task.py`

## .gsd/milestones/M001/slices/S01/tasks/T04-PLAN.md
# T04: Template day_config validation

**Slice:** S01 — **Milestone:** M001

## Description

Validate template day_config at flow start so malformed configs fail fast with clear errors.

Purpose: Currently, `load_flow_context` in `_flow_message_flow.py` does minimal validation of the day_config returned by `handler._get_day_config()`. It checks if it is a dict, if messages is a list, and if send_mode is valid. But it does not validate the structure of individual messages (e.g., missing `content` field, invalid `expects_response` type) or detect completely empty configs that should not silently skip. This plan creates a dedicated `validate_day_config` function that performs thorough validation and is called early in `load_flow_context`, failing fast with a `DayConfigValidationError` that includes specific details about what is wrong.

Output: New `config_validation.py` module, modified `_flow_message_flow.py` with early validation, and comprehensive tests.

## Must-Haves

- [ ] "When a flow starts with malformed or missing template day_config, it fails immediately with a clear error instead of proceeding with broken config"
- [ ] "The validation error includes the specific field that is malformed (e.g., missing messages, wrong type, invalid send_mode)"
- [ ] "A structured warning log is emitted with patient_id, flow_kind, day_number, and validation errors when day_config fails validation"

## Files

- `backend-hormonia/app/services/flow/config_validation.py`
- `backend-hormonia/app/services/flow/_flow_message_flow.py`
- `backend-hormonia/app/services/flow/sequential_message_handler_pkg/sequencing.py`
- `backend-hormonia/tests/unit/services/flow/test_day_config_validation.py`

## .gsd/milestones/M001/slices/S02/tasks/T01-PLAN.md
# T01: Stuck flow detection and auto-recovery

**Slice:** S02 — **Milestone:** M001

## Description

Detect stuck patient flows automatically and recover them via periodic Celery Beat task.

Purpose: Patients whose flows are stuck in `awaiting_response` for hours are currently invisible. This plan adds a periodic detector that finds them and attempts auto-recovery (re-send prompt or advance day) before the patient or operator notices.

Output: `recovery.py` service module with detection + recovery logic, `stuck_detection.py` Celery task, Beat schedule entry, and configurable settings. Fully tested.

## Must-Haves

- [ ] "A periodic Celery Beat task runs every 15 minutes and identifies patient flows stuck in awaiting_response longer than a configurable threshold"
- [ ] "Stuck flows are automatically recovered by re-sending the last prompt or advancing the day, based on the flow's current step_data state"
- [ ] "Auto-recovery is bounded: after 3 recovery attempts per flow, the flow is flagged for manual intervention instead of retried endlessly"
- [ ] "Recovery operations are idempotent: a concurrent patient response does not cause duplicate messages or state corruption"

## Files

- `backend-hormonia/app/services/flow/recovery.py`
- `backend-hormonia/app/tasks/flows/stuck_detection.py`
- `backend-hormonia/app/tasks/flows/__init__.py`
- `backend-hormonia/app/config/settings/tasks.py`

## .gsd/milestones/M001/slices/S02/tasks/T02-PLAN.md
# T02: Admin flow operations and failed-op visibility

**Slice:** S02 — **Milestone:** M001

## Description

Give administrators manual flow control tools and failed-operations visibility.

Purpose: When auto-recovery is insufficient or operators need to intervene directly, they need API endpoints to reset, advance, or unstick specific patient flows. They also need to see which flows have experienced failures (delivery failures, mismatch resets) to triage proactively.

Output: `flow_ops.py` admin router with 4 endpoints, Pydantic schemas, router registration, and full test coverage.

## Must-Haves

- [ ] "An admin can reset a specific patient flow to clear awaiting_response and mismatch counters via POST /admin-ext/flow-ops/{patient_id}/reset"
- [ ] "An admin can advance a specific patient flow to the next day via POST /admin-ext/flow-ops/{patient_id}/advance"
- [ ] "An admin can unstick a specific patient flow by clearing stuck state and recovery counters via POST /admin-ext/flow-ops/{patient_id}/unstick"
- [ ] "An admin can view failed flow operations (delivery failures, mismatch resets) via GET /admin-ext/flow-ops/failed"
- [ ] "All admin flow operations are audit-logged via AuditService"

## Files

- `backend-hormonia/app/api/v2/routers/admin_extensions/flow_ops.py`
- `backend-hormonia/app/api/v2/routers/admin_extensions/__init__.py`
- `backend-hormonia/app/schemas/v2/admin_extensions.py`

## .gsd/milestones/M001/slices/S03/tasks/T01-PLAN.md
# T01: Flow health summary and stall alerting

**Slice:** S03 — **Milestone:** M001

## Description

Create a flow health API endpoint that returns real-time counts of active, stalled, failed, and completed flows, plus a stall alert mechanism that fires structured logs and optional webhook notifications when patients are stuck.

Purpose: Operators need visibility into pipeline health without querying the database directly. Silent stalls must be surfaced proactively.
Output: Flow health service, admin API endpoint, stall alert logic, and unit tests.

## Must-Haves

- [ ] "GET /admin-ext/flow-health/ returns JSON with active, stalled, failed, and completed flow counts"
- [ ] "Stall alert fires a structured log entry when a patient has not progressed in a configurable time window"
- [ ] "Stall alert optionally sends a webhook POST when FLOW_STALL_ALERT_WEBHOOK_URL is configured"
- [ ] "Stall detection threshold is configurable via TASK_FLOW_STALL_ALERT_HOURS env var"

## Files

- `backend-hormonia/app/api/v2/routers/admin_extensions/flow_health.py`
- `backend-hormonia/app/api/v2/routers/admin_extensions/__init__.py`
- `backend-hormonia/app/schemas/v2/admin_extensions.py`
- `backend-hormonia/app/services/flow/health.py`
- `backend-hormonia/app/config/settings/tasks.py`

## .gsd/milestones/M001/slices/S03/tasks/T02-PLAN.md
# T02: Correlation propagation and AI fallback metrics

**Slice:** S03 — **Milestone:** M001

## Description

Track AI personalization fallback rate via a Prometheus counter and propagate a correlation ID from webhook entry through every processing step so operators can trace a single patient message through the entire pipeline.

Purpose: Silent AI fallback degrades patient experience without visibility. Operators need to trace any message through webhook -> gate -> continuation -> send to debug issues.
Output: Prometheus counter for fallback rate, correlation ID generation at webhook entry, propagation through processing chain, and unit tests.

## Must-Haves

- [ ] "Every AI personalization fallback increments the ai_personalization_fallback_total Prometheus counter with a reason label"
- [ ] "A correlation ID is generated at WuzAPI webhook entry and set in the correlation_id ContextVar"
- [ ] "The correlation ID appears in structured logs at every processing step: webhook handler, sequential gate, response flow, message flow, and send"
- [ ] "Correlation ID propagates through the chain: webhook entry -> message handler -> gate evaluation -> continuation -> send"

## Files

- `backend-hormonia/app/services/flow/metrics.py`
- `backend-hormonia/app/services/flow/sequential_message_handler_pkg/personalization.py`
- `backend-hormonia/app/integrations/wuzapi/webhook.py`
- `backend-hormonia/app/services/webhook/handlers/message_handler.py`
- `backend-hormonia/app/services/flow/_flow_response_flow.py`

## .gsd/milestones/M001/slices/S04/tasks/T01-PLAN.md
# T01: End-to-end pipeline integration tests

**Slice:** S04 — **Milestone:** M001

## Description

Create integration tests that exercise the full pipeline from webhook arrival through sequential gate, continuation dispatch, and next question send.

Purpose: Prove the pipeline built in Phases 50-52 works as an integrated chain under both happy-path and failure conditions, catching integration bugs that unit tests with mocks cannot.
Output: `tests/integration/test_flow_pipeline_e2e.py` with focused integration tests for the pipeline chain.

## Must-Haves

- [ ] "Integration test exercises webhook arrival through sequential gate evaluation to continuation dispatch"
- [ ] "Integration test exercises continuation dispatch through next question send via sequential message handler"
- [ ] "Integration test verifies correlation ID propagates from webhook entry through all processing stages"
- [ ] "Integration test verifies day config validation rejects malformed config at flow start"
- [ ] "All pipeline integration tests pass in a single pytest run"

## Files

- `backend-hormonia/tests/integration/test_flow_pipeline_e2e.py`
- `backend-hormonia/pyproject.toml`

## .gsd/milestones/M001/slices/S04/tasks/T02-PLAN.md
# T02: Recovery and retry integration tests

**Slice:** S04 — **Milestone:** M001

## Description

Create integration tests that exercise stuck flow detection and auto-recovery, failed outbound send retry mechanics, and deferred follow-up retry behavior.

Purpose: Prove that the recovery and retry infrastructure built in Phases 50-51 works as integrated chains -- stuck flows get detected and recovered, failed sends get retried with backoff, and exhausted retries surface permanent failures.
Output: `tests/integration/test_flow_recovery_retry_e2e.py` with focused integration tests for recovery and retry paths.

## Must-Haves

- [ ] "Integration test exercises stuck flow detection identifying a flow stuck in awaiting_response beyond the threshold"
- [ ] "Integration test exercises auto-recovery attempting prompt resend for a stuck flow and verifying the flow progresses"
- [ ] "Integration test exercises auto-recovery selecting day advancement when day_complete is true but unverified"
- [ ] "Integration test exercises failed outbound send triggering the Celery retry task and verifying eventual delivery on retry success"
- [ ] "Integration test exercises retry exhaustion marking the send as permanently failed with failure metadata in flow state"
- [ ] "Integration test exercises deferred follow-up retry after initial execution failure"
- [ ] "All recovery and retry integration tests pass in a single pytest run"

## Files

- `backend-hormonia/tests/integration/test_flow_recovery_retry_e2e.py`

