## backend-hormonia/app/api/v2/routers/messages.py
8: import threading
10: from fastapi import APIRouter, Depends, HTTPException, Query, Request, BackgroundTasks, Body, status
52: _test_send_rate_lock = threading.Lock()
84:             raise HTTPException(status_code=429, detail="Rate limit exceeded")
181:             status_code=status.HTTP_403_FORBIDDEN,
207: def _map_status_to_v1(status_v2: MessageStatusV2) -> MessageStatus:
217:     return mapping.get(status_v2, MessageStatus.PENDING)
220: def _map_status_to_v2(status_v1: MessageStatus) -> MessageStatusV2:
231:     return mapping.get(status_v1, MessageStatusV2.PENDING)
247:         "status": _map_status_to_v2(message.status).value,
252:         "read_at": message.read_at,
255:         "retry_count": message.retry_count or 0,
263:     if message.delivered_at and message.read_at:
264:         data["read_time_seconds"] = (
265:             message.read_at - message.delivered_at
285:     status: Optional[MessageStatusV2] = Query(None),
301:                 raise HTTPException(status_code=400, detail="Invalid cursor format")
312:         if status:
313:             criteria.append(Message.status == _map_status_to_v1(status))
326:                     status_code=400, detail="Invalid patient_id UUID format"
343:             status=status,
354:             logger.debug(f"Cache read failed (non-critical): {cache_err}")
421:         raise HTTPException(status_code=500)
457:         read_count=0,
460:         read_rate=0.0,
466: @router.post("/retry-failed")
467: async def retry_failed_messages(
485:         "total_retryable": 0,
489: @router.get("/status/{status}")
490: async def list_messages_by_status(
492:     status: str,
513:         "status_counts": {},
553:     raise HTTPException(status_code=501, detail="Not implemented")
556: @router.post("/templates")
562:     raise HTTPException(status_code=501, detail="Not implemented")
565: @router.put("/templates/{template_id}")
572:     raise HTTPException(status_code=501, detail="Not implemented")
575: @router.delete("/templates/{template_id}")
581:     raise HTTPException(status_code=501, detail="Not implemented")
584: @router.post("/inbound", status_code=201)
593:         raise HTTPException(status_code=422, detail="patient_phone is required")
595:         raise HTTPException(status_code=422, detail="content is required")
599: @router.post("/bulk/send", response_model=BulkMessageV2Response, status_code=201)
601: async def bulk_send_messages(
606:     _enforce_test_rate_limit(request, current_user, scope="bulk_send", limit=10)
657:     unread_map: Dict[UUID, int] = {}
659:         unread_result = await db.execute(
664:                 Message.read_at.is_(None),
668:         unread_map = {
669:             patient_uuid: count for patient_uuid, count in unread_result.all()
673:     total_unread = 0
676:         unread_count = unread_map.get(message.patient_id, 0)
677:         total_unread += unread_count
689:                 "unread_count": unread_count,
700:         "total_unread": total_unread,
704: @router.get("/conversations/{patient_id}/unread")
705: async def get_conversation_unread_count(
714:         raise HTTPException(status_code=400, detail="Invalid patient_id UUID format")
722:             Message.read_at.is_(None),
725:     unread_count = result.scalar_one() or 0
726:     return {"count": unread_count}
729: @router.post("/conversations/{patient_id}/mark-read")
730: async def mark_conversation_read(
740:         raise HTTPException(status_code=400, detail="Invalid patient_id UUID format")
747:             Message.read_at.is_(None),
750:             read_at=now_sao_paulo(),
751:             status=MessageStatus.READ,
797:         raise HTTPException(status_code=400, detail="Invalid message ID UUID format")
805:         raise HTTPException(status_code=404)
823:         logger.debug(f"Cache read failed (non-critical): {cache_err}")
837: @router.post("", response_model=MessageV2Response, status_code=201)
838: @router.post("/send", response_model=MessageV2Response, status_code=201, include_in_schema=False)
853:         raise HTTPException(status_code=400, detail="Invalid patient_id UUID format")
858:             status_code=400,
865:         raise HTTPException(status_code=404)
882:         status=MessageStatus.PENDING,
908: @router.patch("/{id}/read", response_model=MessageV2Response)
910: async def mark_message_as_read(
920:         raise HTTPException(status_code=400, detail="Invalid message ID UUID format")
925:         raise HTTPException(status_code=404)
927:     if msg.status not in [MessageStatus.DELIVERED, MessageStatus.SENT]:
928:         raise HTTPException(status_code=400, detail="Cannot mark as read")
930:     msg.status = MessageStatus.READ
931:     msg.read_at = now_sao_paulo()
944: @router.delete("/{id}", status_code=204)
956:         raise HTTPException(status_code=400, detail="Invalid message ID UUID format")
961:         raise HTTPException(status_code=404)
963:     if msg.status not in [MessageStatus.PENDING, MessageStatus.SCHEDULED]:
964:         raise HTTPException(status_code=400, detail="Cannot delete sent message")
966:     msg.status = MessageStatus.CANCELLED
990:         raise HTTPException(status_code=400, detail="Invalid patient_id UUID format")
1001:             raise HTTPException(status_code=400, detail="Invalid cursor format")
1017:         logger.debug(f"Cache read failed (non-critical): {cache_err}")
1065: @router.post("/bulk", response_model=BulkMessageV2Response, status_code=201)
1067: async def send_bulk_messages(
1069:     bulk_data: BulkMessageV2Request,
1074:     if not bulk_data.patient_ids or len(bulk_data.patient_ids) > 1000:
1075:         raise HTTPException(status_code=400)
1078:         f"{now_sao_paulo()}:{len(bulk_data.patient_ids)}".encode()
1081:     # In a real refactor, this loop should be pushed to a Service method "process_bulk"
1086:         "scheduled_count": len(bulk_data.patient_ids),  # Mock

## backend-hormonia/tests/api/v2/security_boundary_helpers.py
48:     """Create Doctor A/B, Admin, Patient A/B, and one unread message per patient."""
83:         content="Doctor A readable boundary message",
84:         status=MessageStatus.DELIVERED,
91:         status=MessageStatus.DELIVERED,

## backend-hormonia/tests/api/v2/test_messages.py
39:         assert response.status_code == 200
47:             f"/api/v2/messages?patient_id={test_patient.id}&status=sent&limit=20",
50:         assert response.status_code == 200
59:         assert response.status_code in [200, 404]
73:         assert response.status_code in [200, 201]
94:         assert response.status_code == 429
102:         assert response.status_code == 200
111:         assert response.status_code in [200, 404]
124:         assert response.status_code == 200
126:     def test_get_message_status(self, client: TestClient, auth_headers: dict):
127:         """Test getting message delivery status."""
130:             f"/api/v2/messages/{message_id}/status",
133:         assert response.status_code in [200, 404]
135:     def test_retry_failed_message(self, client: TestClient, auth_headers: dict):
136:         """Test retrying a single failed message."""
139:             f"/api/v2/messages/{message_id}/retry",
142:         assert response.status_code in [200, 404]
144:     def test_retry_all_failed_messages(self, client: TestClient, auth_headers: dict):
145:         """Test retrying all failed messages."""
147:             "/api/v2/messages/retry-failed",
150:         assert response.status_code == 200
158:         assert response.status_code == 200
160:     def test_filter_by_status(self, client: TestClient, auth_headers: dict):
161:         """Test filtering messages by status."""
163:             "/api/v2/messages/status/sent?limit=20",
166:         assert response.status_code == 200
179:         assert response.status_code == 200
195:         assert response.status_code == 200
205:         assert response.status_code == 200
215:         assert response.status_code == 200
217:     def test_conversation_unread_count(self, client: TestClient, auth_headers: dict, test_patient: Patient):
218:         """Test getting unread message count for conversation."""
220:             f"/api/v2/messages/conversations/{test_patient.id}/unread",
223:         assert response.status_code == 200
227:     def test_mark_conversation_read(self, client: TestClient, auth_headers: dict, test_patient: Patient):
228:         """Test marking entire conversation as read."""
230:             f"/api/v2/messages/conversations/{test_patient.id}/mark-read",
233:         assert response.status_code == 200
241:         assert response.status_code == 200
249:     """Test bulk message operations."""
251:     def test_bulk_send_messages(self, client: TestClient, auth_headers: dict):
259:             "/api/v2/messages/bulk/send",
263:         assert response.status_code in [200, 201]
265:     def test_bulk_send_rate_limited(self, client: TestClient, auth_headers: dict):
266:         """Test rate limiting on bulk operations."""
275:                 "/api/v2/messages/bulk/send",
279:         assert response.status_code == 429
281:     def test_bulk_send_validation(self, client: TestClient, auth_headers: dict):
282:         """Test validation on bulk operations."""
289:             "/api/v2/messages/bulk/send",
293:         assert response.status_code == 422
309:         assert response.status_code == 200
320:         assert response.status_code == 501
330:         assert response.status_code == 501
341:         assert response.status_code == 501
350:         assert response.status_code == 501
373:         assert response.status_code in [200, 201]
387:         assert response.status_code == 422
402:         assert response.status_code in [200, 201]
418:         assert response.status_code == 200
423:             "/api/v2/messages/search?q=test&status=sent&type=text",
426:         assert response.status_code == 200
434:         assert response.status_code == 200
457:         assert response.status_code == 200
470:         assert response.status_code == 200
484:         assert response1.status_code == response2.status_code == 200
492:     """Test message status tracking and updates."""
494:     def test_message_status_enum_values(self):
495:         """Test all message status values."""
496:         valid_statuses = ['pending', 'sent', 'delivered', 'read', 'failed']
497:         for status in valid_statuses:
498:             assert status in [s.value for s in MessageStatus]
540:         status=MessageStatus.SENT,

