...F..................................................                   [100%]
=================================== FAILURES ===================================
_______ test_validate_media_url_rejects_malformed_or_unsupported_urls[] ________

url = ''

    @pytest.mark.asyncio
    @pytest.mark.parametrize(
        "url",
        [
            "",
            "   ",
            "/relative/path.jpg",
            "https:///missing-host.jpg",
            "file:///etc/passwd",
            "ftp://example.com/file.jpg",
            "https://user:pass@example.com/file.jpg",
            "https://user@example.com/file.jpg",
            "https://example.com:99999/file.jpg",
            "https://example.com:not-a-port/file.jpg",
        ],
    )
    async def test_validate_media_url_rejects_malformed_or_unsupported_urls(url):
        with pytest.raises(UnsafeMediaUrlError) as exc_info:
            await validate_media_url(url, resolver=resolver_for([PUBLIC_IPV4]))
    
        assert str(exc_info.value) == "Blocked media URL"
>       assert url not in str(exc_info.value)
E       AssertionError: assert '' not in 'Blocked media URL'
E         
E         '' is contained here:
E           Blocked media URL

backend-hormonia/tests/integrations/wuzapi/test_ssrf_guard.py:78: AssertionError
=========================== short test summary info ============================
FAILED backend-hormonia/tests/integrations/wuzapi/test_ssrf_guard.py::test_validate_media_url_rejects_malformed_or_unsupported_urls[]
